The target system is: Darwin -  - aarch64
The host system is: Darwin - 18.0.0 - x86_64
Compiling the C compiler identification source file "CMakeCCompilerId.c" succeeded.
Compiler: /Applications/Xcode.app/Contents/Developer/Toolchains/XcodeDefault.xctoolchain/usr/bin/clang 
Build flags: -Wall;-arch;arm64;-miphoneos-version-min=7.0;-funwind-tables
Id flags: -c 

The output was:
0


Compilation of the C compiler identification source "CMakeCCompilerId.c" produced "CMakeCCompilerId.o"

The C compiler identification is AppleClang, found in "/Users/xiaofeng/ios-libjpeg/ARMv8/CMakeFiles/3.13.0-rc1/CompilerIdC/CMakeCCompilerId.o"

Determining if the C compiler works passed with the following output:
Change Dir: /Users/xiaofeng/ios-libjpeg/ARMv8/CMakeFiles/CMakeTmp

Run Build Command:"/usr/bin/make" "cmTC_8ba41/fast"
/Library/Developer/CommandLineTools/usr/bin/make -f CMakeFiles/cmTC_8ba41.dir/build.make CMakeFiles/cmTC_8ba41.dir/build
Building C object CMakeFiles/cmTC_8ba41.dir/testCCompiler.c.o
/Applications/Xcode.app/Contents/Developer/Toolchains/XcodeDefault.xctoolchain/usr/bin/clang   -Wall -arch arm64 -miphoneos-version-min=7.0 -funwind-tables  -isysroot /Applications/Xcode.app/Contents/Developer/Platforms/iPhoneOS.platform/Developer/SDKs/iPhoneOS.sdk   -o CMakeFiles/cmTC_8ba41.dir/testCCompiler.c.o   -c /Users/xiaofeng/ios-libjpeg/ARMv8/CMakeFiles/CMakeTmp/testCCompiler.c
Linking C executable cmTC_8ba41
/Applications/CMake.app/Contents/bin/cmake -E cmake_link_script CMakeFiles/cmTC_8ba41.dir/link.txt --verbose=1
/Applications/Xcode.app/Contents/Developer/Toolchains/XcodeDefault.xctoolchain/usr/bin/clang -Wall -arch arm64 -miphoneos-version-min=7.0 -funwind-tables  -isysroot /Applications/Xcode.app/Contents/Developer/Platforms/iPhoneOS.platform/Developer/SDKs/iPhoneOS.sdk -Wl,-headerpad_max_install_names   CMakeFiles/cmTC_8ba41.dir/testCCompiler.c.o  -o cmTC_8ba41 


Detecting C compiler ABI info compiled with the following output:
Change Dir: /Users/xiaofeng/ios-libjpeg/ARMv8/CMakeFiles/CMakeTmp

Run Build Command:"/usr/bin/make" "cmTC_0c8c3/fast"
/Library/Developer/CommandLineTools/usr/bin/make -f CMakeFiles/cmTC_0c8c3.dir/build.make CMakeFiles/cmTC_0c8c3.dir/build
Building C object CMakeFiles/cmTC_0c8c3.dir/CMakeCCompilerABI.c.o
/Applications/Xcode.app/Contents/Developer/Toolchains/XcodeDefault.xctoolchain/usr/bin/clang   -Wall -arch arm64 -miphoneos-version-min=7.0 -funwind-tables  -isysroot /Applications/Xcode.app/Contents/Developer/Platforms/iPhoneOS.platform/Developer/SDKs/iPhoneOS.sdk   -o CMakeFiles/cmTC_0c8c3.dir/CMakeCCompilerABI.c.o   -c /Applications/CMake.app/Contents/share/cmake-3.13/Modules/CMakeCCompilerABI.c
Linking C executable cmTC_0c8c3
/Applications/CMake.app/Contents/bin/cmake -E cmake_link_script CMakeFiles/cmTC_0c8c3.dir/link.txt --verbose=1
/Applications/Xcode.app/Contents/Developer/Toolchains/XcodeDefault.xctoolchain/usr/bin/clang -Wall -arch arm64 -miphoneos-version-min=7.0 -funwind-tables  -isysroot /Applications/Xcode.app/Contents/Developer/Platforms/iPhoneOS.platform/Developer/SDKs/iPhoneOS.sdk -Wl,-headerpad_max_install_names  -v -Wl,-v CMakeFiles/cmTC_0c8c3.dir/CMakeCCompilerABI.c.o  -o cmTC_0c8c3 
Apple LLVM version 10.0.0 (clang-1000.11.45.2)
Target: aarch64-apple-darwin18.0.0
Thread model: posix
InstalledDir: /Applications/Xcode.app/Contents/Developer/Toolchains/XcodeDefault.xctoolchain/usr/bin
 "/Applications/Xcode.app/Contents/Developer/Toolchains/XcodeDefault.xctoolchain/usr/bin/ld" -demangle -lto_library /Applications/Xcode.app/Contents/Developer/Toolchains/XcodeDefault.xctoolchain/usr/lib/libLTO.dylib -dynamic -arch arm64 -iphoneos_version_min 7.0.0 -syslibroot /Applications/Xcode.app/Contents/Developer/Platforms/iPhoneOS.platform/Developer/SDKs/iPhoneOS.sdk -o cmTC_0c8c3 -headerpad_max_install_names -v CMakeFiles/cmTC_0c8c3.dir/CMakeCCompilerABI.c.o -lSystem /Applications/Xcode.app/Contents/Developer/Toolchains/XcodeDefault.xctoolchain/usr/lib/clang/10.0.0/lib/darwin/libclang_rt.ios.a
@(#)PROGRAM:ld  PROJECT:ld64-409.12
BUILD 02:04:28 Aug 14 2018
configured to support archs: armv6 armv7 armv7s arm64 i386 x86_64 x86_64h armv6m armv7k armv7m armv7em arm64e arm64_32
Library search paths:
	/Applications/Xcode.app/Contents/Developer/Platforms/iPhoneOS.platform/Developer/SDKs/iPhoneOS.sdk/usr/lib
Framework search paths:
	/Applications/Xcode.app/Contents/Developer/Platforms/iPhoneOS.platform/Developer/SDKs/iPhoneOS.sdk/System/Library/Frameworks/


Parsed C implicit link information from above output:
  link line regex: [^( *|.*[/\])(ld|CMAKE_LINK_STARTFILE-NOTFOUND|([^/\]+-)?ld|collect2)[^/\]*( |$)]
  ignore line: [Change Dir: /Users/xiaofeng/ios-libjpeg/ARMv8/CMakeFiles/CMakeTmp]
  ignore line: []
  ignore line: [Run Build Command:"/usr/bin/make" "cmTC_0c8c3/fast"]
  ignore line: [/Library/Developer/CommandLineTools/usr/bin/make -f CMakeFiles/cmTC_0c8c3.dir/build.make CMakeFiles/cmTC_0c8c3.dir/build]
  ignore line: [Building C object CMakeFiles/cmTC_0c8c3.dir/CMakeCCompilerABI.c.o]
  ignore line: [/Applications/Xcode.app/Contents/Developer/Toolchains/XcodeDefault.xctoolchain/usr/bin/clang   -Wall -arch arm64 -miphoneos-version-min=7.0 -funwind-tables  -isysroot /Applications/Xcode.app/Contents/Developer/Platforms/iPhoneOS.platform/Developer/SDKs/iPhoneOS.sdk   -o CMakeFiles/cmTC_0c8c3.dir/CMakeCCompilerABI.c.o   -c /Applications/CMake.app/Contents/share/cmake-3.13/Modules/CMakeCCompilerABI.c]
  ignore line: [Linking C executable cmTC_0c8c3]
  ignore line: [/Applications/CMake.app/Contents/bin/cmake -E cmake_link_script CMakeFiles/cmTC_0c8c3.dir/link.txt --verbose=1]
  ignore line: [/Applications/Xcode.app/Contents/Developer/Toolchains/XcodeDefault.xctoolchain/usr/bin/clang -Wall -arch arm64 -miphoneos-version-min=7.0 -funwind-tables  -isysroot /Applications/Xcode.app/Contents/Developer/Platforms/iPhoneOS.platform/Developer/SDKs/iPhoneOS.sdk -Wl,-headerpad_max_install_names  -v -Wl,-v CMakeFiles/cmTC_0c8c3.dir/CMakeCCompilerABI.c.o  -o cmTC_0c8c3 ]
  ignore line: [Apple LLVM version 10.0.0 (clang-1000.11.45.2)]
  ignore line: [Target: aarch64-apple-darwin18.0.0]
  ignore line: [Thread model: posix]
  ignore line: [InstalledDir: /Applications/Xcode.app/Contents/Developer/Toolchains/XcodeDefault.xctoolchain/usr/bin]
  link line: [ "/Applications/Xcode.app/Contents/Developer/Toolchains/XcodeDefault.xctoolchain/usr/bin/ld" -demangle -lto_library /Applications/Xcode.app/Contents/Developer/Toolchains/XcodeDefault.xctoolchain/usr/lib/libLTO.dylib -dynamic -arch arm64 -iphoneos_version_min 7.0.0 -syslibroot /Applications/Xcode.app/Contents/Developer/Platforms/iPhoneOS.platform/Developer/SDKs/iPhoneOS.sdk -o cmTC_0c8c3 -headerpad_max_install_names -v CMakeFiles/cmTC_0c8c3.dir/CMakeCCompilerABI.c.o -lSystem /Applications/Xcode.app/Contents/Developer/Toolchains/XcodeDefault.xctoolchain/usr/lib/clang/10.0.0/lib/darwin/libclang_rt.ios.a]
    arg [/Applications/Xcode.app/Contents/Developer/Toolchains/XcodeDefault.xctoolchain/usr/bin/ld] ==> ignore
    arg [-demangle] ==> ignore
    arg [-lto_library] ==> ignore, skip following value
    arg [/Applications/Xcode.app/Contents/Developer/Toolchains/XcodeDefault.xctoolchain/usr/lib/libLTO.dylib] ==> skip value of -lto_library
    arg [-dynamic] ==> ignore
    arg [-arch] ==> ignore
    arg [arm64] ==> ignore
    arg [-iphoneos_version_min] ==> ignore
    arg [7.0.0] ==> ignore
    arg [-syslibroot] ==> ignore
    arg [/Applications/Xcode.app/Contents/Developer/Platforms/iPhoneOS.platform/Developer/SDKs/iPhoneOS.sdk] ==> ignore
    arg [-o] ==> ignore
    arg [cmTC_0c8c3] ==> ignore
    arg [-headerpad_max_install_names] ==> ignore
    arg [-v] ==> ignore
    arg [CMakeFiles/cmTC_0c8c3.dir/CMakeCCompilerABI.c.o] ==> ignore
    arg [-lSystem] ==> lib [System]
    arg [/Applications/Xcode.app/Contents/Developer/Toolchains/XcodeDefault.xctoolchain/usr/lib/clang/10.0.0/lib/darwin/libclang_rt.ios.a] ==> lib [/Applications/Xcode.app/Contents/Developer/Toolchains/XcodeDefault.xctoolchain/usr/lib/clang/10.0.0/lib/darwin/libclang_rt.ios.a]
  Library search paths: [;/Applications/Xcode.app/Contents/Developer/Platforms/iPhoneOS.platform/Developer/SDKs/iPhoneOS.sdk/usr/lib]
  Framework search paths: [;/Applications/Xcode.app/Contents/Developer/Platforms/iPhoneOS.platform/Developer/SDKs/iPhoneOS.sdk/System/Library/Frameworks/]
  remove lib [System]
  remove lib [/Applications/Xcode.app/Contents/Developer/Toolchains/XcodeDefault.xctoolchain/usr/lib/clang/10.0.0/lib/darwin/libclang_rt.ios.a]
  collapse library dir [/Applications/Xcode.app/Contents/Developer/Platforms/iPhoneOS.platform/Developer/SDKs/iPhoneOS.sdk/usr/lib] ==> [/Applications/Xcode.app/Contents/Developer/Platforms/iPhoneOS.platform/Developer/SDKs/iPhoneOS.sdk/usr/lib]
  collapse framework dir [/Applications/Xcode.app/Contents/Developer/Platforms/iPhoneOS.platform/Developer/SDKs/iPhoneOS.sdk/System/Library/Frameworks/] ==> [/Applications/Xcode.app/Contents/Developer/Platforms/iPhoneOS.platform/Developer/SDKs/iPhoneOS.sdk/System/Library/Frameworks]
  implicit libs: []
  implicit dirs: [/Applications/Xcode.app/Contents/Developer/Platforms/iPhoneOS.platform/Developer/SDKs/iPhoneOS.sdk/usr/lib]
  implicit fwks: [/Applications/Xcode.app/Contents/Developer/Platforms/iPhoneOS.platform/Developer/SDKs/iPhoneOS.sdk/System/Library/Frameworks]




Detecting C [-std=c11] compiler features compiled with the following output:
Change Dir: /Users/xiaofeng/ios-libjpeg/ARMv8/CMakeFiles/CMakeTmp

Run Build Command:"/usr/bin/make" "cmTC_017ab/fast"
/Library/Developer/CommandLineTools/usr/bin/make -f CMakeFiles/cmTC_017ab.dir/build.make CMakeFiles/cmTC_017ab.dir/build
Building C object CMakeFiles/cmTC_017ab.dir/feature_tests.c.o
/Applications/Xcode.app/Contents/Developer/Toolchains/XcodeDefault.xctoolchain/usr/bin/clang   -Wall -arch arm64 -miphoneos-version-min=7.0 -funwind-tables  -isysroot /Applications/Xcode.app/Contents/Developer/Platforms/iPhoneOS.platform/Developer/SDKs/iPhoneOS.sdk   -std=c11 -o CMakeFiles/cmTC_017ab.dir/feature_tests.c.o   -c /Users/xiaofeng/ios-libjpeg/ARMv8/CMakeFiles/feature_tests.c
Linking C executable cmTC_017ab
/Applications/CMake.app/Contents/bin/cmake -E cmake_link_script CMakeFiles/cmTC_017ab.dir/link.txt --verbose=1
/Applications/Xcode.app/Contents/Developer/Toolchains/XcodeDefault.xctoolchain/usr/bin/clang -Wall -arch arm64 -miphoneos-version-min=7.0 -funwind-tables  -isysroot /Applications/Xcode.app/Contents/Developer/Platforms/iPhoneOS.platform/Developer/SDKs/iPhoneOS.sdk -Wl,-headerpad_max_install_names   CMakeFiles/cmTC_017ab.dir/feature_tests.c.o  -o cmTC_017ab 


    Feature record: C_FEATURE:1c_function_prototypes
    Feature record: C_FEATURE:1c_restrict
    Feature record: C_FEATURE:1c_static_assert
    Feature record: C_FEATURE:1c_variadic_macros


Detecting C [-std=c99] compiler features compiled with the following output:
Change Dir: /Users/xiaofeng/ios-libjpeg/ARMv8/CMakeFiles/CMakeTmp

Run Build Command:"/usr/bin/make" "cmTC_c5b80/fast"
/Library/Developer/CommandLineTools/usr/bin/make -f CMakeFiles/cmTC_c5b80.dir/build.make CMakeFiles/cmTC_c5b80.dir/build
Building C object CMakeFiles/cmTC_c5b80.dir/feature_tests.c.o
/Applications/Xcode.app/Contents/Developer/Toolchains/XcodeDefault.xctoolchain/usr/bin/clang   -Wall -arch arm64 -miphoneos-version-min=7.0 -funwind-tables  -isysroot /Applications/Xcode.app/Contents/Developer/Platforms/iPhoneOS.platform/Developer/SDKs/iPhoneOS.sdk   -std=c99 -o CMakeFiles/cmTC_c5b80.dir/feature_tests.c.o   -c /Users/xiaofeng/ios-libjpeg/ARMv8/CMakeFiles/feature_tests.c
Linking C executable cmTC_c5b80
/Applications/CMake.app/Contents/bin/cmake -E cmake_link_script CMakeFiles/cmTC_c5b80.dir/link.txt --verbose=1
/Applications/Xcode.app/Contents/Developer/Toolchains/XcodeDefault.xctoolchain/usr/bin/clang -Wall -arch arm64 -miphoneos-version-min=7.0 -funwind-tables  -isysroot /Applications/Xcode.app/Contents/Developer/Platforms/iPhoneOS.platform/Developer/SDKs/iPhoneOS.sdk -Wl,-headerpad_max_install_names   CMakeFiles/cmTC_c5b80.dir/feature_tests.c.o  -o cmTC_c5b80 


    Feature record: C_FEATURE:1c_function_prototypes
    Feature record: C_FEATURE:1c_restrict
    Feature record: C_FEATURE:0c_static_assert
    Feature record: C_FEATURE:1c_variadic_macros


Detecting C [-std=c90] compiler features compiled with the following output:
Change Dir: /Users/xiaofeng/ios-libjpeg/ARMv8/CMakeFiles/CMakeTmp

Run Build Command:"/usr/bin/make" "cmTC_81d3a/fast"
/Library/Developer/CommandLineTools/usr/bin/make -f CMakeFiles/cmTC_81d3a.dir/build.make CMakeFiles/cmTC_81d3a.dir/build
Building C object CMakeFiles/cmTC_81d3a.dir/feature_tests.c.o
/Applications/Xcode.app/Contents/Developer/Toolchains/XcodeDefault.xctoolchain/usr/bin/clang   -Wall -arch arm64 -miphoneos-version-min=7.0 -funwind-tables  -isysroot /Applications/Xcode.app/Contents/Developer/Platforms/iPhoneOS.platform/Developer/SDKs/iPhoneOS.sdk   -std=c90 -o CMakeFiles/cmTC_81d3a.dir/feature_tests.c.o   -c /Users/xiaofeng/ios-libjpeg/ARMv8/CMakeFiles/feature_tests.c
Linking C executable cmTC_81d3a
/Applications/CMake.app/Contents/bin/cmake -E cmake_link_script CMakeFiles/cmTC_81d3a.dir/link.txt --verbose=1
/Applications/Xcode.app/Contents/Developer/Toolchains/XcodeDefault.xctoolchain/usr/bin/clang -Wall -arch arm64 -miphoneos-version-min=7.0 -funwind-tables  -isysroot /Applications/Xcode.app/Contents/Developer/Platforms/iPhoneOS.platform/Developer/SDKs/iPhoneOS.sdk -Wl,-headerpad_max_install_names   CMakeFiles/cmTC_81d3a.dir/feature_tests.c.o  -o cmTC_81d3a 


    Feature record: C_FEATURE:1c_function_prototypes
    Feature record: C_FEATURE:0c_restrict
    Feature record: C_FEATURE:0c_static_assert
    Feature record: C_FEATURE:0c_variadic_macros
Determining if the include file sys/types.h exists passed with the following output:
Change Dir: /Users/xiaofeng/ios-libjpeg/ARMv8/CMakeFiles/CMakeTmp

Run Build Command:"/usr/bin/make" "cmTC_975c4/fast"
/Library/Developer/CommandLineTools/usr/bin/make -f CMakeFiles/cmTC_975c4.dir/build.make CMakeFiles/cmTC_975c4.dir/build
Building C object CMakeFiles/cmTC_975c4.dir/CheckIncludeFile.c.o
/Applications/Xcode.app/Contents/Developer/Toolchains/XcodeDefault.xctoolchain/usr/bin/clang   -Wall -arch arm64 -miphoneos-version-min=7.0 -funwind-tables  -isysroot /Applications/Xcode.app/Contents/Developer/Platforms/iPhoneOS.platform/Developer/SDKs/iPhoneOS.sdk   -o CMakeFiles/cmTC_975c4.dir/CheckIncludeFile.c.o   -c /Users/xiaofeng/ios-libjpeg/ARMv8/CMakeFiles/CMakeTmp/CheckIncludeFile.c
Linking C executable cmTC_975c4
/Applications/CMake.app/Contents/bin/cmake -E cmake_link_script CMakeFiles/cmTC_975c4.dir/link.txt --verbose=1
/Applications/Xcode.app/Contents/Developer/Toolchains/XcodeDefault.xctoolchain/usr/bin/clang -Wall -arch arm64 -miphoneos-version-min=7.0 -funwind-tables  -isysroot /Applications/Xcode.app/Contents/Developer/Platforms/iPhoneOS.platform/Developer/SDKs/iPhoneOS.sdk -Wl,-headerpad_max_install_names   CMakeFiles/cmTC_975c4.dir/CheckIncludeFile.c.o  -o cmTC_975c4 


Determining if the include file stdint.h exists passed with the following output:
Change Dir: /Users/xiaofeng/ios-libjpeg/ARMv8/CMakeFiles/CMakeTmp

Run Build Command:"/usr/bin/make" "cmTC_ce0c3/fast"
/Library/Developer/CommandLineTools/usr/bin/make -f CMakeFiles/cmTC_ce0c3.dir/build.make CMakeFiles/cmTC_ce0c3.dir/build
Building C object CMakeFiles/cmTC_ce0c3.dir/CheckIncludeFile.c.o
/Applications/Xcode.app/Contents/Developer/Toolchains/XcodeDefault.xctoolchain/usr/bin/clang   -Wall -arch arm64 -miphoneos-version-min=7.0 -funwind-tables  -isysroot /Applications/Xcode.app/Contents/Developer/Platforms/iPhoneOS.platform/Developer/SDKs/iPhoneOS.sdk   -o CMakeFiles/cmTC_ce0c3.dir/CheckIncludeFile.c.o   -c /Users/xiaofeng/ios-libjpeg/ARMv8/CMakeFiles/CMakeTmp/CheckIncludeFile.c
Linking C executable cmTC_ce0c3
/Applications/CMake.app/Contents/bin/cmake -E cmake_link_script CMakeFiles/cmTC_ce0c3.dir/link.txt --verbose=1
/Applications/Xcode.app/Contents/Developer/Toolchains/XcodeDefault.xctoolchain/usr/bin/clang -Wall -arch arm64 -miphoneos-version-min=7.0 -funwind-tables  -isysroot /Applications/Xcode.app/Contents/Developer/Platforms/iPhoneOS.platform/Developer/SDKs/iPhoneOS.sdk -Wl,-headerpad_max_install_names   CMakeFiles/cmTC_ce0c3.dir/CheckIncludeFile.c.o  -o cmTC_ce0c3 


Determining if the include file stddef.h exists passed with the following output:
Change Dir: /Users/xiaofeng/ios-libjpeg/ARMv8/CMakeFiles/CMakeTmp

Run Build Command:"/usr/bin/make" "cmTC_5efef/fast"
/Library/Developer/CommandLineTools/usr/bin/make -f CMakeFiles/cmTC_5efef.dir/build.make CMakeFiles/cmTC_5efef.dir/build
Building C object CMakeFiles/cmTC_5efef.dir/CheckIncludeFile.c.o
/Applications/Xcode.app/Contents/Developer/Toolchains/XcodeDefault.xctoolchain/usr/bin/clang   -Wall -arch arm64 -miphoneos-version-min=7.0 -funwind-tables  -isysroot /Applications/Xcode.app/Contents/Developer/Platforms/iPhoneOS.platform/Developer/SDKs/iPhoneOS.sdk   -o CMakeFiles/cmTC_5efef.dir/CheckIncludeFile.c.o   -c /Users/xiaofeng/ios-libjpeg/ARMv8/CMakeFiles/CMakeTmp/CheckIncludeFile.c
Linking C executable cmTC_5efef
/Applications/CMake.app/Contents/bin/cmake -E cmake_link_script CMakeFiles/cmTC_5efef.dir/link.txt --verbose=1
/Applications/Xcode.app/Contents/Developer/Toolchains/XcodeDefault.xctoolchain/usr/bin/clang -Wall -arch arm64 -miphoneos-version-min=7.0 -funwind-tables  -isysroot /Applications/Xcode.app/Contents/Developer/Platforms/iPhoneOS.platform/Developer/SDKs/iPhoneOS.sdk -Wl,-headerpad_max_install_names   CMakeFiles/cmTC_5efef.dir/CheckIncludeFile.c.o  -o cmTC_5efef 


Determining size of size_t passed with the following output:
Change Dir: /Users/xiaofeng/ios-libjpeg/ARMv8/CMakeFiles/CMakeTmp

Run Build Command:"/usr/bin/make" "cmTC_f8d40/fast"
/Library/Developer/CommandLineTools/usr/bin/make -f CMakeFiles/cmTC_f8d40.dir/build.make CMakeFiles/cmTC_f8d40.dir/build
Building C object CMakeFiles/cmTC_f8d40.dir/SIZE_T.c.o
/Applications/Xcode.app/Contents/Developer/Toolchains/XcodeDefault.xctoolchain/usr/bin/clang   -Wall -arch arm64 -miphoneos-version-min=7.0 -funwind-tables  -isysroot /Applications/Xcode.app/Contents/Developer/Platforms/iPhoneOS.platform/Developer/SDKs/iPhoneOS.sdk   -o CMakeFiles/cmTC_f8d40.dir/SIZE_T.c.o   -c /Users/xiaofeng/ios-libjpeg/ARMv8/CMakeFiles/CheckTypeSize/SIZE_T.c
Linking C executable cmTC_f8d40
/Applications/CMake.app/Contents/bin/cmake -E cmake_link_script CMakeFiles/cmTC_f8d40.dir/link.txt --verbose=1
/Applications/Xcode.app/Contents/Developer/Toolchains/XcodeDefault.xctoolchain/usr/bin/clang -Wall -arch arm64 -miphoneos-version-min=7.0 -funwind-tables  -isysroot /Applications/Xcode.app/Contents/Developer/Platforms/iPhoneOS.platform/Developer/SDKs/iPhoneOS.sdk -Wl,-headerpad_max_install_names   CMakeFiles/cmTC_f8d40.dir/SIZE_T.c.o  -o cmTC_f8d40 


Determining size of unsigned long passed with the following output:
Change Dir: /Users/xiaofeng/ios-libjpeg/ARMv8/CMakeFiles/CMakeTmp

Run Build Command:"/usr/bin/make" "cmTC_a166f/fast"
/Library/Developer/CommandLineTools/usr/bin/make -f CMakeFiles/cmTC_a166f.dir/build.make CMakeFiles/cmTC_a166f.dir/build
Building C object CMakeFiles/cmTC_a166f.dir/UNSIGNED_LONG.c.o
/Applications/Xcode.app/Contents/Developer/Toolchains/XcodeDefault.xctoolchain/usr/bin/clang   -Wall -arch arm64 -miphoneos-version-min=7.0 -funwind-tables  -isysroot /Applications/Xcode.app/Contents/Developer/Platforms/iPhoneOS.platform/Developer/SDKs/iPhoneOS.sdk   -o CMakeFiles/cmTC_a166f.dir/UNSIGNED_LONG.c.o   -c /Users/xiaofeng/ios-libjpeg/ARMv8/CMakeFiles/CheckTypeSize/UNSIGNED_LONG.c
Linking C executable cmTC_a166f
/Applications/CMake.app/Contents/bin/cmake -E cmake_link_script CMakeFiles/cmTC_a166f.dir/link.txt --verbose=1
/Applications/Xcode.app/Contents/Developer/Toolchains/XcodeDefault.xctoolchain/usr/bin/clang -Wall -arch arm64 -miphoneos-version-min=7.0 -funwind-tables  -isysroot /Applications/Xcode.app/Contents/Developer/Platforms/iPhoneOS.platform/Developer/SDKs/iPhoneOS.sdk -Wl,-headerpad_max_install_names   CMakeFiles/cmTC_a166f.dir/UNSIGNED_LONG.c.o  -o cmTC_a166f 


Performing C SOURCE FILE Test HAVE_BUILTIN_CTZL succeeded with the following output:
Change Dir: /Users/xiaofeng/ios-libjpeg/ARMv8/CMakeFiles/CMakeTmp

Run Build Command:"/usr/bin/make" "cmTC_fa21e/fast"
/Library/Developer/CommandLineTools/usr/bin/make -f CMakeFiles/cmTC_fa21e.dir/build.make CMakeFiles/cmTC_fa21e.dir/build
Building C object CMakeFiles/cmTC_fa21e.dir/src.c.o
/Applications/Xcode.app/Contents/Developer/Toolchains/XcodeDefault.xctoolchain/usr/bin/clang   -Wall -arch arm64 -miphoneos-version-min=7.0 -funwind-tables -DHAVE_BUILTIN_CTZL -isysroot /Applications/Xcode.app/Contents/Developer/Platforms/iPhoneOS.platform/Developer/SDKs/iPhoneOS.sdk   -o CMakeFiles/cmTC_fa21e.dir/src.c.o   -c /Users/xiaofeng/ios-libjpeg/ARMv8/CMakeFiles/CMakeTmp/src.c
Linking C executable cmTC_fa21e
/Applications/CMake.app/Contents/bin/cmake -E cmake_link_script CMakeFiles/cmTC_fa21e.dir/link.txt --verbose=1
/Applications/Xcode.app/Contents/Developer/Toolchains/XcodeDefault.xctoolchain/usr/bin/clang -Wall -arch arm64 -miphoneos-version-min=7.0 -funwind-tables -DHAVE_BUILTIN_CTZL -isysroot /Applications/Xcode.app/Contents/Developer/Platforms/iPhoneOS.platform/Developer/SDKs/iPhoneOS.sdk -Wl,-headerpad_max_install_names   CMakeFiles/cmTC_fa21e.dir/src.c.o  -o cmTC_fa21e 

Source file was:
int main(int argc, char **argv) { unsigned long a = argc;  return __builtin_ctzl(a); }
Determining if files locale.h exist passed with the following output:
Change Dir: /Users/xiaofeng/ios-libjpeg/ARMv8/CMakeFiles/CMakeTmp

Run Build Command:"/usr/bin/make" "cmTC_5d9ce/fast"
/Library/Developer/CommandLineTools/usr/bin/make -f CMakeFiles/cmTC_5d9ce.dir/build.make CMakeFiles/cmTC_5d9ce.dir/build
Building C object CMakeFiles/cmTC_5d9ce.dir/HAVE_LOCALE_H.c.o
/Applications/Xcode.app/Contents/Developer/Toolchains/XcodeDefault.xctoolchain/usr/bin/clang   -Wall -arch arm64 -miphoneos-version-min=7.0 -funwind-tables  -isysroot /Applications/Xcode.app/Contents/Developer/Platforms/iPhoneOS.platform/Developer/SDKs/iPhoneOS.sdk   -o CMakeFiles/cmTC_5d9ce.dir/HAVE_LOCALE_H.c.o   -c /Users/xiaofeng/ios-libjpeg/ARMv8/CMakeFiles/CheckIncludeFiles/HAVE_LOCALE_H.c
Linking C executable cmTC_5d9ce
/Applications/CMake.app/Contents/bin/cmake -E cmake_link_script CMakeFiles/cmTC_5d9ce.dir/link.txt --verbose=1
/Applications/Xcode.app/Contents/Developer/Toolchains/XcodeDefault.xctoolchain/usr/bin/clang -Wall -arch arm64 -miphoneos-version-min=7.0 -funwind-tables  -isysroot /Applications/Xcode.app/Contents/Developer/Platforms/iPhoneOS.platform/Developer/SDKs/iPhoneOS.sdk -Wl,-headerpad_max_install_names   CMakeFiles/cmTC_5d9ce.dir/HAVE_LOCALE_H.c.o  -o cmTC_5d9ce 


Determining if files stdlib.h exist passed with the following output:
Change Dir: /Users/xiaofeng/ios-libjpeg/ARMv8/CMakeFiles/CMakeTmp

Run Build Command:"/usr/bin/make" "cmTC_3365c/fast"
/Library/Developer/CommandLineTools/usr/bin/make -f CMakeFiles/cmTC_3365c.dir/build.make CMakeFiles/cmTC_3365c.dir/build
Building C object CMakeFiles/cmTC_3365c.dir/HAVE_STDLIB_H.c.o
/Applications/Xcode.app/Contents/Developer/Toolchains/XcodeDefault.xctoolchain/usr/bin/clang   -Wall -arch arm64 -miphoneos-version-min=7.0 -funwind-tables  -isysroot /Applications/Xcode.app/Contents/Developer/Platforms/iPhoneOS.platform/Developer/SDKs/iPhoneOS.sdk   -o CMakeFiles/cmTC_3365c.dir/HAVE_STDLIB_H.c.o   -c /Users/xiaofeng/ios-libjpeg/ARMv8/CMakeFiles/CheckIncludeFiles/HAVE_STDLIB_H.c
Linking C executable cmTC_3365c
/Applications/CMake.app/Contents/bin/cmake -E cmake_link_script CMakeFiles/cmTC_3365c.dir/link.txt --verbose=1
/Applications/Xcode.app/Contents/Developer/Toolchains/XcodeDefault.xctoolchain/usr/bin/clang -Wall -arch arm64 -miphoneos-version-min=7.0 -funwind-tables  -isysroot /Applications/Xcode.app/Contents/Developer/Platforms/iPhoneOS.platform/Developer/SDKs/iPhoneOS.sdk -Wl,-headerpad_max_install_names   CMakeFiles/cmTC_3365c.dir/HAVE_STDLIB_H.c.o  -o cmTC_3365c 


Determining if files sys/types.h exist passed with the following output:
Change Dir: /Users/xiaofeng/ios-libjpeg/ARMv8/CMakeFiles/CMakeTmp

Run Build Command:"/usr/bin/make" "cmTC_ac4a3/fast"
/Library/Developer/CommandLineTools/usr/bin/make -f CMakeFiles/cmTC_ac4a3.dir/build.make CMakeFiles/cmTC_ac4a3.dir/build
Building C object CMakeFiles/cmTC_ac4a3.dir/NEED_SYS_TYPES_H.c.o
/Applications/Xcode.app/Contents/Developer/Toolchains/XcodeDefault.xctoolchain/usr/bin/clang   -Wall -arch arm64 -miphoneos-version-min=7.0 -funwind-tables  -isysroot /Applications/Xcode.app/Contents/Developer/Platforms/iPhoneOS.platform/Developer/SDKs/iPhoneOS.sdk   -o CMakeFiles/cmTC_ac4a3.dir/NEED_SYS_TYPES_H.c.o   -c /Users/xiaofeng/ios-libjpeg/ARMv8/CMakeFiles/CheckIncludeFiles/NEED_SYS_TYPES_H.c
Linking C executable cmTC_ac4a3
/Applications/CMake.app/Contents/bin/cmake -E cmake_link_script CMakeFiles/cmTC_ac4a3.dir/link.txt --verbose=1
/Applications/Xcode.app/Contents/Developer/Toolchains/XcodeDefault.xctoolchain/usr/bin/clang -Wall -arch arm64 -miphoneos-version-min=7.0 -funwind-tables  -isysroot /Applications/Xcode.app/Contents/Developer/Platforms/iPhoneOS.platform/Developer/SDKs/iPhoneOS.sdk -Wl,-headerpad_max_install_names   CMakeFiles/cmTC_ac4a3.dir/NEED_SYS_TYPES_H.c.o  -o cmTC_ac4a3 


Determining if the memset exist passed with the following output:
Change Dir: /Users/xiaofeng/ios-libjpeg/ARMv8/CMakeFiles/CMakeTmp

Run Build Command:"/usr/bin/make" "cmTC_effd3/fast"
/Library/Developer/CommandLineTools/usr/bin/make -f CMakeFiles/cmTC_effd3.dir/build.make CMakeFiles/cmTC_effd3.dir/build
Building C object CMakeFiles/cmTC_effd3.dir/CheckSymbolExists.c.o
/Applications/Xcode.app/Contents/Developer/Toolchains/XcodeDefault.xctoolchain/usr/bin/clang   -Wall -arch arm64 -miphoneos-version-min=7.0 -funwind-tables  -isysroot /Applications/Xcode.app/Contents/Developer/Platforms/iPhoneOS.platform/Developer/SDKs/iPhoneOS.sdk   -o CMakeFiles/cmTC_effd3.dir/CheckSymbolExists.c.o   -c /Users/xiaofeng/ios-libjpeg/ARMv8/CMakeFiles/CMakeTmp/CheckSymbolExists.c
Linking C executable cmTC_effd3
/Applications/CMake.app/Contents/bin/cmake -E cmake_link_script CMakeFiles/cmTC_effd3.dir/link.txt --verbose=1
/Applications/Xcode.app/Contents/Developer/Toolchains/XcodeDefault.xctoolchain/usr/bin/clang -Wall -arch arm64 -miphoneos-version-min=7.0 -funwind-tables  -isysroot /Applications/Xcode.app/Contents/Developer/Platforms/iPhoneOS.platform/Developer/SDKs/iPhoneOS.sdk -Wl,-headerpad_max_install_names   CMakeFiles/cmTC_effd3.dir/CheckSymbolExists.c.o  -o cmTC_effd3 

File /Users/xiaofeng/ios-libjpeg/ARMv8/CMakeFiles/CMakeTmp/CheckSymbolExists.c:
/* */
#include <string.h>

int main(int argc, char** argv)
{
  (void)argv;
#ifndef memset
  return ((int*)(&memset))[argc];
#else
  (void)argc;
  return 0;
#endif
}

Determining if the memcpy exist passed with the following output:
Change Dir: /Users/xiaofeng/ios-libjpeg/ARMv8/CMakeFiles/CMakeTmp

Run Build Command:"/usr/bin/make" "cmTC_623e8/fast"
/Library/Developer/CommandLineTools/usr/bin/make -f CMakeFiles/cmTC_623e8.dir/build.make CMakeFiles/cmTC_623e8.dir/build
Building C object CMakeFiles/cmTC_623e8.dir/CheckSymbolExists.c.o
/Applications/Xcode.app/Contents/Developer/Toolchains/XcodeDefault.xctoolchain/usr/bin/clang   -Wall -arch arm64 -miphoneos-version-min=7.0 -funwind-tables  -isysroot /Applications/Xcode.app/Contents/Developer/Platforms/iPhoneOS.platform/Developer/SDKs/iPhoneOS.sdk   -o CMakeFiles/cmTC_623e8.dir/CheckSymbolExists.c.o   -c /Users/xiaofeng/ios-libjpeg/ARMv8/CMakeFiles/CMakeTmp/CheckSymbolExists.c
Linking C executable cmTC_623e8
/Applications/CMake.app/Contents/bin/cmake -E cmake_link_script CMakeFiles/cmTC_623e8.dir/link.txt --verbose=1
/Applications/Xcode.app/Contents/Developer/Toolchains/XcodeDefault.xctoolchain/usr/bin/clang -Wall -arch arm64 -miphoneos-version-min=7.0 -funwind-tables  -isysroot /Applications/Xcode.app/Contents/Developer/Platforms/iPhoneOS.platform/Developer/SDKs/iPhoneOS.sdk -Wl,-headerpad_max_install_names   CMakeFiles/cmTC_623e8.dir/CheckSymbolExists.c.o  -o cmTC_623e8 

File /Users/xiaofeng/ios-libjpeg/ARMv8/CMakeFiles/CMakeTmp/CheckSymbolExists.c:
/* */
#include <string.h>

int main(int argc, char** argv)
{
  (void)argv;
#ifndef memcpy
  return ((int*)(&memcpy))[argc];
#else
  (void)argc;
  return 0;
#endif
}

Determining size of unsigned char passed with the following output:
Change Dir: /Users/xiaofeng/ios-libjpeg/ARMv8/CMakeFiles/CMakeTmp

Run Build Command:"/usr/bin/make" "cmTC_aea82/fast"
/Library/Developer/CommandLineTools/usr/bin/make -f CMakeFiles/cmTC_aea82.dir/build.make CMakeFiles/cmTC_aea82.dir/build
Building C object CMakeFiles/cmTC_aea82.dir/UNSIGNED_CHAR.c.o
/Applications/Xcode.app/Contents/Developer/Toolchains/XcodeDefault.xctoolchain/usr/bin/clang   -Wall -arch arm64 -miphoneos-version-min=7.0 -funwind-tables  -isysroot /Applications/Xcode.app/Contents/Developer/Platforms/iPhoneOS.platform/Developer/SDKs/iPhoneOS.sdk   -o CMakeFiles/cmTC_aea82.dir/UNSIGNED_CHAR.c.o   -c /Users/xiaofeng/ios-libjpeg/ARMv8/CMakeFiles/CheckTypeSize/UNSIGNED_CHAR.c
Linking C executable cmTC_aea82
/Applications/CMake.app/Contents/bin/cmake -E cmake_link_script CMakeFiles/cmTC_aea82.dir/link.txt --verbose=1
/Applications/Xcode.app/Contents/Developer/Toolchains/XcodeDefault.xctoolchain/usr/bin/clang -Wall -arch arm64 -miphoneos-version-min=7.0 -funwind-tables  -isysroot /Applications/Xcode.app/Contents/Developer/Platforms/iPhoneOS.platform/Developer/SDKs/iPhoneOS.sdk -Wl,-headerpad_max_install_names   CMakeFiles/cmTC_aea82.dir/UNSIGNED_CHAR.c.o  -o cmTC_aea82 


Determining size of unsigned short passed with the following output:
Change Dir: /Users/xiaofeng/ios-libjpeg/ARMv8/CMakeFiles/CMakeTmp

Run Build Command:"/usr/bin/make" "cmTC_20fd9/fast"
/Library/Developer/CommandLineTools/usr/bin/make -f CMakeFiles/cmTC_20fd9.dir/build.make CMakeFiles/cmTC_20fd9.dir/build
Building C object CMakeFiles/cmTC_20fd9.dir/UNSIGNED_SHORT.c.o
/Applications/Xcode.app/Contents/Developer/Toolchains/XcodeDefault.xctoolchain/usr/bin/clang   -Wall -arch arm64 -miphoneos-version-min=7.0 -funwind-tables  -isysroot /Applications/Xcode.app/Contents/Developer/Platforms/iPhoneOS.platform/Developer/SDKs/iPhoneOS.sdk   -o CMakeFiles/cmTC_20fd9.dir/UNSIGNED_SHORT.c.o   -c /Users/xiaofeng/ios-libjpeg/ARMv8/CMakeFiles/CheckTypeSize/UNSIGNED_SHORT.c
Linking C executable cmTC_20fd9
/Applications/CMake.app/Contents/bin/cmake -E cmake_link_script CMakeFiles/cmTC_20fd9.dir/link.txt --verbose=1
/Applications/Xcode.app/Contents/Developer/Toolchains/XcodeDefault.xctoolchain/usr/bin/clang -Wall -arch arm64 -miphoneos-version-min=7.0 -funwind-tables  -isysroot /Applications/Xcode.app/Contents/Developer/Platforms/iPhoneOS.platform/Developer/SDKs/iPhoneOS.sdk -Wl,-headerpad_max_install_names   CMakeFiles/cmTC_20fd9.dir/UNSIGNED_SHORT.c.o  -o cmTC_20fd9 


Performing C SOURCE FILE Test INCOMPLETE_TYPES succeeded with the following output:
Change Dir: /Users/xiaofeng/ios-libjpeg/ARMv8/CMakeFiles/CMakeTmp

Run Build Command:"/usr/bin/make" "cmTC_918ae/fast"
/Library/Developer/CommandLineTools/usr/bin/make -f CMakeFiles/cmTC_918ae.dir/build.make CMakeFiles/cmTC_918ae.dir/build
Building C object CMakeFiles/cmTC_918ae.dir/src.c.o
/Applications/Xcode.app/Contents/Developer/Toolchains/XcodeDefault.xctoolchain/usr/bin/clang   -Wall -arch arm64 -miphoneos-version-min=7.0 -funwind-tables -DINCOMPLETE_TYPES -isysroot /Applications/Xcode.app/Contents/Developer/Platforms/iPhoneOS.platform/Developer/SDKs/iPhoneOS.sdk   -o CMakeFiles/cmTC_918ae.dir/src.c.o   -c /Users/xiaofeng/ios-libjpeg/ARMv8/CMakeFiles/CMakeTmp/src.c
Linking C executable cmTC_918ae
/Applications/CMake.app/Contents/bin/cmake -E cmake_link_script CMakeFiles/cmTC_918ae.dir/link.txt --verbose=1
/Applications/Xcode.app/Contents/Developer/Toolchains/XcodeDefault.xctoolchain/usr/bin/clang -Wall -arch arm64 -miphoneos-version-min=7.0 -funwind-tables -DINCOMPLETE_TYPES -isysroot /Applications/Xcode.app/Contents/Developer/Platforms/iPhoneOS.platform/Developer/SDKs/iPhoneOS.sdk -Wl,-headerpad_max_install_names   CMakeFiles/cmTC_918ae.dir/src.c.o  -o cmTC_918ae 

Source file was:
int main(void) { typedef struct undefined_structure *undef_struct_ptr;  undef_struct_ptr ptr = 0;  return ptr != 0; }
Performing C SOURCE FILE Test INLINE_WORKS succeeded with the following output:
Change Dir: /Users/xiaofeng/ios-libjpeg/ARMv8/CMakeFiles/CMakeTmp

Run Build Command:"/usr/bin/make" "cmTC_8df50/fast"
/Library/Developer/CommandLineTools/usr/bin/make -f CMakeFiles/cmTC_8df50.dir/build.make CMakeFiles/cmTC_8df50.dir/build
Building C object CMakeFiles/cmTC_8df50.dir/src.c.o
/Applications/Xcode.app/Contents/Developer/Toolchains/XcodeDefault.xctoolchain/usr/bin/clang   -Wall -arch arm64 -miphoneos-version-min=7.0 -funwind-tables -DINLINE_WORKS -isysroot /Applications/Xcode.app/Contents/Developer/Platforms/iPhoneOS.platform/Developer/SDKs/iPhoneOS.sdk   -o CMakeFiles/cmTC_8df50.dir/src.c.o   -c /Users/xiaofeng/ios-libjpeg/ARMv8/CMakeFiles/CMakeTmp/src.c
Linking C executable cmTC_8df50
/Applications/CMake.app/Contents/bin/cmake -E cmake_link_script CMakeFiles/cmTC_8df50.dir/link.txt --verbose=1
/Applications/Xcode.app/Contents/Developer/Toolchains/XcodeDefault.xctoolchain/usr/bin/clang -Wall -arch arm64 -miphoneos-version-min=7.0 -funwind-tables -DINLINE_WORKS -isysroot /Applications/Xcode.app/Contents/Developer/Platforms/iPhoneOS.platform/Developer/SDKs/iPhoneOS.sdk -Wl,-headerpad_max_install_names   CMakeFiles/cmTC_8df50.dir/src.c.o  -o cmTC_8df50 

Source file was:
__inline__ __attribute__((always_inline)) static int foo(void) { return 0; } int main(void) { return foo(); }
