The target system is: Darwin -  - arm
The host system is: Darwin - 18.2.0 - x86_64
Compiling the C compiler identification source file "CMakeCCompilerId.c" succeeded.
Compiler: /Applications/Xcode.app/Contents/Developer/Toolchains/XcodeDefault.xctoolchain/usr/bin/clang 
Build flags: -mfloat-abi=softfp;-arch;armv7;-miphoneos-version-min=6.0
Id flags: -c 

The output was:
0


Compilation of the C compiler identification source "CMakeCCompilerId.c" produced "CMakeCCompilerId.o"

The C compiler identification is AppleClang, found in "/Users/chenjie/Documents/git/ios-libjpeg/CMakeFiles/3.14.1/CompilerIdC/CMakeCCompilerId.o"

Determining if the C compiler works passed with the following output:
Change Dir: /Users/chenjie/Documents/git/ios-libjpeg/CMakeFiles/CMakeTmp

Run Build Command(s):/usr/bin/make cmTC_b493b/fast 
/Applications/Xcode.app/Contents/Developer/usr/bin/make -f CMakeFiles/cmTC_b493b.dir/build.make CMakeFiles/cmTC_b493b.dir/build
Building C object CMakeFiles/cmTC_b493b.dir/testCCompiler.c.o
/Applications/Xcode.app/Contents/Developer/Toolchains/XcodeDefault.xctoolchain/usr/bin/clang   -mfloat-abi=softfp -arch armv7 -miphoneos-version-min=6.0  -isysroot /Applications/Xcode.app/Contents/Developer/Platforms/iPhoneOS.platform/Developer/SDKs/iPhoneOS.sdk   -o CMakeFiles/cmTC_b493b.dir/testCCompiler.c.o   -c /Users/chenjie/Documents/git/ios-libjpeg/CMakeFiles/CMakeTmp/testCCompiler.c
Linking C executable cmTC_b493b
/usr/local/Cellar/cmake/3.14.1/bin/cmake -E cmake_link_script CMakeFiles/cmTC_b493b.dir/link.txt --verbose=1
/Applications/Xcode.app/Contents/Developer/Toolchains/XcodeDefault.xctoolchain/usr/bin/clang -mfloat-abi=softfp -arch armv7 -miphoneos-version-min=6.0  -isysroot /Applications/Xcode.app/Contents/Developer/Platforms/iPhoneOS.platform/Developer/SDKs/iPhoneOS.sdk -Wl,-headerpad_max_install_names   CMakeFiles/cmTC_b493b.dir/testCCompiler.c.o  -o cmTC_b493b 


Detecting C compiler ABI info compiled with the following output:
Change Dir: /Users/chenjie/Documents/git/ios-libjpeg/CMakeFiles/CMakeTmp

Run Build Command(s):/usr/bin/make cmTC_2666b/fast 
/Applications/Xcode.app/Contents/Developer/usr/bin/make -f CMakeFiles/cmTC_2666b.dir/build.make CMakeFiles/cmTC_2666b.dir/build
Building C object CMakeFiles/cmTC_2666b.dir/CMakeCCompilerABI.c.o
/Applications/Xcode.app/Contents/Developer/Toolchains/XcodeDefault.xctoolchain/usr/bin/clang   -mfloat-abi=softfp -arch armv7 -miphoneos-version-min=6.0  -isysroot /Applications/Xcode.app/Contents/Developer/Platforms/iPhoneOS.platform/Developer/SDKs/iPhoneOS.sdk   -v -Wl,-v -o CMakeFiles/cmTC_2666b.dir/CMakeCCompilerABI.c.o   -c /usr/local/Cellar/cmake/3.14.1/share/cmake/Modules/CMakeCCompilerABI.c
Apple LLVM version 10.0.1 (clang-1001.0.46.3)
Target: arm-apple-darwin18.2.0
Thread model: posix
InstalledDir: /Applications/Xcode.app/Contents/Developer/Toolchains/XcodeDefault.xctoolchain/usr/bin
clang: warning: -Wl,-v: 'linker' input unused [-Wunused-command-line-argument]
 "/Applications/Xcode.app/Contents/Developer/Toolchains/XcodeDefault.xctoolchain/usr/bin/clang" -cc1 -triple thumbv7-apple-ios6.0.0 -emit-obj -mrelax-all -disable-free -disable-llvm-verifier -discard-value-names -main-file-name CMakeCCompilerABI.c -mrelocation-model pic -pic-level 2 -mthread-model posix -mdisable-fp-elim -fno-strict-return -masm-verbose -faligned-alloc-unavailable -target-cpu generic -target-feature +soft-float-abi -target-abi apcs-gnu -mfloat-abi soft -fallow-half-arguments-and-returns -dwarf-column-info -debugger-tuning=lldb -target-linker-version 450.3 -v -coverage-notes-file /Users/chenjie/Documents/git/ios-libjpeg/CMakeFiles/CMakeTmp/CMakeFiles/cmTC_2666b.dir/CMakeCCompilerABI.c.gcno -resource-dir /Applications/Xcode.app/Contents/Developer/Toolchains/XcodeDefault.xctoolchain/usr/lib/clang/10.0.1 -isysroot /Applications/Xcode.app/Contents/Developer/Platforms/iPhoneOS.platform/Developer/SDKs/iPhoneOS.sdk -Wno-atomic-implicit-seq-cst -Wno-framework-include-private-from-public -Wno-atimport-in-framework-header -Wno-quoted-include-in-framework-header -fdebug-compilation-dir /Users/chenjie/Documents/git/ios-libjpeg/CMakeFiles/CMakeTmp -ferror-limit 19 -fmessage-length 0 -stack-protector 1 -fblocks -fencode-extended-block-signature -fregister-global-dtors-with-atexit -fobjc-runtime=ios-6.0.0 -fsjlj-exceptions -fmax-type-align=16 -fdiagnostics-show-option -o CMakeFiles/cmTC_2666b.dir/CMakeCCompilerABI.c.o -x c /usr/local/Cellar/cmake/3.14.1/share/cmake/Modules/CMakeCCompilerABI.c
clang -cc1 version 10.0.1 (clang-1001.0.46.3) default target x86_64-apple-darwin18.2.0
ignoring nonexistent directory "/Applications/Xcode.app/Contents/Developer/Platforms/iPhoneOS.platform/Developer/SDKs/iPhoneOS.sdk/usr/local/include"
ignoring nonexistent directory "/Applications/Xcode.app/Contents/Developer/Platforms/iPhoneOS.platform/Developer/SDKs/iPhoneOS.sdk/Library/Frameworks"
#include "..." search starts here:
#include <...> search starts here:
 /Applications/Xcode.app/Contents/Developer/Toolchains/XcodeDefault.xctoolchain/usr/lib/clang/10.0.1/include
 /Applications/Xcode.app/Contents/Developer/Toolchains/XcodeDefault.xctoolchain/usr/include
 /Applications/Xcode.app/Contents/Developer/Platforms/iPhoneOS.platform/Developer/SDKs/iPhoneOS.sdk/usr/include
 /Applications/Xcode.app/Contents/Developer/Platforms/iPhoneOS.platform/Developer/SDKs/iPhoneOS.sdk/System/Library/Frameworks (framework directory)
End of search list.
Linking C executable cmTC_2666b
/usr/local/Cellar/cmake/3.14.1/bin/cmake -E cmake_link_script CMakeFiles/cmTC_2666b.dir/link.txt --verbose=1
/Applications/Xcode.app/Contents/Developer/Toolchains/XcodeDefault.xctoolchain/usr/bin/clang -mfloat-abi=softfp -arch armv7 -miphoneos-version-min=6.0  -isysroot /Applications/Xcode.app/Contents/Developer/Platforms/iPhoneOS.platform/Developer/SDKs/iPhoneOS.sdk -Wl,-headerpad_max_install_names  -v -Wl,-v CMakeFiles/cmTC_2666b.dir/CMakeCCompilerABI.c.o  -o cmTC_2666b 
Apple LLVM version 10.0.1 (clang-1001.0.46.3)
Target: arm-apple-darwin18.2.0
Thread model: posix
InstalledDir: /Applications/Xcode.app/Contents/Developer/Toolchains/XcodeDefault.xctoolchain/usr/bin
 "/Applications/Xcode.app/Contents/Developer/Toolchains/XcodeDefault.xctoolchain/usr/bin/ld" -demangle -lto_library /Applications/Xcode.app/Contents/Developer/Toolchains/XcodeDefault.xctoolchain/usr/lib/libLTO.dylib -dynamic -arch armv7 -iphoneos_version_min 6.0.0 -syslibroot /Applications/Xcode.app/Contents/Developer/Platforms/iPhoneOS.platform/Developer/SDKs/iPhoneOS.sdk -o cmTC_2666b -headerpad_max_install_names -v CMakeFiles/cmTC_2666b.dir/CMakeCCompilerABI.c.o -lSystem /Applications/Xcode.app/Contents/Developer/Toolchains/XcodeDefault.xctoolchain/usr/lib/clang/10.0.1/lib/darwin/libclang_rt.ios.a
@(#)PROGRAM:ld  PROJECT:ld64-450.3
BUILD 18:01:43 Mar 13 2019
configured to support archs: armv6 armv7 armv7s arm64 arm64e arm64_32 i386 x86_64 x86_64h armv6m armv7k armv7m armv7em
Library search paths:
	/Applications/Xcode.app/Contents/Developer/Platforms/iPhoneOS.platform/Developer/SDKs/iPhoneOS.sdk/usr/lib
Framework search paths:
	/Applications/Xcode.app/Contents/Developer/Platforms/iPhoneOS.platform/Developer/SDKs/iPhoneOS.sdk/System/Library/Frameworks/


Parsed C implicit include dir info from above output: rv=done
  found start of include info
  found start of implicit include info
    add: [/Applications/Xcode.app/Contents/Developer/Toolchains/XcodeDefault.xctoolchain/usr/lib/clang/10.0.1/include]
    add: [/Applications/Xcode.app/Contents/Developer/Toolchains/XcodeDefault.xctoolchain/usr/include]
    add: [/Applications/Xcode.app/Contents/Developer/Platforms/iPhoneOS.platform/Developer/SDKs/iPhoneOS.sdk/usr/include]
  end of search list found
  collapse include dir [/Applications/Xcode.app/Contents/Developer/Toolchains/XcodeDefault.xctoolchain/usr/lib/clang/10.0.1/include] ==> [/Applications/Xcode.app/Contents/Developer/Toolchains/XcodeDefault.xctoolchain/usr/lib/clang/10.0.1/include]
  collapse include dir [/Applications/Xcode.app/Contents/Developer/Toolchains/XcodeDefault.xctoolchain/usr/include] ==> [/Applications/Xcode.app/Contents/Developer/Toolchains/XcodeDefault.xctoolchain/usr/include]
  collapse include dir [/Applications/Xcode.app/Contents/Developer/Platforms/iPhoneOS.platform/Developer/SDKs/iPhoneOS.sdk/usr/include] ==> [/Applications/Xcode.app/Contents/Developer/Platforms/iPhoneOS.platform/Developer/SDKs/iPhoneOS.sdk/usr/include]
  implicit include dirs: [/Applications/Xcode.app/Contents/Developer/Toolchains/XcodeDefault.xctoolchain/usr/lib/clang/10.0.1/include;/Applications/Xcode.app/Contents/Developer/Toolchains/XcodeDefault.xctoolchain/usr/include;/Applications/Xcode.app/Contents/Developer/Platforms/iPhoneOS.platform/Developer/SDKs/iPhoneOS.sdk/usr/include]


Parsed C implicit link information from above output:
  link line regex: [^( *|.*[/\])(ld|CMAKE_LINK_STARTFILE-NOTFOUND|([^/\]+-)?ld|collect2)[^/\]*( |$)]
  ignore line: [Change Dir: /Users/chenjie/Documents/git/ios-libjpeg/CMakeFiles/CMakeTmp]
  ignore line: []
  ignore line: [Run Build Command(s):/usr/bin/make cmTC_2666b/fast ]
  ignore line: [/Applications/Xcode.app/Contents/Developer/usr/bin/make -f CMakeFiles/cmTC_2666b.dir/build.make CMakeFiles/cmTC_2666b.dir/build]
  ignore line: [Building C object CMakeFiles/cmTC_2666b.dir/CMakeCCompilerABI.c.o]
  ignore line: [/Applications/Xcode.app/Contents/Developer/Toolchains/XcodeDefault.xctoolchain/usr/bin/clang   -mfloat-abi=softfp -arch armv7 -miphoneos-version-min=6.0  -isysroot /Applications/Xcode.app/Contents/Developer/Platforms/iPhoneOS.platform/Developer/SDKs/iPhoneOS.sdk   -v -Wl,-v -o CMakeFiles/cmTC_2666b.dir/CMakeCCompilerABI.c.o   -c /usr/local/Cellar/cmake/3.14.1/share/cmake/Modules/CMakeCCompilerABI.c]
  ignore line: [Apple LLVM version 10.0.1 (clang-1001.0.46.3)]
  ignore line: [Target: arm-apple-darwin18.2.0]
  ignore line: [Thread model: posix]
  ignore line: [InstalledDir: /Applications/Xcode.app/Contents/Developer/Toolchains/XcodeDefault.xctoolchain/usr/bin]
  ignore line: [clang: warning: -Wl,-v: 'linker' input unused [-Wunused-command-line-argument]]
  ignore line: [ "/Applications/Xcode.app/Contents/Developer/Toolchains/XcodeDefault.xctoolchain/usr/bin/clang" -cc1 -triple thumbv7-apple-ios6.0.0 -emit-obj -mrelax-all -disable-free -disable-llvm-verifier -discard-value-names -main-file-name CMakeCCompilerABI.c -mrelocation-model pic -pic-level 2 -mthread-model posix -mdisable-fp-elim -fno-strict-return -masm-verbose -faligned-alloc-unavailable -target-cpu generic -target-feature +soft-float-abi -target-abi apcs-gnu -mfloat-abi soft -fallow-half-arguments-and-returns -dwarf-column-info -debugger-tuning=lldb -target-linker-version 450.3 -v -coverage-notes-file /Users/chenjie/Documents/git/ios-libjpeg/CMakeFiles/CMakeTmp/CMakeFiles/cmTC_2666b.dir/CMakeCCompilerABI.c.gcno -resource-dir /Applications/Xcode.app/Contents/Developer/Toolchains/XcodeDefault.xctoolchain/usr/lib/clang/10.0.1 -isysroot /Applications/Xcode.app/Contents/Developer/Platforms/iPhoneOS.platform/Developer/SDKs/iPhoneOS.sdk -Wno-atomic-implicit-seq-cst -Wno-framework-include-private-from-public -Wno-atimport-in-framework-header -Wno-quoted-include-in-framework-header -fdebug-compilation-dir /Users/chenjie/Documents/git/ios-libjpeg/CMakeFiles/CMakeTmp -ferror-limit 19 -fmessage-length 0 -stack-protector 1 -fblocks -fencode-extended-block-signature -fregister-global-dtors-with-atexit -fobjc-runtime=ios-6.0.0 -fsjlj-exceptions -fmax-type-align=16 -fdiagnostics-show-option -o CMakeFiles/cmTC_2666b.dir/CMakeCCompilerABI.c.o -x c /usr/local/Cellar/cmake/3.14.1/share/cmake/Modules/CMakeCCompilerABI.c]
  ignore line: [clang -cc1 version 10.0.1 (clang-1001.0.46.3) default target x86_64-apple-darwin18.2.0]
  ignore line: [ignoring nonexistent directory "/Applications/Xcode.app/Contents/Developer/Platforms/iPhoneOS.platform/Developer/SDKs/iPhoneOS.sdk/usr/local/include"]
  ignore line: [ignoring nonexistent directory "/Applications/Xcode.app/Contents/Developer/Platforms/iPhoneOS.platform/Developer/SDKs/iPhoneOS.sdk/Library/Frameworks"]
  ignore line: [#include "..." search starts here:]
  ignore line: [#include <...> search starts here:]
  ignore line: [ /Applications/Xcode.app/Contents/Developer/Toolchains/XcodeDefault.xctoolchain/usr/lib/clang/10.0.1/include]
  ignore line: [ /Applications/Xcode.app/Contents/Developer/Toolchains/XcodeDefault.xctoolchain/usr/include]
  ignore line: [ /Applications/Xcode.app/Contents/Developer/Platforms/iPhoneOS.platform/Developer/SDKs/iPhoneOS.sdk/usr/include]
  ignore line: [ /Applications/Xcode.app/Contents/Developer/Platforms/iPhoneOS.platform/Developer/SDKs/iPhoneOS.sdk/System/Library/Frameworks (framework directory)]
  ignore line: [End of search list.]
  ignore line: [Linking C executable cmTC_2666b]
  ignore line: [/usr/local/Cellar/cmake/3.14.1/bin/cmake -E cmake_link_script CMakeFiles/cmTC_2666b.dir/link.txt --verbose=1]
  ignore line: [/Applications/Xcode.app/Contents/Developer/Toolchains/XcodeDefault.xctoolchain/usr/bin/clang -mfloat-abi=softfp -arch armv7 -miphoneos-version-min=6.0  -isysroot /Applications/Xcode.app/Contents/Developer/Platforms/iPhoneOS.platform/Developer/SDKs/iPhoneOS.sdk -Wl,-headerpad_max_install_names  -v -Wl,-v CMakeFiles/cmTC_2666b.dir/CMakeCCompilerABI.c.o  -o cmTC_2666b ]
  ignore line: [Apple LLVM version 10.0.1 (clang-1001.0.46.3)]
  ignore line: [Target: arm-apple-darwin18.2.0]
  ignore line: [Thread model: posix]
  ignore line: [InstalledDir: /Applications/Xcode.app/Contents/Developer/Toolchains/XcodeDefault.xctoolchain/usr/bin]
  link line: [ "/Applications/Xcode.app/Contents/Developer/Toolchains/XcodeDefault.xctoolchain/usr/bin/ld" -demangle -lto_library /Applications/Xcode.app/Contents/Developer/Toolchains/XcodeDefault.xctoolchain/usr/lib/libLTO.dylib -dynamic -arch armv7 -iphoneos_version_min 6.0.0 -syslibroot /Applications/Xcode.app/Contents/Developer/Platforms/iPhoneOS.platform/Developer/SDKs/iPhoneOS.sdk -o cmTC_2666b -headerpad_max_install_names -v CMakeFiles/cmTC_2666b.dir/CMakeCCompilerABI.c.o -lSystem /Applications/Xcode.app/Contents/Developer/Toolchains/XcodeDefault.xctoolchain/usr/lib/clang/10.0.1/lib/darwin/libclang_rt.ios.a]
    arg [/Applications/Xcode.app/Contents/Developer/Toolchains/XcodeDefault.xctoolchain/usr/bin/ld] ==> ignore
    arg [-demangle] ==> ignore
    arg [-lto_library] ==> ignore, skip following value
    arg [/Applications/Xcode.app/Contents/Developer/Toolchains/XcodeDefault.xctoolchain/usr/lib/libLTO.dylib] ==> skip value of -lto_library
    arg [-dynamic] ==> ignore
    arg [-arch] ==> ignore
    arg [armv7] ==> ignore
    arg [-iphoneos_version_min] ==> ignore
    arg [6.0.0] ==> ignore
    arg [-syslibroot] ==> ignore
    arg [/Applications/Xcode.app/Contents/Developer/Platforms/iPhoneOS.platform/Developer/SDKs/iPhoneOS.sdk] ==> ignore
    arg [-o] ==> ignore
    arg [cmTC_2666b] ==> ignore
    arg [-headerpad_max_install_names] ==> ignore
    arg [-v] ==> ignore
    arg [CMakeFiles/cmTC_2666b.dir/CMakeCCompilerABI.c.o] ==> ignore
    arg [-lSystem] ==> lib [System]
    arg [/Applications/Xcode.app/Contents/Developer/Toolchains/XcodeDefault.xctoolchain/usr/lib/clang/10.0.1/lib/darwin/libclang_rt.ios.a] ==> lib [/Applications/Xcode.app/Contents/Developer/Toolchains/XcodeDefault.xctoolchain/usr/lib/clang/10.0.1/lib/darwin/libclang_rt.ios.a]
  Library search paths: [;/Applications/Xcode.app/Contents/Developer/Platforms/iPhoneOS.platform/Developer/SDKs/iPhoneOS.sdk/usr/lib]
  Framework search paths: [;/Applications/Xcode.app/Contents/Developer/Platforms/iPhoneOS.platform/Developer/SDKs/iPhoneOS.sdk/System/Library/Frameworks/]
  remove lib [System]
  remove lib [/Applications/Xcode.app/Contents/Developer/Toolchains/XcodeDefault.xctoolchain/usr/lib/clang/10.0.1/lib/darwin/libclang_rt.ios.a]
  collapse library dir [/Applications/Xcode.app/Contents/Developer/Platforms/iPhoneOS.platform/Developer/SDKs/iPhoneOS.sdk/usr/lib] ==> [/Applications/Xcode.app/Contents/Developer/Platforms/iPhoneOS.platform/Developer/SDKs/iPhoneOS.sdk/usr/lib]
  collapse framework dir [/Applications/Xcode.app/Contents/Developer/Platforms/iPhoneOS.platform/Developer/SDKs/iPhoneOS.sdk/System/Library/Frameworks/] ==> [/Applications/Xcode.app/Contents/Developer/Platforms/iPhoneOS.platform/Developer/SDKs/iPhoneOS.sdk/System/Library/Frameworks]
  implicit libs: []
  implicit dirs: [/Applications/Xcode.app/Contents/Developer/Platforms/iPhoneOS.platform/Developer/SDKs/iPhoneOS.sdk/usr/lib]
  implicit fwks: [/Applications/Xcode.app/Contents/Developer/Platforms/iPhoneOS.platform/Developer/SDKs/iPhoneOS.sdk/System/Library/Frameworks]




Detecting C [-std=c11] compiler features compiled with the following output:
Change Dir: /Users/chenjie/Documents/git/ios-libjpeg/CMakeFiles/CMakeTmp

Run Build Command(s):/usr/bin/make cmTC_8b488/fast 
/Applications/Xcode.app/Contents/Developer/usr/bin/make -f CMakeFiles/cmTC_8b488.dir/build.make CMakeFiles/cmTC_8b488.dir/build
Building C object CMakeFiles/cmTC_8b488.dir/feature_tests.c.o
/Applications/Xcode.app/Contents/Developer/Toolchains/XcodeDefault.xctoolchain/usr/bin/clang   -mfloat-abi=softfp -arch armv7 -miphoneos-version-min=6.0  -isysroot /Applications/Xcode.app/Contents/Developer/Platforms/iPhoneOS.platform/Developer/SDKs/iPhoneOS.sdk   -std=c11 -o CMakeFiles/cmTC_8b488.dir/feature_tests.c.o   -c /Users/chenjie/Documents/git/ios-libjpeg/CMakeFiles/feature_tests.c
Linking C executable cmTC_8b488
/usr/local/Cellar/cmake/3.14.1/bin/cmake -E cmake_link_script CMakeFiles/cmTC_8b488.dir/link.txt --verbose=1
/Applications/Xcode.app/Contents/Developer/Toolchains/XcodeDefault.xctoolchain/usr/bin/clang -mfloat-abi=softfp -arch armv7 -miphoneos-version-min=6.0  -isysroot /Applications/Xcode.app/Contents/Developer/Platforms/iPhoneOS.platform/Developer/SDKs/iPhoneOS.sdk -Wl,-headerpad_max_install_names   CMakeFiles/cmTC_8b488.dir/feature_tests.c.o  -o cmTC_8b488 


    Feature record: C_FEATURE:1c_function_prototypes
    Feature record: C_FEATURE:1c_restrict
    Feature record: C_FEATURE:1c_static_assert
    Feature record: C_FEATURE:1c_variadic_macros


Detecting C [-std=c99] compiler features compiled with the following output:
Change Dir: /Users/chenjie/Documents/git/ios-libjpeg/CMakeFiles/CMakeTmp

Run Build Command(s):/usr/bin/make cmTC_952cd/fast 
/Applications/Xcode.app/Contents/Developer/usr/bin/make -f CMakeFiles/cmTC_952cd.dir/build.make CMakeFiles/cmTC_952cd.dir/build
Building C object CMakeFiles/cmTC_952cd.dir/feature_tests.c.o
/Applications/Xcode.app/Contents/Developer/Toolchains/XcodeDefault.xctoolchain/usr/bin/clang   -mfloat-abi=softfp -arch armv7 -miphoneos-version-min=6.0  -isysroot /Applications/Xcode.app/Contents/Developer/Platforms/iPhoneOS.platform/Developer/SDKs/iPhoneOS.sdk   -std=c99 -o CMakeFiles/cmTC_952cd.dir/feature_tests.c.o   -c /Users/chenjie/Documents/git/ios-libjpeg/CMakeFiles/feature_tests.c
Linking C executable cmTC_952cd
/usr/local/Cellar/cmake/3.14.1/bin/cmake -E cmake_link_script CMakeFiles/cmTC_952cd.dir/link.txt --verbose=1
/Applications/Xcode.app/Contents/Developer/Toolchains/XcodeDefault.xctoolchain/usr/bin/clang -mfloat-abi=softfp -arch armv7 -miphoneos-version-min=6.0  -isysroot /Applications/Xcode.app/Contents/Developer/Platforms/iPhoneOS.platform/Developer/SDKs/iPhoneOS.sdk -Wl,-headerpad_max_install_names   CMakeFiles/cmTC_952cd.dir/feature_tests.c.o  -o cmTC_952cd 


    Feature record: C_FEATURE:1c_function_prototypes
    Feature record: C_FEATURE:1c_restrict
    Feature record: C_FEATURE:0c_static_assert
    Feature record: C_FEATURE:1c_variadic_macros


Detecting C [-std=c90] compiler features compiled with the following output:
Change Dir: /Users/chenjie/Documents/git/ios-libjpeg/CMakeFiles/CMakeTmp

Run Build Command(s):/usr/bin/make cmTC_c0929/fast 
/Applications/Xcode.app/Contents/Developer/usr/bin/make -f CMakeFiles/cmTC_c0929.dir/build.make CMakeFiles/cmTC_c0929.dir/build
Building C object CMakeFiles/cmTC_c0929.dir/feature_tests.c.o
/Applications/Xcode.app/Contents/Developer/Toolchains/XcodeDefault.xctoolchain/usr/bin/clang   -mfloat-abi=softfp -arch armv7 -miphoneos-version-min=6.0  -isysroot /Applications/Xcode.app/Contents/Developer/Platforms/iPhoneOS.platform/Developer/SDKs/iPhoneOS.sdk   -std=c90 -o CMakeFiles/cmTC_c0929.dir/feature_tests.c.o   -c /Users/chenjie/Documents/git/ios-libjpeg/CMakeFiles/feature_tests.c
Linking C executable cmTC_c0929
/usr/local/Cellar/cmake/3.14.1/bin/cmake -E cmake_link_script CMakeFiles/cmTC_c0929.dir/link.txt --verbose=1
/Applications/Xcode.app/Contents/Developer/Toolchains/XcodeDefault.xctoolchain/usr/bin/clang -mfloat-abi=softfp -arch armv7 -miphoneos-version-min=6.0  -isysroot /Applications/Xcode.app/Contents/Developer/Platforms/iPhoneOS.platform/Developer/SDKs/iPhoneOS.sdk -Wl,-headerpad_max_install_names   CMakeFiles/cmTC_c0929.dir/feature_tests.c.o  -o cmTC_c0929 


    Feature record: C_FEATURE:1c_function_prototypes
    Feature record: C_FEATURE:0c_restrict
    Feature record: C_FEATURE:0c_static_assert
    Feature record: C_FEATURE:0c_variadic_macros
Determining if the include file sys/types.h exists passed with the following output:
Change Dir: /Users/chenjie/Documents/git/ios-libjpeg/CMakeFiles/CMakeTmp

Run Build Command(s):/usr/bin/make cmTC_a086d/fast 
/Applications/Xcode.app/Contents/Developer/usr/bin/make -f CMakeFiles/cmTC_a086d.dir/build.make CMakeFiles/cmTC_a086d.dir/build
Building C object CMakeFiles/cmTC_a086d.dir/CheckIncludeFile.c.o
/Applications/Xcode.app/Contents/Developer/Toolchains/XcodeDefault.xctoolchain/usr/bin/clang   -mfloat-abi=softfp -arch armv7 -miphoneos-version-min=6.0  -isysroot /Applications/Xcode.app/Contents/Developer/Platforms/iPhoneOS.platform/Developer/SDKs/iPhoneOS.sdk   -o CMakeFiles/cmTC_a086d.dir/CheckIncludeFile.c.o   -c /Users/chenjie/Documents/git/ios-libjpeg/CMakeFiles/CMakeTmp/CheckIncludeFile.c
Linking C executable cmTC_a086d
/usr/local/Cellar/cmake/3.14.1/bin/cmake -E cmake_link_script CMakeFiles/cmTC_a086d.dir/link.txt --verbose=1
/Applications/Xcode.app/Contents/Developer/Toolchains/XcodeDefault.xctoolchain/usr/bin/clang -mfloat-abi=softfp -arch armv7 -miphoneos-version-min=6.0  -isysroot /Applications/Xcode.app/Contents/Developer/Platforms/iPhoneOS.platform/Developer/SDKs/iPhoneOS.sdk -Wl,-headerpad_max_install_names   CMakeFiles/cmTC_a086d.dir/CheckIncludeFile.c.o  -o cmTC_a086d 


Determining if the include file stdint.h exists passed with the following output:
Change Dir: /Users/chenjie/Documents/git/ios-libjpeg/CMakeFiles/CMakeTmp

Run Build Command(s):/usr/bin/make cmTC_66265/fast 
/Applications/Xcode.app/Contents/Developer/usr/bin/make -f CMakeFiles/cmTC_66265.dir/build.make CMakeFiles/cmTC_66265.dir/build
Building C object CMakeFiles/cmTC_66265.dir/CheckIncludeFile.c.o
/Applications/Xcode.app/Contents/Developer/Toolchains/XcodeDefault.xctoolchain/usr/bin/clang   -mfloat-abi=softfp -arch armv7 -miphoneos-version-min=6.0  -isysroot /Applications/Xcode.app/Contents/Developer/Platforms/iPhoneOS.platform/Developer/SDKs/iPhoneOS.sdk   -o CMakeFiles/cmTC_66265.dir/CheckIncludeFile.c.o   -c /Users/chenjie/Documents/git/ios-libjpeg/CMakeFiles/CMakeTmp/CheckIncludeFile.c
Linking C executable cmTC_66265
/usr/local/Cellar/cmake/3.14.1/bin/cmake -E cmake_link_script CMakeFiles/cmTC_66265.dir/link.txt --verbose=1
/Applications/Xcode.app/Contents/Developer/Toolchains/XcodeDefault.xctoolchain/usr/bin/clang -mfloat-abi=softfp -arch armv7 -miphoneos-version-min=6.0  -isysroot /Applications/Xcode.app/Contents/Developer/Platforms/iPhoneOS.platform/Developer/SDKs/iPhoneOS.sdk -Wl,-headerpad_max_install_names   CMakeFiles/cmTC_66265.dir/CheckIncludeFile.c.o  -o cmTC_66265 


Determining if the include file stddef.h exists passed with the following output:
Change Dir: /Users/chenjie/Documents/git/ios-libjpeg/CMakeFiles/CMakeTmp

Run Build Command(s):/usr/bin/make cmTC_73056/fast 
/Applications/Xcode.app/Contents/Developer/usr/bin/make -f CMakeFiles/cmTC_73056.dir/build.make CMakeFiles/cmTC_73056.dir/build
Building C object CMakeFiles/cmTC_73056.dir/CheckIncludeFile.c.o
/Applications/Xcode.app/Contents/Developer/Toolchains/XcodeDefault.xctoolchain/usr/bin/clang   -mfloat-abi=softfp -arch armv7 -miphoneos-version-min=6.0  -isysroot /Applications/Xcode.app/Contents/Developer/Platforms/iPhoneOS.platform/Developer/SDKs/iPhoneOS.sdk   -o CMakeFiles/cmTC_73056.dir/CheckIncludeFile.c.o   -c /Users/chenjie/Documents/git/ios-libjpeg/CMakeFiles/CMakeTmp/CheckIncludeFile.c
Linking C executable cmTC_73056
/usr/local/Cellar/cmake/3.14.1/bin/cmake -E cmake_link_script CMakeFiles/cmTC_73056.dir/link.txt --verbose=1
/Applications/Xcode.app/Contents/Developer/Toolchains/XcodeDefault.xctoolchain/usr/bin/clang -mfloat-abi=softfp -arch armv7 -miphoneos-version-min=6.0  -isysroot /Applications/Xcode.app/Contents/Developer/Platforms/iPhoneOS.platform/Developer/SDKs/iPhoneOS.sdk -Wl,-headerpad_max_install_names   CMakeFiles/cmTC_73056.dir/CheckIncludeFile.c.o  -o cmTC_73056 


Determining size of size_t passed with the following output:
Change Dir: /Users/chenjie/Documents/git/ios-libjpeg/CMakeFiles/CMakeTmp

Run Build Command(s):/usr/bin/make cmTC_31ca9/fast 
/Applications/Xcode.app/Contents/Developer/usr/bin/make -f CMakeFiles/cmTC_31ca9.dir/build.make CMakeFiles/cmTC_31ca9.dir/build
Building C object CMakeFiles/cmTC_31ca9.dir/SIZE_T.c.o
/Applications/Xcode.app/Contents/Developer/Toolchains/XcodeDefault.xctoolchain/usr/bin/clang   -mfloat-abi=softfp -arch armv7 -miphoneos-version-min=6.0  -isysroot /Applications/Xcode.app/Contents/Developer/Platforms/iPhoneOS.platform/Developer/SDKs/iPhoneOS.sdk   -o CMakeFiles/cmTC_31ca9.dir/SIZE_T.c.o   -c /Users/chenjie/Documents/git/ios-libjpeg/CMakeFiles/CheckTypeSize/SIZE_T.c
Linking C executable cmTC_31ca9
/usr/local/Cellar/cmake/3.14.1/bin/cmake -E cmake_link_script CMakeFiles/cmTC_31ca9.dir/link.txt --verbose=1
/Applications/Xcode.app/Contents/Developer/Toolchains/XcodeDefault.xctoolchain/usr/bin/clang -mfloat-abi=softfp -arch armv7 -miphoneos-version-min=6.0  -isysroot /Applications/Xcode.app/Contents/Developer/Platforms/iPhoneOS.platform/Developer/SDKs/iPhoneOS.sdk -Wl,-headerpad_max_install_names   CMakeFiles/cmTC_31ca9.dir/SIZE_T.c.o  -o cmTC_31ca9 


Determining size of unsigned long passed with the following output:
Change Dir: /Users/chenjie/Documents/git/ios-libjpeg/CMakeFiles/CMakeTmp

Run Build Command(s):/usr/bin/make cmTC_be430/fast 
/Applications/Xcode.app/Contents/Developer/usr/bin/make -f CMakeFiles/cmTC_be430.dir/build.make CMakeFiles/cmTC_be430.dir/build
Building C object CMakeFiles/cmTC_be430.dir/UNSIGNED_LONG.c.o
/Applications/Xcode.app/Contents/Developer/Toolchains/XcodeDefault.xctoolchain/usr/bin/clang   -mfloat-abi=softfp -arch armv7 -miphoneos-version-min=6.0  -isysroot /Applications/Xcode.app/Contents/Developer/Platforms/iPhoneOS.platform/Developer/SDKs/iPhoneOS.sdk   -o CMakeFiles/cmTC_be430.dir/UNSIGNED_LONG.c.o   -c /Users/chenjie/Documents/git/ios-libjpeg/CMakeFiles/CheckTypeSize/UNSIGNED_LONG.c
Linking C executable cmTC_be430
/usr/local/Cellar/cmake/3.14.1/bin/cmake -E cmake_link_script CMakeFiles/cmTC_be430.dir/link.txt --verbose=1
/Applications/Xcode.app/Contents/Developer/Toolchains/XcodeDefault.xctoolchain/usr/bin/clang -mfloat-abi=softfp -arch armv7 -miphoneos-version-min=6.0  -isysroot /Applications/Xcode.app/Contents/Developer/Platforms/iPhoneOS.platform/Developer/SDKs/iPhoneOS.sdk -Wl,-headerpad_max_install_names   CMakeFiles/cmTC_be430.dir/UNSIGNED_LONG.c.o  -o cmTC_be430 


Performing C SOURCE FILE Test HAVE_BUILTIN_CTZL succeeded with the following output:
Change Dir: /Users/chenjie/Documents/git/ios-libjpeg/CMakeFiles/CMakeTmp

Run Build Command(s):/usr/bin/make cmTC_9ad63/fast 
/Applications/Xcode.app/Contents/Developer/usr/bin/make -f CMakeFiles/cmTC_9ad63.dir/build.make CMakeFiles/cmTC_9ad63.dir/build
Building C object CMakeFiles/cmTC_9ad63.dir/src.c.o
/Applications/Xcode.app/Contents/Developer/Toolchains/XcodeDefault.xctoolchain/usr/bin/clang   -mfloat-abi=softfp -arch armv7 -miphoneos-version-min=6.0 -DHAVE_BUILTIN_CTZL -isysroot /Applications/Xcode.app/Contents/Developer/Platforms/iPhoneOS.platform/Developer/SDKs/iPhoneOS.sdk   -o CMakeFiles/cmTC_9ad63.dir/src.c.o   -c /Users/chenjie/Documents/git/ios-libjpeg/CMakeFiles/CMakeTmp/src.c
Linking C executable cmTC_9ad63
/usr/local/Cellar/cmake/3.14.1/bin/cmake -E cmake_link_script CMakeFiles/cmTC_9ad63.dir/link.txt --verbose=1
/Applications/Xcode.app/Contents/Developer/Toolchains/XcodeDefault.xctoolchain/usr/bin/clang -mfloat-abi=softfp -arch armv7 -miphoneos-version-min=6.0 -DHAVE_BUILTIN_CTZL -isysroot /Applications/Xcode.app/Contents/Developer/Platforms/iPhoneOS.platform/Developer/SDKs/iPhoneOS.sdk -Wl,-headerpad_max_install_names   CMakeFiles/cmTC_9ad63.dir/src.c.o  -o cmTC_9ad63 

Source file was:
int main(int argc, char **argv) { unsigned long a = argc;  return __builtin_ctzl(a); }
Determining if files locale.h exist passed with the following output:
Change Dir: /Users/chenjie/Documents/git/ios-libjpeg/CMakeFiles/CMakeTmp

Run Build Command(s):/usr/bin/make cmTC_b132a/fast 
/Applications/Xcode.app/Contents/Developer/usr/bin/make -f CMakeFiles/cmTC_b132a.dir/build.make CMakeFiles/cmTC_b132a.dir/build
Building C object CMakeFiles/cmTC_b132a.dir/HAVE_LOCALE_H.c.o
/Applications/Xcode.app/Contents/Developer/Toolchains/XcodeDefault.xctoolchain/usr/bin/clang   -mfloat-abi=softfp -arch armv7 -miphoneos-version-min=6.0  -isysroot /Applications/Xcode.app/Contents/Developer/Platforms/iPhoneOS.platform/Developer/SDKs/iPhoneOS.sdk   -o CMakeFiles/cmTC_b132a.dir/HAVE_LOCALE_H.c.o   -c /Users/chenjie/Documents/git/ios-libjpeg/CMakeFiles/CheckIncludeFiles/HAVE_LOCALE_H.c
Linking C executable cmTC_b132a
/usr/local/Cellar/cmake/3.14.1/bin/cmake -E cmake_link_script CMakeFiles/cmTC_b132a.dir/link.txt --verbose=1
/Applications/Xcode.app/Contents/Developer/Toolchains/XcodeDefault.xctoolchain/usr/bin/clang -mfloat-abi=softfp -arch armv7 -miphoneos-version-min=6.0  -isysroot /Applications/Xcode.app/Contents/Developer/Platforms/iPhoneOS.platform/Developer/SDKs/iPhoneOS.sdk -Wl,-headerpad_max_install_names   CMakeFiles/cmTC_b132a.dir/HAVE_LOCALE_H.c.o  -o cmTC_b132a 


Determining if files stdlib.h exist passed with the following output:
Change Dir: /Users/chenjie/Documents/git/ios-libjpeg/CMakeFiles/CMakeTmp

Run Build Command(s):/usr/bin/make cmTC_6d17b/fast 
/Applications/Xcode.app/Contents/Developer/usr/bin/make -f CMakeFiles/cmTC_6d17b.dir/build.make CMakeFiles/cmTC_6d17b.dir/build
Building C object CMakeFiles/cmTC_6d17b.dir/HAVE_STDLIB_H.c.o
/Applications/Xcode.app/Contents/Developer/Toolchains/XcodeDefault.xctoolchain/usr/bin/clang   -mfloat-abi=softfp -arch armv7 -miphoneos-version-min=6.0  -isysroot /Applications/Xcode.app/Contents/Developer/Platforms/iPhoneOS.platform/Developer/SDKs/iPhoneOS.sdk   -o CMakeFiles/cmTC_6d17b.dir/HAVE_STDLIB_H.c.o   -c /Users/chenjie/Documents/git/ios-libjpeg/CMakeFiles/CheckIncludeFiles/HAVE_STDLIB_H.c
Linking C executable cmTC_6d17b
/usr/local/Cellar/cmake/3.14.1/bin/cmake -E cmake_link_script CMakeFiles/cmTC_6d17b.dir/link.txt --verbose=1
/Applications/Xcode.app/Contents/Developer/Toolchains/XcodeDefault.xctoolchain/usr/bin/clang -mfloat-abi=softfp -arch armv7 -miphoneos-version-min=6.0  -isysroot /Applications/Xcode.app/Contents/Developer/Platforms/iPhoneOS.platform/Developer/SDKs/iPhoneOS.sdk -Wl,-headerpad_max_install_names   CMakeFiles/cmTC_6d17b.dir/HAVE_STDLIB_H.c.o  -o cmTC_6d17b 


Determining if files sys/types.h exist passed with the following output:
Change Dir: /Users/chenjie/Documents/git/ios-libjpeg/CMakeFiles/CMakeTmp

Run Build Command(s):/usr/bin/make cmTC_094c2/fast 
/Applications/Xcode.app/Contents/Developer/usr/bin/make -f CMakeFiles/cmTC_094c2.dir/build.make CMakeFiles/cmTC_094c2.dir/build
Building C object CMakeFiles/cmTC_094c2.dir/NEED_SYS_TYPES_H.c.o
/Applications/Xcode.app/Contents/Developer/Toolchains/XcodeDefault.xctoolchain/usr/bin/clang   -mfloat-abi=softfp -arch armv7 -miphoneos-version-min=6.0  -isysroot /Applications/Xcode.app/Contents/Developer/Platforms/iPhoneOS.platform/Developer/SDKs/iPhoneOS.sdk   -o CMakeFiles/cmTC_094c2.dir/NEED_SYS_TYPES_H.c.o   -c /Users/chenjie/Documents/git/ios-libjpeg/CMakeFiles/CheckIncludeFiles/NEED_SYS_TYPES_H.c
Linking C executable cmTC_094c2
/usr/local/Cellar/cmake/3.14.1/bin/cmake -E cmake_link_script CMakeFiles/cmTC_094c2.dir/link.txt --verbose=1
/Applications/Xcode.app/Contents/Developer/Toolchains/XcodeDefault.xctoolchain/usr/bin/clang -mfloat-abi=softfp -arch armv7 -miphoneos-version-min=6.0  -isysroot /Applications/Xcode.app/Contents/Developer/Platforms/iPhoneOS.platform/Developer/SDKs/iPhoneOS.sdk -Wl,-headerpad_max_install_names   CMakeFiles/cmTC_094c2.dir/NEED_SYS_TYPES_H.c.o  -o cmTC_094c2 


Determining if the memset exist passed with the following output:
Change Dir: /Users/chenjie/Documents/git/ios-libjpeg/CMakeFiles/CMakeTmp

Run Build Command(s):/usr/bin/make cmTC_00689/fast 
/Applications/Xcode.app/Contents/Developer/usr/bin/make -f CMakeFiles/cmTC_00689.dir/build.make CMakeFiles/cmTC_00689.dir/build
Building C object CMakeFiles/cmTC_00689.dir/CheckSymbolExists.c.o
/Applications/Xcode.app/Contents/Developer/Toolchains/XcodeDefault.xctoolchain/usr/bin/clang   -mfloat-abi=softfp -arch armv7 -miphoneos-version-min=6.0  -isysroot /Applications/Xcode.app/Contents/Developer/Platforms/iPhoneOS.platform/Developer/SDKs/iPhoneOS.sdk   -o CMakeFiles/cmTC_00689.dir/CheckSymbolExists.c.o   -c /Users/chenjie/Documents/git/ios-libjpeg/CMakeFiles/CMakeTmp/CheckSymbolExists.c
Linking C executable cmTC_00689
/usr/local/Cellar/cmake/3.14.1/bin/cmake -E cmake_link_script CMakeFiles/cmTC_00689.dir/link.txt --verbose=1
/Applications/Xcode.app/Contents/Developer/Toolchains/XcodeDefault.xctoolchain/usr/bin/clang -mfloat-abi=softfp -arch armv7 -miphoneos-version-min=6.0  -isysroot /Applications/Xcode.app/Contents/Developer/Platforms/iPhoneOS.platform/Developer/SDKs/iPhoneOS.sdk -Wl,-headerpad_max_install_names   CMakeFiles/cmTC_00689.dir/CheckSymbolExists.c.o  -o cmTC_00689 

File /Users/chenjie/Documents/git/ios-libjpeg/CMakeFiles/CMakeTmp/CheckSymbolExists.c:
/* */
#include <string.h>

int main(int argc, char** argv)
{
  (void)argv;
#ifndef memset
  return ((int*)(&memset))[argc];
#else
  (void)argc;
  return 0;
#endif
}

Determining if the memcpy exist passed with the following output:
Change Dir: /Users/chenjie/Documents/git/ios-libjpeg/CMakeFiles/CMakeTmp

Run Build Command(s):/usr/bin/make cmTC_26947/fast 
/Applications/Xcode.app/Contents/Developer/usr/bin/make -f CMakeFiles/cmTC_26947.dir/build.make CMakeFiles/cmTC_26947.dir/build
Building C object CMakeFiles/cmTC_26947.dir/CheckSymbolExists.c.o
/Applications/Xcode.app/Contents/Developer/Toolchains/XcodeDefault.xctoolchain/usr/bin/clang   -mfloat-abi=softfp -arch armv7 -miphoneos-version-min=6.0  -isysroot /Applications/Xcode.app/Contents/Developer/Platforms/iPhoneOS.platform/Developer/SDKs/iPhoneOS.sdk   -o CMakeFiles/cmTC_26947.dir/CheckSymbolExists.c.o   -c /Users/chenjie/Documents/git/ios-libjpeg/CMakeFiles/CMakeTmp/CheckSymbolExists.c
Linking C executable cmTC_26947
/usr/local/Cellar/cmake/3.14.1/bin/cmake -E cmake_link_script CMakeFiles/cmTC_26947.dir/link.txt --verbose=1
/Applications/Xcode.app/Contents/Developer/Toolchains/XcodeDefault.xctoolchain/usr/bin/clang -mfloat-abi=softfp -arch armv7 -miphoneos-version-min=6.0  -isysroot /Applications/Xcode.app/Contents/Developer/Platforms/iPhoneOS.platform/Developer/SDKs/iPhoneOS.sdk -Wl,-headerpad_max_install_names   CMakeFiles/cmTC_26947.dir/CheckSymbolExists.c.o  -o cmTC_26947 

File /Users/chenjie/Documents/git/ios-libjpeg/CMakeFiles/CMakeTmp/CheckSymbolExists.c:
/* */
#include <string.h>

int main(int argc, char** argv)
{
  (void)argv;
#ifndef memcpy
  return ((int*)(&memcpy))[argc];
#else
  (void)argc;
  return 0;
#endif
}

Determining size of unsigned char passed with the following output:
Change Dir: /Users/chenjie/Documents/git/ios-libjpeg/CMakeFiles/CMakeTmp

Run Build Command(s):/usr/bin/make cmTC_b033c/fast 
/Applications/Xcode.app/Contents/Developer/usr/bin/make -f CMakeFiles/cmTC_b033c.dir/build.make CMakeFiles/cmTC_b033c.dir/build
Building C object CMakeFiles/cmTC_b033c.dir/UNSIGNED_CHAR.c.o
/Applications/Xcode.app/Contents/Developer/Toolchains/XcodeDefault.xctoolchain/usr/bin/clang   -mfloat-abi=softfp -arch armv7 -miphoneos-version-min=6.0  -isysroot /Applications/Xcode.app/Contents/Developer/Platforms/iPhoneOS.platform/Developer/SDKs/iPhoneOS.sdk   -o CMakeFiles/cmTC_b033c.dir/UNSIGNED_CHAR.c.o   -c /Users/chenjie/Documents/git/ios-libjpeg/CMakeFiles/CheckTypeSize/UNSIGNED_CHAR.c
Linking C executable cmTC_b033c
/usr/local/Cellar/cmake/3.14.1/bin/cmake -E cmake_link_script CMakeFiles/cmTC_b033c.dir/link.txt --verbose=1
/Applications/Xcode.app/Contents/Developer/Toolchains/XcodeDefault.xctoolchain/usr/bin/clang -mfloat-abi=softfp -arch armv7 -miphoneos-version-min=6.0  -isysroot /Applications/Xcode.app/Contents/Developer/Platforms/iPhoneOS.platform/Developer/SDKs/iPhoneOS.sdk -Wl,-headerpad_max_install_names   CMakeFiles/cmTC_b033c.dir/UNSIGNED_CHAR.c.o  -o cmTC_b033c 


Determining size of unsigned short passed with the following output:
Change Dir: /Users/chenjie/Documents/git/ios-libjpeg/CMakeFiles/CMakeTmp

Run Build Command(s):/usr/bin/make cmTC_5ccba/fast 
/Applications/Xcode.app/Contents/Developer/usr/bin/make -f CMakeFiles/cmTC_5ccba.dir/build.make CMakeFiles/cmTC_5ccba.dir/build
Building C object CMakeFiles/cmTC_5ccba.dir/UNSIGNED_SHORT.c.o
/Applications/Xcode.app/Contents/Developer/Toolchains/XcodeDefault.xctoolchain/usr/bin/clang   -mfloat-abi=softfp -arch armv7 -miphoneos-version-min=6.0  -isysroot /Applications/Xcode.app/Contents/Developer/Platforms/iPhoneOS.platform/Developer/SDKs/iPhoneOS.sdk   -o CMakeFiles/cmTC_5ccba.dir/UNSIGNED_SHORT.c.o   -c /Users/chenjie/Documents/git/ios-libjpeg/CMakeFiles/CheckTypeSize/UNSIGNED_SHORT.c
Linking C executable cmTC_5ccba
/usr/local/Cellar/cmake/3.14.1/bin/cmake -E cmake_link_script CMakeFiles/cmTC_5ccba.dir/link.txt --verbose=1
/Applications/Xcode.app/Contents/Developer/Toolchains/XcodeDefault.xctoolchain/usr/bin/clang -mfloat-abi=softfp -arch armv7 -miphoneos-version-min=6.0  -isysroot /Applications/Xcode.app/Contents/Developer/Platforms/iPhoneOS.platform/Developer/SDKs/iPhoneOS.sdk -Wl,-headerpad_max_install_names   CMakeFiles/cmTC_5ccba.dir/UNSIGNED_SHORT.c.o  -o cmTC_5ccba 


Performing C SOURCE FILE Test INCOMPLETE_TYPES succeeded with the following output:
Change Dir: /Users/chenjie/Documents/git/ios-libjpeg/CMakeFiles/CMakeTmp

Run Build Command(s):/usr/bin/make cmTC_94863/fast 
/Applications/Xcode.app/Contents/Developer/usr/bin/make -f CMakeFiles/cmTC_94863.dir/build.make CMakeFiles/cmTC_94863.dir/build
Building C object CMakeFiles/cmTC_94863.dir/src.c.o
/Applications/Xcode.app/Contents/Developer/Toolchains/XcodeDefault.xctoolchain/usr/bin/clang   -mfloat-abi=softfp -arch armv7 -miphoneos-version-min=6.0 -DINCOMPLETE_TYPES -isysroot /Applications/Xcode.app/Contents/Developer/Platforms/iPhoneOS.platform/Developer/SDKs/iPhoneOS.sdk   -o CMakeFiles/cmTC_94863.dir/src.c.o   -c /Users/chenjie/Documents/git/ios-libjpeg/CMakeFiles/CMakeTmp/src.c
Linking C executable cmTC_94863
/usr/local/Cellar/cmake/3.14.1/bin/cmake -E cmake_link_script CMakeFiles/cmTC_94863.dir/link.txt --verbose=1
/Applications/Xcode.app/Contents/Developer/Toolchains/XcodeDefault.xctoolchain/usr/bin/clang -mfloat-abi=softfp -arch armv7 -miphoneos-version-min=6.0 -DINCOMPLETE_TYPES -isysroot /Applications/Xcode.app/Contents/Developer/Platforms/iPhoneOS.platform/Developer/SDKs/iPhoneOS.sdk -Wl,-headerpad_max_install_names   CMakeFiles/cmTC_94863.dir/src.c.o  -o cmTC_94863 

Source file was:
int main(void) { typedef struct undefined_structure *undef_struct_ptr;  undef_struct_ptr ptr = 0;  return ptr != 0; }
Performing C SOURCE FILE Test INLINE_WORKS succeeded with the following output:
Change Dir: /Users/chenjie/Documents/git/ios-libjpeg/CMakeFiles/CMakeTmp

Run Build Command(s):/usr/bin/make cmTC_a9fb4/fast 
/Applications/Xcode.app/Contents/Developer/usr/bin/make -f CMakeFiles/cmTC_a9fb4.dir/build.make CMakeFiles/cmTC_a9fb4.dir/build
Building C object CMakeFiles/cmTC_a9fb4.dir/src.c.o
/Applications/Xcode.app/Contents/Developer/Toolchains/XcodeDefault.xctoolchain/usr/bin/clang   -mfloat-abi=softfp -arch armv7 -miphoneos-version-min=6.0 -DINLINE_WORKS -isysroot /Applications/Xcode.app/Contents/Developer/Platforms/iPhoneOS.platform/Developer/SDKs/iPhoneOS.sdk   -o CMakeFiles/cmTC_a9fb4.dir/src.c.o   -c /Users/chenjie/Documents/git/ios-libjpeg/CMakeFiles/CMakeTmp/src.c
Linking C executable cmTC_a9fb4
/usr/local/Cellar/cmake/3.14.1/bin/cmake -E cmake_link_script CMakeFiles/cmTC_a9fb4.dir/link.txt --verbose=1
/Applications/Xcode.app/Contents/Developer/Toolchains/XcodeDefault.xctoolchain/usr/bin/clang -mfloat-abi=softfp -arch armv7 -miphoneos-version-min=6.0 -DINLINE_WORKS -isysroot /Applications/Xcode.app/Contents/Developer/Platforms/iPhoneOS.platform/Developer/SDKs/iPhoneOS.sdk -Wl,-headerpad_max_install_names   CMakeFiles/cmTC_a9fb4.dir/src.c.o  -o cmTC_a9fb4 

Source file was:
__inline__ __attribute__((always_inline)) static int foo(void) { return 0; } int main(void) { return foo(); }
Checking whether the ASM compiler is AppleClang using "--version" matched "(Apple LLVM version)":
Apple LLVM version 10.0.1 (clang-1001.0.46.3)
Target: x86_64-apple-darwin18.2.0
Thread model: posix
InstalledDir: /Applications/Xcode.app/Contents/Developer/Toolchains/XcodeDefault.xctoolchain/usr/bin
The target system is: Darwin -  - aarch64
The host system is: Darwin - 18.2.0 - x86_64
Compiling the C compiler identification source file "CMakeCCompilerId.c" succeeded.
Compiler: /Applications/Xcode.app/Contents/Developer/Toolchains/XcodeDefault.xctoolchain/usr/bin/clang 
Build flags: -Wall;-arch;arm64;-miphoneos-version-min=7.0;-funwind-tables
Id flags: -c 

The output was:
0


Compilation of the C compiler identification source "CMakeCCompilerId.c" produced "CMakeCCompilerId.o"

The C compiler identification is AppleClang, found in "/Users/chenjie/Documents/git/ios-libjpeg/CMakeFiles/3.14.1/CompilerIdC/CMakeCCompilerId.o"

Determining if the C compiler works passed with the following output:
Change Dir: /Users/chenjie/Documents/git/ios-libjpeg/CMakeFiles/CMakeTmp

Run Build Command(s):/usr/bin/make cmTC_edc83/fast 
/Applications/Xcode.app/Contents/Developer/usr/bin/make -f CMakeFiles/cmTC_edc83.dir/build.make CMakeFiles/cmTC_edc83.dir/build
Building C object CMakeFiles/cmTC_edc83.dir/testCCompiler.c.o
/Applications/Xcode.app/Contents/Developer/Toolchains/XcodeDefault.xctoolchain/usr/bin/clang   -Wall -arch arm64 -miphoneos-version-min=7.0 -funwind-tables  -isysroot /Applications/Xcode.app/Contents/Developer/Platforms/iPhoneOS.platform/Developer/SDKs/iPhoneOS.sdk   -o CMakeFiles/cmTC_edc83.dir/testCCompiler.c.o   -c /Users/chenjie/Documents/git/ios-libjpeg/CMakeFiles/CMakeTmp/testCCompiler.c
Linking C executable cmTC_edc83
/usr/local/Cellar/cmake/3.14.1/bin/cmake -E cmake_link_script CMakeFiles/cmTC_edc83.dir/link.txt --verbose=1
/Applications/Xcode.app/Contents/Developer/Toolchains/XcodeDefault.xctoolchain/usr/bin/clang -Wall -arch arm64 -miphoneos-version-min=7.0 -funwind-tables  -isysroot /Applications/Xcode.app/Contents/Developer/Platforms/iPhoneOS.platform/Developer/SDKs/iPhoneOS.sdk -Wl,-headerpad_max_install_names   CMakeFiles/cmTC_edc83.dir/testCCompiler.c.o  -o cmTC_edc83 


Detecting C compiler ABI info compiled with the following output:
Change Dir: /Users/chenjie/Documents/git/ios-libjpeg/CMakeFiles/CMakeTmp

Run Build Command(s):/usr/bin/make cmTC_151c9/fast 
/Applications/Xcode.app/Contents/Developer/usr/bin/make -f CMakeFiles/cmTC_151c9.dir/build.make CMakeFiles/cmTC_151c9.dir/build
Building C object CMakeFiles/cmTC_151c9.dir/CMakeCCompilerABI.c.o
/Applications/Xcode.app/Contents/Developer/Toolchains/XcodeDefault.xctoolchain/usr/bin/clang   -Wall -arch arm64 -miphoneos-version-min=7.0 -funwind-tables  -isysroot /Applications/Xcode.app/Contents/Developer/Platforms/iPhoneOS.platform/Developer/SDKs/iPhoneOS.sdk   -v -Wl,-v -o CMakeFiles/cmTC_151c9.dir/CMakeCCompilerABI.c.o   -c /usr/local/Cellar/cmake/3.14.1/share/cmake/Modules/CMakeCCompilerABI.c
Apple LLVM version 10.0.1 (clang-1001.0.46.3)
Target: aarch64-apple-darwin18.2.0
Thread model: posix
InstalledDir: /Applications/Xcode.app/Contents/Developer/Toolchains/XcodeDefault.xctoolchain/usr/bin
clang: warning: -Wl,-v: 'linker' input unused [-Wunused-command-line-argument]
 "/Applications/Xcode.app/Contents/Developer/Toolchains/XcodeDefault.xctoolchain/usr/bin/clang" -cc1 -triple arm64-apple-ios7.0.0 -Wdeprecated-objc-isa-usage -Werror=deprecated-objc-isa-usage -Werror=implicit-function-declaration -emit-obj -mrelax-all -disable-free -disable-llvm-verifier -discard-value-names -main-file-name CMakeCCompilerABI.c -mrelocation-model pic -pic-level 2 -mthread-model posix -mdisable-fp-elim -fno-strict-return -masm-verbose -munwind-tables -faligned-alloc-unavailable -target-cpu cyclone -target-feature +fp-armv8 -target-feature +neon -target-feature +crypto -target-feature +zcm -target-feature +zcz -target-abi darwinpcs -fallow-half-arguments-and-returns -dwarf-column-info -debugger-tuning=lldb -target-linker-version 450.3 -v -coverage-notes-file /Users/chenjie/Documents/git/ios-libjpeg/CMakeFiles/CMakeTmp/CMakeFiles/cmTC_151c9.dir/CMakeCCompilerABI.c.gcno -resource-dir /Applications/Xcode.app/Contents/Developer/Toolchains/XcodeDefault.xctoolchain/usr/lib/clang/10.0.1 -isysroot /Applications/Xcode.app/Contents/Developer/Platforms/iPhoneOS.platform/Developer/SDKs/iPhoneOS.sdk -Wall -Wno-atomic-implicit-seq-cst -Wno-framework-include-private-from-public -Wno-atimport-in-framework-header -Wno-quoted-include-in-framework-header -fdebug-compilation-dir /Users/chenjie/Documents/git/ios-libjpeg/CMakeFiles/CMakeTmp -ferror-limit 19 -fmessage-length 0 -stack-protector 1 -fblocks -fencode-extended-block-signature -fregister-global-dtors-with-atexit -fobjc-runtime=ios-7.0.0 -fmax-type-align=16 -fdiagnostics-show-option -o CMakeFiles/cmTC_151c9.dir/CMakeCCompilerABI.c.o -x c /usr/local/Cellar/cmake/3.14.1/share/cmake/Modules/CMakeCCompilerABI.c
clang -cc1 version 10.0.1 (clang-1001.0.46.3) default target x86_64-apple-darwin18.2.0
ignoring nonexistent directory "/Applications/Xcode.app/Contents/Developer/Platforms/iPhoneOS.platform/Developer/SDKs/iPhoneOS.sdk/usr/local/include"
ignoring nonexistent directory "/Applications/Xcode.app/Contents/Developer/Platforms/iPhoneOS.platform/Developer/SDKs/iPhoneOS.sdk/Library/Frameworks"
#include "..." search starts here:
#include <...> search starts here:
 /Applications/Xcode.app/Contents/Developer/Toolchains/XcodeDefault.xctoolchain/usr/lib/clang/10.0.1/include
 /Applications/Xcode.app/Contents/Developer/Toolchains/XcodeDefault.xctoolchain/usr/include
 /Applications/Xcode.app/Contents/Developer/Platforms/iPhoneOS.platform/Developer/SDKs/iPhoneOS.sdk/usr/include
 /Applications/Xcode.app/Contents/Developer/Platforms/iPhoneOS.platform/Developer/SDKs/iPhoneOS.sdk/System/Library/Frameworks (framework directory)
End of search list.
Linking C executable cmTC_151c9
/usr/local/Cellar/cmake/3.14.1/bin/cmake -E cmake_link_script CMakeFiles/cmTC_151c9.dir/link.txt --verbose=1
/Applications/Xcode.app/Contents/Developer/Toolchains/XcodeDefault.xctoolchain/usr/bin/clang -Wall -arch arm64 -miphoneos-version-min=7.0 -funwind-tables  -isysroot /Applications/Xcode.app/Contents/Developer/Platforms/iPhoneOS.platform/Developer/SDKs/iPhoneOS.sdk -Wl,-headerpad_max_install_names  -v -Wl,-v CMakeFiles/cmTC_151c9.dir/CMakeCCompilerABI.c.o  -o cmTC_151c9 
Apple LLVM version 10.0.1 (clang-1001.0.46.3)
Target: aarch64-apple-darwin18.2.0
Thread model: posix
InstalledDir: /Applications/Xcode.app/Contents/Developer/Toolchains/XcodeDefault.xctoolchain/usr/bin
 "/Applications/Xcode.app/Contents/Developer/Toolchains/XcodeDefault.xctoolchain/usr/bin/ld" -demangle -lto_library /Applications/Xcode.app/Contents/Developer/Toolchains/XcodeDefault.xctoolchain/usr/lib/libLTO.dylib -dynamic -arch arm64 -iphoneos_version_min 7.0.0 -syslibroot /Applications/Xcode.app/Contents/Developer/Platforms/iPhoneOS.platform/Developer/SDKs/iPhoneOS.sdk -o cmTC_151c9 -headerpad_max_install_names -v CMakeFiles/cmTC_151c9.dir/CMakeCCompilerABI.c.o -lSystem /Applications/Xcode.app/Contents/Developer/Toolchains/XcodeDefault.xctoolchain/usr/lib/clang/10.0.1/lib/darwin/libclang_rt.ios.a
@(#)PROGRAM:ld  PROJECT:ld64-450.3
BUILD 18:01:43 Mar 13 2019
configured to support archs: armv6 armv7 armv7s arm64 arm64e arm64_32 i386 x86_64 x86_64h armv6m armv7k armv7m armv7em
Library search paths:
	/Applications/Xcode.app/Contents/Developer/Platforms/iPhoneOS.platform/Developer/SDKs/iPhoneOS.sdk/usr/lib
Framework search paths:
	/Applications/Xcode.app/Contents/Developer/Platforms/iPhoneOS.platform/Developer/SDKs/iPhoneOS.sdk/System/Library/Frameworks/


Parsed C implicit include dir info from above output: rv=done
  found start of include info
  found start of implicit include info
    add: [/Applications/Xcode.app/Contents/Developer/Toolchains/XcodeDefault.xctoolchain/usr/lib/clang/10.0.1/include]
    add: [/Applications/Xcode.app/Contents/Developer/Toolchains/XcodeDefault.xctoolchain/usr/include]
    add: [/Applications/Xcode.app/Contents/Developer/Platforms/iPhoneOS.platform/Developer/SDKs/iPhoneOS.sdk/usr/include]
  end of search list found
  collapse include dir [/Applications/Xcode.app/Contents/Developer/Toolchains/XcodeDefault.xctoolchain/usr/lib/clang/10.0.1/include] ==> [/Applications/Xcode.app/Contents/Developer/Toolchains/XcodeDefault.xctoolchain/usr/lib/clang/10.0.1/include]
  collapse include dir [/Applications/Xcode.app/Contents/Developer/Toolchains/XcodeDefault.xctoolchain/usr/include] ==> [/Applications/Xcode.app/Contents/Developer/Toolchains/XcodeDefault.xctoolchain/usr/include]
  collapse include dir [/Applications/Xcode.app/Contents/Developer/Platforms/iPhoneOS.platform/Developer/SDKs/iPhoneOS.sdk/usr/include] ==> [/Applications/Xcode.app/Contents/Developer/Platforms/iPhoneOS.platform/Developer/SDKs/iPhoneOS.sdk/usr/include]
  implicit include dirs: [/Applications/Xcode.app/Contents/Developer/Toolchains/XcodeDefault.xctoolchain/usr/lib/clang/10.0.1/include;/Applications/Xcode.app/Contents/Developer/Toolchains/XcodeDefault.xctoolchain/usr/include;/Applications/Xcode.app/Contents/Developer/Platforms/iPhoneOS.platform/Developer/SDKs/iPhoneOS.sdk/usr/include]


Parsed C implicit link information from above output:
  link line regex: [^( *|.*[/\])(ld|CMAKE_LINK_STARTFILE-NOTFOUND|([^/\]+-)?ld|collect2)[^/\]*( |$)]
  ignore line: [Change Dir: /Users/chenjie/Documents/git/ios-libjpeg/CMakeFiles/CMakeTmp]
  ignore line: []
  ignore line: [Run Build Command(s):/usr/bin/make cmTC_151c9/fast ]
  ignore line: [/Applications/Xcode.app/Contents/Developer/usr/bin/make -f CMakeFiles/cmTC_151c9.dir/build.make CMakeFiles/cmTC_151c9.dir/build]
  ignore line: [Building C object CMakeFiles/cmTC_151c9.dir/CMakeCCompilerABI.c.o]
  ignore line: [/Applications/Xcode.app/Contents/Developer/Toolchains/XcodeDefault.xctoolchain/usr/bin/clang   -Wall -arch arm64 -miphoneos-version-min=7.0 -funwind-tables  -isysroot /Applications/Xcode.app/Contents/Developer/Platforms/iPhoneOS.platform/Developer/SDKs/iPhoneOS.sdk   -v -Wl,-v -o CMakeFiles/cmTC_151c9.dir/CMakeCCompilerABI.c.o   -c /usr/local/Cellar/cmake/3.14.1/share/cmake/Modules/CMakeCCompilerABI.c]
  ignore line: [Apple LLVM version 10.0.1 (clang-1001.0.46.3)]
  ignore line: [Target: aarch64-apple-darwin18.2.0]
  ignore line: [Thread model: posix]
  ignore line: [InstalledDir: /Applications/Xcode.app/Contents/Developer/Toolchains/XcodeDefault.xctoolchain/usr/bin]
  ignore line: [clang: warning: -Wl,-v: 'linker' input unused [-Wunused-command-line-argument]]
  ignore line: [ "/Applications/Xcode.app/Contents/Developer/Toolchains/XcodeDefault.xctoolchain/usr/bin/clang" -cc1 -triple arm64-apple-ios7.0.0 -Wdeprecated-objc-isa-usage -Werror=deprecated-objc-isa-usage -Werror=implicit-function-declaration -emit-obj -mrelax-all -disable-free -disable-llvm-verifier -discard-value-names -main-file-name CMakeCCompilerABI.c -mrelocation-model pic -pic-level 2 -mthread-model posix -mdisable-fp-elim -fno-strict-return -masm-verbose -munwind-tables -faligned-alloc-unavailable -target-cpu cyclone -target-feature +fp-armv8 -target-feature +neon -target-feature +crypto -target-feature +zcm -target-feature +zcz -target-abi darwinpcs -fallow-half-arguments-and-returns -dwarf-column-info -debugger-tuning=lldb -target-linker-version 450.3 -v -coverage-notes-file /Users/chenjie/Documents/git/ios-libjpeg/CMakeFiles/CMakeTmp/CMakeFiles/cmTC_151c9.dir/CMakeCCompilerABI.c.gcno -resource-dir /Applications/Xcode.app/Contents/Developer/Toolchains/XcodeDefault.xctoolchain/usr/lib/clang/10.0.1 -isysroot /Applications/Xcode.app/Contents/Developer/Platforms/iPhoneOS.platform/Developer/SDKs/iPhoneOS.sdk -Wall -Wno-atomic-implicit-seq-cst -Wno-framework-include-private-from-public -Wno-atimport-in-framework-header -Wno-quoted-include-in-framework-header -fdebug-compilation-dir /Users/chenjie/Documents/git/ios-libjpeg/CMakeFiles/CMakeTmp -ferror-limit 19 -fmessage-length 0 -stack-protector 1 -fblocks -fencode-extended-block-signature -fregister-global-dtors-with-atexit -fobjc-runtime=ios-7.0.0 -fmax-type-align=16 -fdiagnostics-show-option -o CMakeFiles/cmTC_151c9.dir/CMakeCCompilerABI.c.o -x c /usr/local/Cellar/cmake/3.14.1/share/cmake/Modules/CMakeCCompilerABI.c]
  ignore line: [clang -cc1 version 10.0.1 (clang-1001.0.46.3) default target x86_64-apple-darwin18.2.0]
  ignore line: [ignoring nonexistent directory "/Applications/Xcode.app/Contents/Developer/Platforms/iPhoneOS.platform/Developer/SDKs/iPhoneOS.sdk/usr/local/include"]
  ignore line: [ignoring nonexistent directory "/Applications/Xcode.app/Contents/Developer/Platforms/iPhoneOS.platform/Developer/SDKs/iPhoneOS.sdk/Library/Frameworks"]
  ignore line: [#include "..." search starts here:]
  ignore line: [#include <...> search starts here:]
  ignore line: [ /Applications/Xcode.app/Contents/Developer/Toolchains/XcodeDefault.xctoolchain/usr/lib/clang/10.0.1/include]
  ignore line: [ /Applications/Xcode.app/Contents/Developer/Toolchains/XcodeDefault.xctoolchain/usr/include]
  ignore line: [ /Applications/Xcode.app/Contents/Developer/Platforms/iPhoneOS.platform/Developer/SDKs/iPhoneOS.sdk/usr/include]
  ignore line: [ /Applications/Xcode.app/Contents/Developer/Platforms/iPhoneOS.platform/Developer/SDKs/iPhoneOS.sdk/System/Library/Frameworks (framework directory)]
  ignore line: [End of search list.]
  ignore line: [Linking C executable cmTC_151c9]
  ignore line: [/usr/local/Cellar/cmake/3.14.1/bin/cmake -E cmake_link_script CMakeFiles/cmTC_151c9.dir/link.txt --verbose=1]
  ignore line: [/Applications/Xcode.app/Contents/Developer/Toolchains/XcodeDefault.xctoolchain/usr/bin/clang -Wall -arch arm64 -miphoneos-version-min=7.0 -funwind-tables  -isysroot /Applications/Xcode.app/Contents/Developer/Platforms/iPhoneOS.platform/Developer/SDKs/iPhoneOS.sdk -Wl,-headerpad_max_install_names  -v -Wl,-v CMakeFiles/cmTC_151c9.dir/CMakeCCompilerABI.c.o  -o cmTC_151c9 ]
  ignore line: [Apple LLVM version 10.0.1 (clang-1001.0.46.3)]
  ignore line: [Target: aarch64-apple-darwin18.2.0]
  ignore line: [Thread model: posix]
  ignore line: [InstalledDir: /Applications/Xcode.app/Contents/Developer/Toolchains/XcodeDefault.xctoolchain/usr/bin]
  link line: [ "/Applications/Xcode.app/Contents/Developer/Toolchains/XcodeDefault.xctoolchain/usr/bin/ld" -demangle -lto_library /Applications/Xcode.app/Contents/Developer/Toolchains/XcodeDefault.xctoolchain/usr/lib/libLTO.dylib -dynamic -arch arm64 -iphoneos_version_min 7.0.0 -syslibroot /Applications/Xcode.app/Contents/Developer/Platforms/iPhoneOS.platform/Developer/SDKs/iPhoneOS.sdk -o cmTC_151c9 -headerpad_max_install_names -v CMakeFiles/cmTC_151c9.dir/CMakeCCompilerABI.c.o -lSystem /Applications/Xcode.app/Contents/Developer/Toolchains/XcodeDefault.xctoolchain/usr/lib/clang/10.0.1/lib/darwin/libclang_rt.ios.a]
    arg [/Applications/Xcode.app/Contents/Developer/Toolchains/XcodeDefault.xctoolchain/usr/bin/ld] ==> ignore
    arg [-demangle] ==> ignore
    arg [-lto_library] ==> ignore, skip following value
    arg [/Applications/Xcode.app/Contents/Developer/Toolchains/XcodeDefault.xctoolchain/usr/lib/libLTO.dylib] ==> skip value of -lto_library
    arg [-dynamic] ==> ignore
    arg [-arch] ==> ignore
    arg [arm64] ==> ignore
    arg [-iphoneos_version_min] ==> ignore
    arg [7.0.0] ==> ignore
    arg [-syslibroot] ==> ignore
    arg [/Applications/Xcode.app/Contents/Developer/Platforms/iPhoneOS.platform/Developer/SDKs/iPhoneOS.sdk] ==> ignore
    arg [-o] ==> ignore
    arg [cmTC_151c9] ==> ignore
    arg [-headerpad_max_install_names] ==> ignore
    arg [-v] ==> ignore
    arg [CMakeFiles/cmTC_151c9.dir/CMakeCCompilerABI.c.o] ==> ignore
    arg [-lSystem] ==> lib [System]
    arg [/Applications/Xcode.app/Contents/Developer/Toolchains/XcodeDefault.xctoolchain/usr/lib/clang/10.0.1/lib/darwin/libclang_rt.ios.a] ==> lib [/Applications/Xcode.app/Contents/Developer/Toolchains/XcodeDefault.xctoolchain/usr/lib/clang/10.0.1/lib/darwin/libclang_rt.ios.a]
  Library search paths: [;/Applications/Xcode.app/Contents/Developer/Platforms/iPhoneOS.platform/Developer/SDKs/iPhoneOS.sdk/usr/lib]
  Framework search paths: [;/Applications/Xcode.app/Contents/Developer/Platforms/iPhoneOS.platform/Developer/SDKs/iPhoneOS.sdk/System/Library/Frameworks/]
  remove lib [System]
  remove lib [/Applications/Xcode.app/Contents/Developer/Toolchains/XcodeDefault.xctoolchain/usr/lib/clang/10.0.1/lib/darwin/libclang_rt.ios.a]
  collapse library dir [/Applications/Xcode.app/Contents/Developer/Platforms/iPhoneOS.platform/Developer/SDKs/iPhoneOS.sdk/usr/lib] ==> [/Applications/Xcode.app/Contents/Developer/Platforms/iPhoneOS.platform/Developer/SDKs/iPhoneOS.sdk/usr/lib]
  collapse framework dir [/Applications/Xcode.app/Contents/Developer/Platforms/iPhoneOS.platform/Developer/SDKs/iPhoneOS.sdk/System/Library/Frameworks/] ==> [/Applications/Xcode.app/Contents/Developer/Platforms/iPhoneOS.platform/Developer/SDKs/iPhoneOS.sdk/System/Library/Frameworks]
  implicit libs: []
  implicit dirs: [/Applications/Xcode.app/Contents/Developer/Platforms/iPhoneOS.platform/Developer/SDKs/iPhoneOS.sdk/usr/lib]
  implicit fwks: [/Applications/Xcode.app/Contents/Developer/Platforms/iPhoneOS.platform/Developer/SDKs/iPhoneOS.sdk/System/Library/Frameworks]




Detecting C [-std=c11] compiler features compiled with the following output:
Change Dir: /Users/chenjie/Documents/git/ios-libjpeg/CMakeFiles/CMakeTmp

Run Build Command(s):/usr/bin/make cmTC_b172e/fast 
/Applications/Xcode.app/Contents/Developer/usr/bin/make -f CMakeFiles/cmTC_b172e.dir/build.make CMakeFiles/cmTC_b172e.dir/build
Building C object CMakeFiles/cmTC_b172e.dir/feature_tests.c.o
/Applications/Xcode.app/Contents/Developer/Toolchains/XcodeDefault.xctoolchain/usr/bin/clang   -Wall -arch arm64 -miphoneos-version-min=7.0 -funwind-tables  -isysroot /Applications/Xcode.app/Contents/Developer/Platforms/iPhoneOS.platform/Developer/SDKs/iPhoneOS.sdk   -std=c11 -o CMakeFiles/cmTC_b172e.dir/feature_tests.c.o   -c /Users/chenjie/Documents/git/ios-libjpeg/CMakeFiles/feature_tests.c
Linking C executable cmTC_b172e
/usr/local/Cellar/cmake/3.14.1/bin/cmake -E cmake_link_script CMakeFiles/cmTC_b172e.dir/link.txt --verbose=1
/Applications/Xcode.app/Contents/Developer/Toolchains/XcodeDefault.xctoolchain/usr/bin/clang -Wall -arch arm64 -miphoneos-version-min=7.0 -funwind-tables  -isysroot /Applications/Xcode.app/Contents/Developer/Platforms/iPhoneOS.platform/Developer/SDKs/iPhoneOS.sdk -Wl,-headerpad_max_install_names   CMakeFiles/cmTC_b172e.dir/feature_tests.c.o  -o cmTC_b172e 


    Feature record: C_FEATURE:1c_function_prototypes
    Feature record: C_FEATURE:1c_restrict
    Feature record: C_FEATURE:1c_static_assert
    Feature record: C_FEATURE:1c_variadic_macros


Detecting C [-std=c99] compiler features compiled with the following output:
Change Dir: /Users/chenjie/Documents/git/ios-libjpeg/CMakeFiles/CMakeTmp

Run Build Command(s):/usr/bin/make cmTC_76c6f/fast 
/Applications/Xcode.app/Contents/Developer/usr/bin/make -f CMakeFiles/cmTC_76c6f.dir/build.make CMakeFiles/cmTC_76c6f.dir/build
Building C object CMakeFiles/cmTC_76c6f.dir/feature_tests.c.o
/Applications/Xcode.app/Contents/Developer/Toolchains/XcodeDefault.xctoolchain/usr/bin/clang   -Wall -arch arm64 -miphoneos-version-min=7.0 -funwind-tables  -isysroot /Applications/Xcode.app/Contents/Developer/Platforms/iPhoneOS.platform/Developer/SDKs/iPhoneOS.sdk   -std=c99 -o CMakeFiles/cmTC_76c6f.dir/feature_tests.c.o   -c /Users/chenjie/Documents/git/ios-libjpeg/CMakeFiles/feature_tests.c
Linking C executable cmTC_76c6f
/usr/local/Cellar/cmake/3.14.1/bin/cmake -E cmake_link_script CMakeFiles/cmTC_76c6f.dir/link.txt --verbose=1
/Applications/Xcode.app/Contents/Developer/Toolchains/XcodeDefault.xctoolchain/usr/bin/clang -Wall -arch arm64 -miphoneos-version-min=7.0 -funwind-tables  -isysroot /Applications/Xcode.app/Contents/Developer/Platforms/iPhoneOS.platform/Developer/SDKs/iPhoneOS.sdk -Wl,-headerpad_max_install_names   CMakeFiles/cmTC_76c6f.dir/feature_tests.c.o  -o cmTC_76c6f 


    Feature record: C_FEATURE:1c_function_prototypes
    Feature record: C_FEATURE:1c_restrict
    Feature record: C_FEATURE:0c_static_assert
    Feature record: C_FEATURE:1c_variadic_macros


Detecting C [-std=c90] compiler features compiled with the following output:
Change Dir: /Users/chenjie/Documents/git/ios-libjpeg/CMakeFiles/CMakeTmp

Run Build Command(s):/usr/bin/make cmTC_48b07/fast 
/Applications/Xcode.app/Contents/Developer/usr/bin/make -f CMakeFiles/cmTC_48b07.dir/build.make CMakeFiles/cmTC_48b07.dir/build
Building C object CMakeFiles/cmTC_48b07.dir/feature_tests.c.o
/Applications/Xcode.app/Contents/Developer/Toolchains/XcodeDefault.xctoolchain/usr/bin/clang   -Wall -arch arm64 -miphoneos-version-min=7.0 -funwind-tables  -isysroot /Applications/Xcode.app/Contents/Developer/Platforms/iPhoneOS.platform/Developer/SDKs/iPhoneOS.sdk   -std=c90 -o CMakeFiles/cmTC_48b07.dir/feature_tests.c.o   -c /Users/chenjie/Documents/git/ios-libjpeg/CMakeFiles/feature_tests.c
Linking C executable cmTC_48b07
/usr/local/Cellar/cmake/3.14.1/bin/cmake -E cmake_link_script CMakeFiles/cmTC_48b07.dir/link.txt --verbose=1
/Applications/Xcode.app/Contents/Developer/Toolchains/XcodeDefault.xctoolchain/usr/bin/clang -Wall -arch arm64 -miphoneos-version-min=7.0 -funwind-tables  -isysroot /Applications/Xcode.app/Contents/Developer/Platforms/iPhoneOS.platform/Developer/SDKs/iPhoneOS.sdk -Wl,-headerpad_max_install_names   CMakeFiles/cmTC_48b07.dir/feature_tests.c.o  -o cmTC_48b07 


    Feature record: C_FEATURE:1c_function_prototypes
    Feature record: C_FEATURE:0c_restrict
    Feature record: C_FEATURE:0c_static_assert
    Feature record: C_FEATURE:0c_variadic_macros
Determining if the include file sys/types.h exists passed with the following output:
Change Dir: /Users/chenjie/Documents/git/ios-libjpeg/CMakeFiles/CMakeTmp

Run Build Command(s):/usr/bin/make cmTC_268e3/fast 
/Applications/Xcode.app/Contents/Developer/usr/bin/make -f CMakeFiles/cmTC_268e3.dir/build.make CMakeFiles/cmTC_268e3.dir/build
Building C object CMakeFiles/cmTC_268e3.dir/CheckIncludeFile.c.o
/Applications/Xcode.app/Contents/Developer/Toolchains/XcodeDefault.xctoolchain/usr/bin/clang   -Wall -arch arm64 -miphoneos-version-min=7.0 -funwind-tables  -isysroot /Applications/Xcode.app/Contents/Developer/Platforms/iPhoneOS.platform/Developer/SDKs/iPhoneOS.sdk   -o CMakeFiles/cmTC_268e3.dir/CheckIncludeFile.c.o   -c /Users/chenjie/Documents/git/ios-libjpeg/CMakeFiles/CMakeTmp/CheckIncludeFile.c
Linking C executable cmTC_268e3
/usr/local/Cellar/cmake/3.14.1/bin/cmake -E cmake_link_script CMakeFiles/cmTC_268e3.dir/link.txt --verbose=1
/Applications/Xcode.app/Contents/Developer/Toolchains/XcodeDefault.xctoolchain/usr/bin/clang -Wall -arch arm64 -miphoneos-version-min=7.0 -funwind-tables  -isysroot /Applications/Xcode.app/Contents/Developer/Platforms/iPhoneOS.platform/Developer/SDKs/iPhoneOS.sdk -Wl,-headerpad_max_install_names   CMakeFiles/cmTC_268e3.dir/CheckIncludeFile.c.o  -o cmTC_268e3 


Determining if the include file stdint.h exists passed with the following output:
Change Dir: /Users/chenjie/Documents/git/ios-libjpeg/CMakeFiles/CMakeTmp

Run Build Command(s):/usr/bin/make cmTC_b06fe/fast 
/Applications/Xcode.app/Contents/Developer/usr/bin/make -f CMakeFiles/cmTC_b06fe.dir/build.make CMakeFiles/cmTC_b06fe.dir/build
Building C object CMakeFiles/cmTC_b06fe.dir/CheckIncludeFile.c.o
/Applications/Xcode.app/Contents/Developer/Toolchains/XcodeDefault.xctoolchain/usr/bin/clang   -Wall -arch arm64 -miphoneos-version-min=7.0 -funwind-tables  -isysroot /Applications/Xcode.app/Contents/Developer/Platforms/iPhoneOS.platform/Developer/SDKs/iPhoneOS.sdk   -o CMakeFiles/cmTC_b06fe.dir/CheckIncludeFile.c.o   -c /Users/chenjie/Documents/git/ios-libjpeg/CMakeFiles/CMakeTmp/CheckIncludeFile.c
Linking C executable cmTC_b06fe
/usr/local/Cellar/cmake/3.14.1/bin/cmake -E cmake_link_script CMakeFiles/cmTC_b06fe.dir/link.txt --verbose=1
/Applications/Xcode.app/Contents/Developer/Toolchains/XcodeDefault.xctoolchain/usr/bin/clang -Wall -arch arm64 -miphoneos-version-min=7.0 -funwind-tables  -isysroot /Applications/Xcode.app/Contents/Developer/Platforms/iPhoneOS.platform/Developer/SDKs/iPhoneOS.sdk -Wl,-headerpad_max_install_names   CMakeFiles/cmTC_b06fe.dir/CheckIncludeFile.c.o  -o cmTC_b06fe 


Determining if the include file stddef.h exists passed with the following output:
Change Dir: /Users/chenjie/Documents/git/ios-libjpeg/CMakeFiles/CMakeTmp

Run Build Command(s):/usr/bin/make cmTC_95925/fast 
/Applications/Xcode.app/Contents/Developer/usr/bin/make -f CMakeFiles/cmTC_95925.dir/build.make CMakeFiles/cmTC_95925.dir/build
Building C object CMakeFiles/cmTC_95925.dir/CheckIncludeFile.c.o
/Applications/Xcode.app/Contents/Developer/Toolchains/XcodeDefault.xctoolchain/usr/bin/clang   -Wall -arch arm64 -miphoneos-version-min=7.0 -funwind-tables  -isysroot /Applications/Xcode.app/Contents/Developer/Platforms/iPhoneOS.platform/Developer/SDKs/iPhoneOS.sdk   -o CMakeFiles/cmTC_95925.dir/CheckIncludeFile.c.o   -c /Users/chenjie/Documents/git/ios-libjpeg/CMakeFiles/CMakeTmp/CheckIncludeFile.c
Linking C executable cmTC_95925
/usr/local/Cellar/cmake/3.14.1/bin/cmake -E cmake_link_script CMakeFiles/cmTC_95925.dir/link.txt --verbose=1
/Applications/Xcode.app/Contents/Developer/Toolchains/XcodeDefault.xctoolchain/usr/bin/clang -Wall -arch arm64 -miphoneos-version-min=7.0 -funwind-tables  -isysroot /Applications/Xcode.app/Contents/Developer/Platforms/iPhoneOS.platform/Developer/SDKs/iPhoneOS.sdk -Wl,-headerpad_max_install_names   CMakeFiles/cmTC_95925.dir/CheckIncludeFile.c.o  -o cmTC_95925 


Determining size of size_t passed with the following output:
Change Dir: /Users/chenjie/Documents/git/ios-libjpeg/CMakeFiles/CMakeTmp

Run Build Command(s):/usr/bin/make cmTC_f3286/fast 
/Applications/Xcode.app/Contents/Developer/usr/bin/make -f CMakeFiles/cmTC_f3286.dir/build.make CMakeFiles/cmTC_f3286.dir/build
Building C object CMakeFiles/cmTC_f3286.dir/SIZE_T.c.o
/Applications/Xcode.app/Contents/Developer/Toolchains/XcodeDefault.xctoolchain/usr/bin/clang   -Wall -arch arm64 -miphoneos-version-min=7.0 -funwind-tables  -isysroot /Applications/Xcode.app/Contents/Developer/Platforms/iPhoneOS.platform/Developer/SDKs/iPhoneOS.sdk   -o CMakeFiles/cmTC_f3286.dir/SIZE_T.c.o   -c /Users/chenjie/Documents/git/ios-libjpeg/CMakeFiles/CheckTypeSize/SIZE_T.c
Linking C executable cmTC_f3286
/usr/local/Cellar/cmake/3.14.1/bin/cmake -E cmake_link_script CMakeFiles/cmTC_f3286.dir/link.txt --verbose=1
/Applications/Xcode.app/Contents/Developer/Toolchains/XcodeDefault.xctoolchain/usr/bin/clang -Wall -arch arm64 -miphoneos-version-min=7.0 -funwind-tables  -isysroot /Applications/Xcode.app/Contents/Developer/Platforms/iPhoneOS.platform/Developer/SDKs/iPhoneOS.sdk -Wl,-headerpad_max_install_names   CMakeFiles/cmTC_f3286.dir/SIZE_T.c.o  -o cmTC_f3286 


Determining size of unsigned long passed with the following output:
Change Dir: /Users/chenjie/Documents/git/ios-libjpeg/CMakeFiles/CMakeTmp

Run Build Command(s):/usr/bin/make cmTC_8a27a/fast 
/Applications/Xcode.app/Contents/Developer/usr/bin/make -f CMakeFiles/cmTC_8a27a.dir/build.make CMakeFiles/cmTC_8a27a.dir/build
Building C object CMakeFiles/cmTC_8a27a.dir/UNSIGNED_LONG.c.o
/Applications/Xcode.app/Contents/Developer/Toolchains/XcodeDefault.xctoolchain/usr/bin/clang   -Wall -arch arm64 -miphoneos-version-min=7.0 -funwind-tables  -isysroot /Applications/Xcode.app/Contents/Developer/Platforms/iPhoneOS.platform/Developer/SDKs/iPhoneOS.sdk   -o CMakeFiles/cmTC_8a27a.dir/UNSIGNED_LONG.c.o   -c /Users/chenjie/Documents/git/ios-libjpeg/CMakeFiles/CheckTypeSize/UNSIGNED_LONG.c
Linking C executable cmTC_8a27a
/usr/local/Cellar/cmake/3.14.1/bin/cmake -E cmake_link_script CMakeFiles/cmTC_8a27a.dir/link.txt --verbose=1
/Applications/Xcode.app/Contents/Developer/Toolchains/XcodeDefault.xctoolchain/usr/bin/clang -Wall -arch arm64 -miphoneos-version-min=7.0 -funwind-tables  -isysroot /Applications/Xcode.app/Contents/Developer/Platforms/iPhoneOS.platform/Developer/SDKs/iPhoneOS.sdk -Wl,-headerpad_max_install_names   CMakeFiles/cmTC_8a27a.dir/UNSIGNED_LONG.c.o  -o cmTC_8a27a 


Performing C SOURCE FILE Test HAVE_BUILTIN_CTZL succeeded with the following output:
Change Dir: /Users/chenjie/Documents/git/ios-libjpeg/CMakeFiles/CMakeTmp

Run Build Command(s):/usr/bin/make cmTC_64296/fast 
/Applications/Xcode.app/Contents/Developer/usr/bin/make -f CMakeFiles/cmTC_64296.dir/build.make CMakeFiles/cmTC_64296.dir/build
Building C object CMakeFiles/cmTC_64296.dir/src.c.o
/Applications/Xcode.app/Contents/Developer/Toolchains/XcodeDefault.xctoolchain/usr/bin/clang   -Wall -arch arm64 -miphoneos-version-min=7.0 -funwind-tables -DHAVE_BUILTIN_CTZL -isysroot /Applications/Xcode.app/Contents/Developer/Platforms/iPhoneOS.platform/Developer/SDKs/iPhoneOS.sdk   -o CMakeFiles/cmTC_64296.dir/src.c.o   -c /Users/chenjie/Documents/git/ios-libjpeg/CMakeFiles/CMakeTmp/src.c
Linking C executable cmTC_64296
/usr/local/Cellar/cmake/3.14.1/bin/cmake -E cmake_link_script CMakeFiles/cmTC_64296.dir/link.txt --verbose=1
/Applications/Xcode.app/Contents/Developer/Toolchains/XcodeDefault.xctoolchain/usr/bin/clang -Wall -arch arm64 -miphoneos-version-min=7.0 -funwind-tables -DHAVE_BUILTIN_CTZL -isysroot /Applications/Xcode.app/Contents/Developer/Platforms/iPhoneOS.platform/Developer/SDKs/iPhoneOS.sdk -Wl,-headerpad_max_install_names   CMakeFiles/cmTC_64296.dir/src.c.o  -o cmTC_64296 

Source file was:
int main(int argc, char **argv) { unsigned long a = argc;  return __builtin_ctzl(a); }
Determining if files locale.h exist passed with the following output:
Change Dir: /Users/chenjie/Documents/git/ios-libjpeg/CMakeFiles/CMakeTmp

Run Build Command(s):/usr/bin/make cmTC_e9fe5/fast 
/Applications/Xcode.app/Contents/Developer/usr/bin/make -f CMakeFiles/cmTC_e9fe5.dir/build.make CMakeFiles/cmTC_e9fe5.dir/build
Building C object CMakeFiles/cmTC_e9fe5.dir/HAVE_LOCALE_H.c.o
/Applications/Xcode.app/Contents/Developer/Toolchains/XcodeDefault.xctoolchain/usr/bin/clang   -Wall -arch arm64 -miphoneos-version-min=7.0 -funwind-tables  -isysroot /Applications/Xcode.app/Contents/Developer/Platforms/iPhoneOS.platform/Developer/SDKs/iPhoneOS.sdk   -o CMakeFiles/cmTC_e9fe5.dir/HAVE_LOCALE_H.c.o   -c /Users/chenjie/Documents/git/ios-libjpeg/CMakeFiles/CheckIncludeFiles/HAVE_LOCALE_H.c
Linking C executable cmTC_e9fe5
/usr/local/Cellar/cmake/3.14.1/bin/cmake -E cmake_link_script CMakeFiles/cmTC_e9fe5.dir/link.txt --verbose=1
/Applications/Xcode.app/Contents/Developer/Toolchains/XcodeDefault.xctoolchain/usr/bin/clang -Wall -arch arm64 -miphoneos-version-min=7.0 -funwind-tables  -isysroot /Applications/Xcode.app/Contents/Developer/Platforms/iPhoneOS.platform/Developer/SDKs/iPhoneOS.sdk -Wl,-headerpad_max_install_names   CMakeFiles/cmTC_e9fe5.dir/HAVE_LOCALE_H.c.o  -o cmTC_e9fe5 


Determining if files stdlib.h exist passed with the following output:
Change Dir: /Users/chenjie/Documents/git/ios-libjpeg/CMakeFiles/CMakeTmp

Run Build Command(s):/usr/bin/make cmTC_67a11/fast 
/Applications/Xcode.app/Contents/Developer/usr/bin/make -f CMakeFiles/cmTC_67a11.dir/build.make CMakeFiles/cmTC_67a11.dir/build
Building C object CMakeFiles/cmTC_67a11.dir/HAVE_STDLIB_H.c.o
/Applications/Xcode.app/Contents/Developer/Toolchains/XcodeDefault.xctoolchain/usr/bin/clang   -Wall -arch arm64 -miphoneos-version-min=7.0 -funwind-tables  -isysroot /Applications/Xcode.app/Contents/Developer/Platforms/iPhoneOS.platform/Developer/SDKs/iPhoneOS.sdk   -o CMakeFiles/cmTC_67a11.dir/HAVE_STDLIB_H.c.o   -c /Users/chenjie/Documents/git/ios-libjpeg/CMakeFiles/CheckIncludeFiles/HAVE_STDLIB_H.c
Linking C executable cmTC_67a11
/usr/local/Cellar/cmake/3.14.1/bin/cmake -E cmake_link_script CMakeFiles/cmTC_67a11.dir/link.txt --verbose=1
/Applications/Xcode.app/Contents/Developer/Toolchains/XcodeDefault.xctoolchain/usr/bin/clang -Wall -arch arm64 -miphoneos-version-min=7.0 -funwind-tables  -isysroot /Applications/Xcode.app/Contents/Developer/Platforms/iPhoneOS.platform/Developer/SDKs/iPhoneOS.sdk -Wl,-headerpad_max_install_names   CMakeFiles/cmTC_67a11.dir/HAVE_STDLIB_H.c.o  -o cmTC_67a11 


Determining if files sys/types.h exist passed with the following output:
Change Dir: /Users/chenjie/Documents/git/ios-libjpeg/CMakeFiles/CMakeTmp

Run Build Command(s):/usr/bin/make cmTC_855b6/fast 
/Applications/Xcode.app/Contents/Developer/usr/bin/make -f CMakeFiles/cmTC_855b6.dir/build.make CMakeFiles/cmTC_855b6.dir/build
Building C object CMakeFiles/cmTC_855b6.dir/NEED_SYS_TYPES_H.c.o
/Applications/Xcode.app/Contents/Developer/Toolchains/XcodeDefault.xctoolchain/usr/bin/clang   -Wall -arch arm64 -miphoneos-version-min=7.0 -funwind-tables  -isysroot /Applications/Xcode.app/Contents/Developer/Platforms/iPhoneOS.platform/Developer/SDKs/iPhoneOS.sdk   -o CMakeFiles/cmTC_855b6.dir/NEED_SYS_TYPES_H.c.o   -c /Users/chenjie/Documents/git/ios-libjpeg/CMakeFiles/CheckIncludeFiles/NEED_SYS_TYPES_H.c
Linking C executable cmTC_855b6
/usr/local/Cellar/cmake/3.14.1/bin/cmake -E cmake_link_script CMakeFiles/cmTC_855b6.dir/link.txt --verbose=1
/Applications/Xcode.app/Contents/Developer/Toolchains/XcodeDefault.xctoolchain/usr/bin/clang -Wall -arch arm64 -miphoneos-version-min=7.0 -funwind-tables  -isysroot /Applications/Xcode.app/Contents/Developer/Platforms/iPhoneOS.platform/Developer/SDKs/iPhoneOS.sdk -Wl,-headerpad_max_install_names   CMakeFiles/cmTC_855b6.dir/NEED_SYS_TYPES_H.c.o  -o cmTC_855b6 


Determining if the memset exist passed with the following output:
Change Dir: /Users/chenjie/Documents/git/ios-libjpeg/CMakeFiles/CMakeTmp

Run Build Command(s):/usr/bin/make cmTC_831dd/fast 
/Applications/Xcode.app/Contents/Developer/usr/bin/make -f CMakeFiles/cmTC_831dd.dir/build.make CMakeFiles/cmTC_831dd.dir/build
Building C object CMakeFiles/cmTC_831dd.dir/CheckSymbolExists.c.o
/Applications/Xcode.app/Contents/Developer/Toolchains/XcodeDefault.xctoolchain/usr/bin/clang   -Wall -arch arm64 -miphoneos-version-min=7.0 -funwind-tables  -isysroot /Applications/Xcode.app/Contents/Developer/Platforms/iPhoneOS.platform/Developer/SDKs/iPhoneOS.sdk   -o CMakeFiles/cmTC_831dd.dir/CheckSymbolExists.c.o   -c /Users/chenjie/Documents/git/ios-libjpeg/CMakeFiles/CMakeTmp/CheckSymbolExists.c
Linking C executable cmTC_831dd
/usr/local/Cellar/cmake/3.14.1/bin/cmake -E cmake_link_script CMakeFiles/cmTC_831dd.dir/link.txt --verbose=1
/Applications/Xcode.app/Contents/Developer/Toolchains/XcodeDefault.xctoolchain/usr/bin/clang -Wall -arch arm64 -miphoneos-version-min=7.0 -funwind-tables  -isysroot /Applications/Xcode.app/Contents/Developer/Platforms/iPhoneOS.platform/Developer/SDKs/iPhoneOS.sdk -Wl,-headerpad_max_install_names   CMakeFiles/cmTC_831dd.dir/CheckSymbolExists.c.o  -o cmTC_831dd 

File /Users/chenjie/Documents/git/ios-libjpeg/CMakeFiles/CMakeTmp/CheckSymbolExists.c:
/* */
#include <string.h>

int main(int argc, char** argv)
{
  (void)argv;
#ifndef memset
  return ((int*)(&memset))[argc];
#else
  (void)argc;
  return 0;
#endif
}

Determining if the memcpy exist passed with the following output:
Change Dir: /Users/chenjie/Documents/git/ios-libjpeg/CMakeFiles/CMakeTmp

Run Build Command(s):/usr/bin/make cmTC_3d043/fast 
/Applications/Xcode.app/Contents/Developer/usr/bin/make -f CMakeFiles/cmTC_3d043.dir/build.make CMakeFiles/cmTC_3d043.dir/build
Building C object CMakeFiles/cmTC_3d043.dir/CheckSymbolExists.c.o
/Applications/Xcode.app/Contents/Developer/Toolchains/XcodeDefault.xctoolchain/usr/bin/clang   -Wall -arch arm64 -miphoneos-version-min=7.0 -funwind-tables  -isysroot /Applications/Xcode.app/Contents/Developer/Platforms/iPhoneOS.platform/Developer/SDKs/iPhoneOS.sdk   -o CMakeFiles/cmTC_3d043.dir/CheckSymbolExists.c.o   -c /Users/chenjie/Documents/git/ios-libjpeg/CMakeFiles/CMakeTmp/CheckSymbolExists.c
Linking C executable cmTC_3d043
/usr/local/Cellar/cmake/3.14.1/bin/cmake -E cmake_link_script CMakeFiles/cmTC_3d043.dir/link.txt --verbose=1
/Applications/Xcode.app/Contents/Developer/Toolchains/XcodeDefault.xctoolchain/usr/bin/clang -Wall -arch arm64 -miphoneos-version-min=7.0 -funwind-tables  -isysroot /Applications/Xcode.app/Contents/Developer/Platforms/iPhoneOS.platform/Developer/SDKs/iPhoneOS.sdk -Wl,-headerpad_max_install_names   CMakeFiles/cmTC_3d043.dir/CheckSymbolExists.c.o  -o cmTC_3d043 

File /Users/chenjie/Documents/git/ios-libjpeg/CMakeFiles/CMakeTmp/CheckSymbolExists.c:
/* */
#include <string.h>

int main(int argc, char** argv)
{
  (void)argv;
#ifndef memcpy
  return ((int*)(&memcpy))[argc];
#else
  (void)argc;
  return 0;
#endif
}

Determining size of unsigned char passed with the following output:
Change Dir: /Users/chenjie/Documents/git/ios-libjpeg/CMakeFiles/CMakeTmp

Run Build Command(s):/usr/bin/make cmTC_fffaf/fast 
/Applications/Xcode.app/Contents/Developer/usr/bin/make -f CMakeFiles/cmTC_fffaf.dir/build.make CMakeFiles/cmTC_fffaf.dir/build
Building C object CMakeFiles/cmTC_fffaf.dir/UNSIGNED_CHAR.c.o
/Applications/Xcode.app/Contents/Developer/Toolchains/XcodeDefault.xctoolchain/usr/bin/clang   -Wall -arch arm64 -miphoneos-version-min=7.0 -funwind-tables  -isysroot /Applications/Xcode.app/Contents/Developer/Platforms/iPhoneOS.platform/Developer/SDKs/iPhoneOS.sdk   -o CMakeFiles/cmTC_fffaf.dir/UNSIGNED_CHAR.c.o   -c /Users/chenjie/Documents/git/ios-libjpeg/CMakeFiles/CheckTypeSize/UNSIGNED_CHAR.c
Linking C executable cmTC_fffaf
/usr/local/Cellar/cmake/3.14.1/bin/cmake -E cmake_link_script CMakeFiles/cmTC_fffaf.dir/link.txt --verbose=1
/Applications/Xcode.app/Contents/Developer/Toolchains/XcodeDefault.xctoolchain/usr/bin/clang -Wall -arch arm64 -miphoneos-version-min=7.0 -funwind-tables  -isysroot /Applications/Xcode.app/Contents/Developer/Platforms/iPhoneOS.platform/Developer/SDKs/iPhoneOS.sdk -Wl,-headerpad_max_install_names   CMakeFiles/cmTC_fffaf.dir/UNSIGNED_CHAR.c.o  -o cmTC_fffaf 


Determining size of unsigned short passed with the following output:
Change Dir: /Users/chenjie/Documents/git/ios-libjpeg/CMakeFiles/CMakeTmp

Run Build Command(s):/usr/bin/make cmTC_a8ce3/fast 
/Applications/Xcode.app/Contents/Developer/usr/bin/make -f CMakeFiles/cmTC_a8ce3.dir/build.make CMakeFiles/cmTC_a8ce3.dir/build
Building C object CMakeFiles/cmTC_a8ce3.dir/UNSIGNED_SHORT.c.o
/Applications/Xcode.app/Contents/Developer/Toolchains/XcodeDefault.xctoolchain/usr/bin/clang   -Wall -arch arm64 -miphoneos-version-min=7.0 -funwind-tables  -isysroot /Applications/Xcode.app/Contents/Developer/Platforms/iPhoneOS.platform/Developer/SDKs/iPhoneOS.sdk   -o CMakeFiles/cmTC_a8ce3.dir/UNSIGNED_SHORT.c.o   -c /Users/chenjie/Documents/git/ios-libjpeg/CMakeFiles/CheckTypeSize/UNSIGNED_SHORT.c
Linking C executable cmTC_a8ce3
/usr/local/Cellar/cmake/3.14.1/bin/cmake -E cmake_link_script CMakeFiles/cmTC_a8ce3.dir/link.txt --verbose=1
/Applications/Xcode.app/Contents/Developer/Toolchains/XcodeDefault.xctoolchain/usr/bin/clang -Wall -arch arm64 -miphoneos-version-min=7.0 -funwind-tables  -isysroot /Applications/Xcode.app/Contents/Developer/Platforms/iPhoneOS.platform/Developer/SDKs/iPhoneOS.sdk -Wl,-headerpad_max_install_names   CMakeFiles/cmTC_a8ce3.dir/UNSIGNED_SHORT.c.o  -o cmTC_a8ce3 


Performing C SOURCE FILE Test INCOMPLETE_TYPES succeeded with the following output:
Change Dir: /Users/chenjie/Documents/git/ios-libjpeg/CMakeFiles/CMakeTmp

Run Build Command(s):/usr/bin/make cmTC_dbe65/fast 
/Applications/Xcode.app/Contents/Developer/usr/bin/make -f CMakeFiles/cmTC_dbe65.dir/build.make CMakeFiles/cmTC_dbe65.dir/build
Building C object CMakeFiles/cmTC_dbe65.dir/src.c.o
/Applications/Xcode.app/Contents/Developer/Toolchains/XcodeDefault.xctoolchain/usr/bin/clang   -Wall -arch arm64 -miphoneos-version-min=7.0 -funwind-tables -DINCOMPLETE_TYPES -isysroot /Applications/Xcode.app/Contents/Developer/Platforms/iPhoneOS.platform/Developer/SDKs/iPhoneOS.sdk   -o CMakeFiles/cmTC_dbe65.dir/src.c.o   -c /Users/chenjie/Documents/git/ios-libjpeg/CMakeFiles/CMakeTmp/src.c
Linking C executable cmTC_dbe65
/usr/local/Cellar/cmake/3.14.1/bin/cmake -E cmake_link_script CMakeFiles/cmTC_dbe65.dir/link.txt --verbose=1
/Applications/Xcode.app/Contents/Developer/Toolchains/XcodeDefault.xctoolchain/usr/bin/clang -Wall -arch arm64 -miphoneos-version-min=7.0 -funwind-tables -DINCOMPLETE_TYPES -isysroot /Applications/Xcode.app/Contents/Developer/Platforms/iPhoneOS.platform/Developer/SDKs/iPhoneOS.sdk -Wl,-headerpad_max_install_names   CMakeFiles/cmTC_dbe65.dir/src.c.o  -o cmTC_dbe65 

Source file was:
int main(void) { typedef struct undefined_structure *undef_struct_ptr;  undef_struct_ptr ptr = 0;  return ptr != 0; }
Performing C SOURCE FILE Test INLINE_WORKS succeeded with the following output:
Change Dir: /Users/chenjie/Documents/git/ios-libjpeg/CMakeFiles/CMakeTmp

Run Build Command(s):/usr/bin/make cmTC_457e5/fast 
/Applications/Xcode.app/Contents/Developer/usr/bin/make -f CMakeFiles/cmTC_457e5.dir/build.make CMakeFiles/cmTC_457e5.dir/build
Building C object CMakeFiles/cmTC_457e5.dir/src.c.o
/Applications/Xcode.app/Contents/Developer/Toolchains/XcodeDefault.xctoolchain/usr/bin/clang   -Wall -arch arm64 -miphoneos-version-min=7.0 -funwind-tables -DINLINE_WORKS -isysroot /Applications/Xcode.app/Contents/Developer/Platforms/iPhoneOS.platform/Developer/SDKs/iPhoneOS.sdk   -o CMakeFiles/cmTC_457e5.dir/src.c.o   -c /Users/chenjie/Documents/git/ios-libjpeg/CMakeFiles/CMakeTmp/src.c
Linking C executable cmTC_457e5
/usr/local/Cellar/cmake/3.14.1/bin/cmake -E cmake_link_script CMakeFiles/cmTC_457e5.dir/link.txt --verbose=1
/Applications/Xcode.app/Contents/Developer/Toolchains/XcodeDefault.xctoolchain/usr/bin/clang -Wall -arch arm64 -miphoneos-version-min=7.0 -funwind-tables -DINLINE_WORKS -isysroot /Applications/Xcode.app/Contents/Developer/Platforms/iPhoneOS.platform/Developer/SDKs/iPhoneOS.sdk -Wl,-headerpad_max_install_names   CMakeFiles/cmTC_457e5.dir/src.c.o  -o cmTC_457e5 

Source file was:
__inline__ __attribute__((always_inline)) static int foo(void) { return 0; } int main(void) { return foo(); }
Checking whether the ASM compiler is AppleClang using "--version" matched "(Apple LLVM version)":
Apple LLVM version 10.0.1 (clang-1001.0.46.3)
Target: x86_64-apple-darwin18.2.0
Thread model: posix
InstalledDir: /Applications/Xcode.app/Contents/Developer/Toolchains/XcodeDefault.xctoolchain/usr/bin
