The target system is: Darwin -  - arm
The host system is: Darwin - 18.5.0 - x86_64
Compiling the C compiler identification source file "CMakeCCompilerId.c" succeeded.
Compiler: /Applications/Xcode.app/Contents/Developer/Toolchains/XcodeDefault.xctoolchain/usr/bin/clang 
Build flags: -Wall;-mfloat-abi=softfp;-arch;armv7s;-miphoneos-version-min=6.0
Id flags: -c 

The output was:
0


Compilation of the C compiler identification source "CMakeCCompilerId.c" produced "CMakeCCompilerId.o"

The C compiler identification is AppleClang, found in "/Users/chenjie/Documents/git/ios-libjpeg/ARMv7s/CMakeFiles/3.14.1/CompilerIdC/CMakeCCompilerId.o"

Determining if the C compiler works passed with the following output:
Change Dir: /Users/chenjie/Documents/git/ios-libjpeg/ARMv7s/CMakeFiles/CMakeTmp

Run Build Command(s):/usr/bin/make cmTC_7fff8/fast 
/Library/Developer/CommandLineTools/usr/bin/make -f CMakeFiles/cmTC_7fff8.dir/build.make CMakeFiles/cmTC_7fff8.dir/build
Building C object CMakeFiles/cmTC_7fff8.dir/testCCompiler.c.o
/Applications/Xcode.app/Contents/Developer/Toolchains/XcodeDefault.xctoolchain/usr/bin/clang   -Wall -mfloat-abi=softfp -arch armv7s -miphoneos-version-min=6.0  -isysroot /Applications/Xcode.app/Contents/Developer/Platforms/iPhoneOS.platform/Developer/SDKs/iPhoneOS.sdk   -o CMakeFiles/cmTC_7fff8.dir/testCCompiler.c.o   -c /Users/chenjie/Documents/git/ios-libjpeg/ARMv7s/CMakeFiles/CMakeTmp/testCCompiler.c
Linking C executable cmTC_7fff8
/usr/local/Cellar/cmake/3.14.1/bin/cmake -E cmake_link_script CMakeFiles/cmTC_7fff8.dir/link.txt --verbose=1
/Applications/Xcode.app/Contents/Developer/Toolchains/XcodeDefault.xctoolchain/usr/bin/clang -Wall -mfloat-abi=softfp -arch armv7s -miphoneos-version-min=6.0  -isysroot /Applications/Xcode.app/Contents/Developer/Platforms/iPhoneOS.platform/Developer/SDKs/iPhoneOS.sdk -Wl,-headerpad_max_install_names   CMakeFiles/cmTC_7fff8.dir/testCCompiler.c.o  -o cmTC_7fff8 


Detecting C compiler ABI info compiled with the following output:
Change Dir: /Users/chenjie/Documents/git/ios-libjpeg/ARMv7s/CMakeFiles/CMakeTmp

Run Build Command(s):/usr/bin/make cmTC_03dc3/fast 
/Library/Developer/CommandLineTools/usr/bin/make -f CMakeFiles/cmTC_03dc3.dir/build.make CMakeFiles/cmTC_03dc3.dir/build
Building C object CMakeFiles/cmTC_03dc3.dir/CMakeCCompilerABI.c.o
/Applications/Xcode.app/Contents/Developer/Toolchains/XcodeDefault.xctoolchain/usr/bin/clang   -Wall -mfloat-abi=softfp -arch armv7s -miphoneos-version-min=6.0  -isysroot /Applications/Xcode.app/Contents/Developer/Platforms/iPhoneOS.platform/Developer/SDKs/iPhoneOS.sdk   -v -Wl,-v -o CMakeFiles/cmTC_03dc3.dir/CMakeCCompilerABI.c.o   -c /usr/local/Cellar/cmake/3.14.1/share/cmake/Modules/CMakeCCompilerABI.c
Apple LLVM version 10.0.1 (clang-1001.0.46.3)
Target: arm-apple-darwin18.5.0
Thread model: posix
InstalledDir: /Applications/Xcode.app/Contents/Developer/Toolchains/XcodeDefault.xctoolchain/usr/bin
clang: warning: -Wl,-v: 'linker' input unused [-Wunused-command-line-argument]
 "/Applications/Xcode.app/Contents/Developer/Toolchains/XcodeDefault.xctoolchain/usr/bin/clang" -cc1 -triple thumbv7s-apple-ios6.0.0 -emit-obj -mrelax-all -disable-free -disable-llvm-verifier -discard-value-names -main-file-name CMakeCCompilerABI.c -mrelocation-model pic -pic-level 2 -mthread-model posix -mdisable-fp-elim -fno-strict-return -masm-verbose -faligned-alloc-unavailable -target-cpu swift -target-feature +soft-float-abi -target-abi apcs-gnu -mfloat-abi soft -fallow-half-arguments-and-returns -dwarf-column-info -debugger-tuning=lldb -target-linker-version 450.3 -v -coverage-notes-file /Users/chenjie/Documents/git/ios-libjpeg/ARMv7s/CMakeFiles/CMakeTmp/CMakeFiles/cmTC_03dc3.dir/CMakeCCompilerABI.c.gcno -resource-dir /Applications/Xcode.app/Contents/Developer/Toolchains/XcodeDefault.xctoolchain/usr/lib/clang/10.0.1 -isysroot /Applications/Xcode.app/Contents/Developer/Platforms/iPhoneOS.platform/Developer/SDKs/iPhoneOS.sdk -Wall -Wno-atomic-implicit-seq-cst -Wno-framework-include-private-from-public -Wno-atimport-in-framework-header -Wno-quoted-include-in-framework-header -fdebug-compilation-dir /Users/chenjie/Documents/git/ios-libjpeg/ARMv7s/CMakeFiles/CMakeTmp -ferror-limit 19 -fmessage-length 0 -stack-protector 1 -fblocks -fencode-extended-block-signature -fregister-global-dtors-with-atexit -fobjc-runtime=ios-6.0.0 -fsjlj-exceptions -fmax-type-align=16 -fdiagnostics-show-option -o CMakeFiles/cmTC_03dc3.dir/CMakeCCompilerABI.c.o -x c /usr/local/Cellar/cmake/3.14.1/share/cmake/Modules/CMakeCCompilerABI.c
clang -cc1 version 10.0.1 (clang-1001.0.46.3) default target x86_64-apple-darwin18.5.0
ignoring nonexistent directory "/Applications/Xcode.app/Contents/Developer/Platforms/iPhoneOS.platform/Developer/SDKs/iPhoneOS.sdk/usr/local/include"
ignoring nonexistent directory "/Applications/Xcode.app/Contents/Developer/Platforms/iPhoneOS.platform/Developer/SDKs/iPhoneOS.sdk/Library/Frameworks"
#include "..." search starts here:
#include <...> search starts here:
 /Applications/Xcode.app/Contents/Developer/Toolchains/XcodeDefault.xctoolchain/usr/lib/clang/10.0.1/include
 /Applications/Xcode.app/Contents/Developer/Toolchains/XcodeDefault.xctoolchain/usr/include
 /Applications/Xcode.app/Contents/Developer/Platforms/iPhoneOS.platform/Developer/SDKs/iPhoneOS.sdk/usr/include
 /Applications/Xcode.app/Contents/Developer/Platforms/iPhoneOS.platform/Developer/SDKs/iPhoneOS.sdk/System/Library/Frameworks (framework directory)
End of search list.
Linking C executable cmTC_03dc3
/usr/local/Cellar/cmake/3.14.1/bin/cmake -E cmake_link_script CMakeFiles/cmTC_03dc3.dir/link.txt --verbose=1
/Applications/Xcode.app/Contents/Developer/Toolchains/XcodeDefault.xctoolchain/usr/bin/clang -Wall -mfloat-abi=softfp -arch armv7s -miphoneos-version-min=6.0  -isysroot /Applications/Xcode.app/Contents/Developer/Platforms/iPhoneOS.platform/Developer/SDKs/iPhoneOS.sdk -Wl,-headerpad_max_install_names  -v -Wl,-v CMakeFiles/cmTC_03dc3.dir/CMakeCCompilerABI.c.o  -o cmTC_03dc3 
Apple LLVM version 10.0.1 (clang-1001.0.46.3)
Target: arm-apple-darwin18.5.0
Thread model: posix
InstalledDir: /Applications/Xcode.app/Contents/Developer/Toolchains/XcodeDefault.xctoolchain/usr/bin
 "/Applications/Xcode.app/Contents/Developer/Toolchains/XcodeDefault.xctoolchain/usr/bin/ld" -demangle -lto_library /Applications/Xcode.app/Contents/Developer/Toolchains/XcodeDefault.xctoolchain/usr/lib/libLTO.dylib -dynamic -arch armv7s -iphoneos_version_min 6.0.0 -syslibroot /Applications/Xcode.app/Contents/Developer/Platforms/iPhoneOS.platform/Developer/SDKs/iPhoneOS.sdk -o cmTC_03dc3 -headerpad_max_install_names -v CMakeFiles/cmTC_03dc3.dir/CMakeCCompilerABI.c.o -lSystem /Applications/Xcode.app/Contents/Developer/Toolchains/XcodeDefault.xctoolchain/usr/lib/clang/10.0.1/lib/darwin/libclang_rt.ios.a
@(#)PROGRAM:ld  PROJECT:ld64-450.3
BUILD 18:01:43 Mar 13 2019
configured to support archs: armv6 armv7 armv7s arm64 arm64e arm64_32 i386 x86_64 x86_64h armv6m armv7k armv7m armv7em
Library search paths:
	/Applications/Xcode.app/Contents/Developer/Platforms/iPhoneOS.platform/Developer/SDKs/iPhoneOS.sdk/usr/lib
Framework search paths:
	/Applications/Xcode.app/Contents/Developer/Platforms/iPhoneOS.platform/Developer/SDKs/iPhoneOS.sdk/System/Library/Frameworks/


Parsed C implicit include dir info from above output: rv=done
  found start of include info
  found start of implicit include info
    add: [/Applications/Xcode.app/Contents/Developer/Toolchains/XcodeDefault.xctoolchain/usr/lib/clang/10.0.1/include]
    add: [/Applications/Xcode.app/Contents/Developer/Toolchains/XcodeDefault.xctoolchain/usr/include]
    add: [/Applications/Xcode.app/Contents/Developer/Platforms/iPhoneOS.platform/Developer/SDKs/iPhoneOS.sdk/usr/include]
  end of search list found
  collapse include dir [/Applications/Xcode.app/Contents/Developer/Toolchains/XcodeDefault.xctoolchain/usr/lib/clang/10.0.1/include] ==> [/Applications/Xcode.app/Contents/Developer/Toolchains/XcodeDefault.xctoolchain/usr/lib/clang/10.0.1/include]
  collapse include dir [/Applications/Xcode.app/Contents/Developer/Toolchains/XcodeDefault.xctoolchain/usr/include] ==> [/Applications/Xcode.app/Contents/Developer/Toolchains/XcodeDefault.xctoolchain/usr/include]
  collapse include dir [/Applications/Xcode.app/Contents/Developer/Platforms/iPhoneOS.platform/Developer/SDKs/iPhoneOS.sdk/usr/include] ==> [/Applications/Xcode.app/Contents/Developer/Platforms/iPhoneOS.platform/Developer/SDKs/iPhoneOS.sdk/usr/include]
  implicit include dirs: [/Applications/Xcode.app/Contents/Developer/Toolchains/XcodeDefault.xctoolchain/usr/lib/clang/10.0.1/include;/Applications/Xcode.app/Contents/Developer/Toolchains/XcodeDefault.xctoolchain/usr/include;/Applications/Xcode.app/Contents/Developer/Platforms/iPhoneOS.platform/Developer/SDKs/iPhoneOS.sdk/usr/include]


Parsed C implicit link information from above output:
  link line regex: [^( *|.*[/\])(ld|CMAKE_LINK_STARTFILE-NOTFOUND|([^/\]+-)?ld|collect2)[^/\]*( |$)]
  ignore line: [Change Dir: /Users/chenjie/Documents/git/ios-libjpeg/ARMv7s/CMakeFiles/CMakeTmp]
  ignore line: []
  ignore line: [Run Build Command(s):/usr/bin/make cmTC_03dc3/fast ]
  ignore line: [/Library/Developer/CommandLineTools/usr/bin/make -f CMakeFiles/cmTC_03dc3.dir/build.make CMakeFiles/cmTC_03dc3.dir/build]
  ignore line: [Building C object CMakeFiles/cmTC_03dc3.dir/CMakeCCompilerABI.c.o]
  ignore line: [/Applications/Xcode.app/Contents/Developer/Toolchains/XcodeDefault.xctoolchain/usr/bin/clang   -Wall -mfloat-abi=softfp -arch armv7s -miphoneos-version-min=6.0  -isysroot /Applications/Xcode.app/Contents/Developer/Platforms/iPhoneOS.platform/Developer/SDKs/iPhoneOS.sdk   -v -Wl,-v -o CMakeFiles/cmTC_03dc3.dir/CMakeCCompilerABI.c.o   -c /usr/local/Cellar/cmake/3.14.1/share/cmake/Modules/CMakeCCompilerABI.c]
  ignore line: [Apple LLVM version 10.0.1 (clang-1001.0.46.3)]
  ignore line: [Target: arm-apple-darwin18.5.0]
  ignore line: [Thread model: posix]
  ignore line: [InstalledDir: /Applications/Xcode.app/Contents/Developer/Toolchains/XcodeDefault.xctoolchain/usr/bin]
  ignore line: [clang: warning: -Wl,-v: 'linker' input unused [-Wunused-command-line-argument]]
  ignore line: [ "/Applications/Xcode.app/Contents/Developer/Toolchains/XcodeDefault.xctoolchain/usr/bin/clang" -cc1 -triple thumbv7s-apple-ios6.0.0 -emit-obj -mrelax-all -disable-free -disable-llvm-verifier -discard-value-names -main-file-name CMakeCCompilerABI.c -mrelocation-model pic -pic-level 2 -mthread-model posix -mdisable-fp-elim -fno-strict-return -masm-verbose -faligned-alloc-unavailable -target-cpu swift -target-feature +soft-float-abi -target-abi apcs-gnu -mfloat-abi soft -fallow-half-arguments-and-returns -dwarf-column-info -debugger-tuning=lldb -target-linker-version 450.3 -v -coverage-notes-file /Users/chenjie/Documents/git/ios-libjpeg/ARMv7s/CMakeFiles/CMakeTmp/CMakeFiles/cmTC_03dc3.dir/CMakeCCompilerABI.c.gcno -resource-dir /Applications/Xcode.app/Contents/Developer/Toolchains/XcodeDefault.xctoolchain/usr/lib/clang/10.0.1 -isysroot /Applications/Xcode.app/Contents/Developer/Platforms/iPhoneOS.platform/Developer/SDKs/iPhoneOS.sdk -Wall -Wno-atomic-implicit-seq-cst -Wno-framework-include-private-from-public -Wno-atimport-in-framework-header -Wno-quoted-include-in-framework-header -fdebug-compilation-dir /Users/chenjie/Documents/git/ios-libjpeg/ARMv7s/CMakeFiles/CMakeTmp -ferror-limit 19 -fmessage-length 0 -stack-protector 1 -fblocks -fencode-extended-block-signature -fregister-global-dtors-with-atexit -fobjc-runtime=ios-6.0.0 -fsjlj-exceptions -fmax-type-align=16 -fdiagnostics-show-option -o CMakeFiles/cmTC_03dc3.dir/CMakeCCompilerABI.c.o -x c /usr/local/Cellar/cmake/3.14.1/share/cmake/Modules/CMakeCCompilerABI.c]
  ignore line: [clang -cc1 version 10.0.1 (clang-1001.0.46.3) default target x86_64-apple-darwin18.5.0]
  ignore line: [ignoring nonexistent directory "/Applications/Xcode.app/Contents/Developer/Platforms/iPhoneOS.platform/Developer/SDKs/iPhoneOS.sdk/usr/local/include"]
  ignore line: [ignoring nonexistent directory "/Applications/Xcode.app/Contents/Developer/Platforms/iPhoneOS.platform/Developer/SDKs/iPhoneOS.sdk/Library/Frameworks"]
  ignore line: [#include "..." search starts here:]
  ignore line: [#include <...> search starts here:]
  ignore line: [ /Applications/Xcode.app/Contents/Developer/Toolchains/XcodeDefault.xctoolchain/usr/lib/clang/10.0.1/include]
  ignore line: [ /Applications/Xcode.app/Contents/Developer/Toolchains/XcodeDefault.xctoolchain/usr/include]
  ignore line: [ /Applications/Xcode.app/Contents/Developer/Platforms/iPhoneOS.platform/Developer/SDKs/iPhoneOS.sdk/usr/include]
  ignore line: [ /Applications/Xcode.app/Contents/Developer/Platforms/iPhoneOS.platform/Developer/SDKs/iPhoneOS.sdk/System/Library/Frameworks (framework directory)]
  ignore line: [End of search list.]
  ignore line: [Linking C executable cmTC_03dc3]
  ignore line: [/usr/local/Cellar/cmake/3.14.1/bin/cmake -E cmake_link_script CMakeFiles/cmTC_03dc3.dir/link.txt --verbose=1]
  ignore line: [/Applications/Xcode.app/Contents/Developer/Toolchains/XcodeDefault.xctoolchain/usr/bin/clang -Wall -mfloat-abi=softfp -arch armv7s -miphoneos-version-min=6.0  -isysroot /Applications/Xcode.app/Contents/Developer/Platforms/iPhoneOS.platform/Developer/SDKs/iPhoneOS.sdk -Wl,-headerpad_max_install_names  -v -Wl,-v CMakeFiles/cmTC_03dc3.dir/CMakeCCompilerABI.c.o  -o cmTC_03dc3 ]
  ignore line: [Apple LLVM version 10.0.1 (clang-1001.0.46.3)]
  ignore line: [Target: arm-apple-darwin18.5.0]
  ignore line: [Thread model: posix]
  ignore line: [InstalledDir: /Applications/Xcode.app/Contents/Developer/Toolchains/XcodeDefault.xctoolchain/usr/bin]
  link line: [ "/Applications/Xcode.app/Contents/Developer/Toolchains/XcodeDefault.xctoolchain/usr/bin/ld" -demangle -lto_library /Applications/Xcode.app/Contents/Developer/Toolchains/XcodeDefault.xctoolchain/usr/lib/libLTO.dylib -dynamic -arch armv7s -iphoneos_version_min 6.0.0 -syslibroot /Applications/Xcode.app/Contents/Developer/Platforms/iPhoneOS.platform/Developer/SDKs/iPhoneOS.sdk -o cmTC_03dc3 -headerpad_max_install_names -v CMakeFiles/cmTC_03dc3.dir/CMakeCCompilerABI.c.o -lSystem /Applications/Xcode.app/Contents/Developer/Toolchains/XcodeDefault.xctoolchain/usr/lib/clang/10.0.1/lib/darwin/libclang_rt.ios.a]
    arg [/Applications/Xcode.app/Contents/Developer/Toolchains/XcodeDefault.xctoolchain/usr/bin/ld] ==> ignore
    arg [-demangle] ==> ignore
    arg [-lto_library] ==> ignore, skip following value
    arg [/Applications/Xcode.app/Contents/Developer/Toolchains/XcodeDefault.xctoolchain/usr/lib/libLTO.dylib] ==> skip value of -lto_library
    arg [-dynamic] ==> ignore
    arg [-arch] ==> ignore
    arg [armv7s] ==> ignore
    arg [-iphoneos_version_min] ==> ignore
    arg [6.0.0] ==> ignore
    arg [-syslibroot] ==> ignore
    arg [/Applications/Xcode.app/Contents/Developer/Platforms/iPhoneOS.platform/Developer/SDKs/iPhoneOS.sdk] ==> ignore
    arg [-o] ==> ignore
    arg [cmTC_03dc3] ==> ignore
    arg [-headerpad_max_install_names] ==> ignore
    arg [-v] ==> ignore
    arg [CMakeFiles/cmTC_03dc3.dir/CMakeCCompilerABI.c.o] ==> ignore
    arg [-lSystem] ==> lib [System]
    arg [/Applications/Xcode.app/Contents/Developer/Toolchains/XcodeDefault.xctoolchain/usr/lib/clang/10.0.1/lib/darwin/libclang_rt.ios.a] ==> lib [/Applications/Xcode.app/Contents/Developer/Toolchains/XcodeDefault.xctoolchain/usr/lib/clang/10.0.1/lib/darwin/libclang_rt.ios.a]
  Library search paths: [;/Applications/Xcode.app/Contents/Developer/Platforms/iPhoneOS.platform/Developer/SDKs/iPhoneOS.sdk/usr/lib]
  Framework search paths: [;/Applications/Xcode.app/Contents/Developer/Platforms/iPhoneOS.platform/Developer/SDKs/iPhoneOS.sdk/System/Library/Frameworks/]
  remove lib [System]
  remove lib [/Applications/Xcode.app/Contents/Developer/Toolchains/XcodeDefault.xctoolchain/usr/lib/clang/10.0.1/lib/darwin/libclang_rt.ios.a]
  collapse library dir [/Applications/Xcode.app/Contents/Developer/Platforms/iPhoneOS.platform/Developer/SDKs/iPhoneOS.sdk/usr/lib] ==> [/Applications/Xcode.app/Contents/Developer/Platforms/iPhoneOS.platform/Developer/SDKs/iPhoneOS.sdk/usr/lib]
  collapse framework dir [/Applications/Xcode.app/Contents/Developer/Platforms/iPhoneOS.platform/Developer/SDKs/iPhoneOS.sdk/System/Library/Frameworks/] ==> [/Applications/Xcode.app/Contents/Developer/Platforms/iPhoneOS.platform/Developer/SDKs/iPhoneOS.sdk/System/Library/Frameworks]
  implicit libs: []
  implicit dirs: [/Applications/Xcode.app/Contents/Developer/Platforms/iPhoneOS.platform/Developer/SDKs/iPhoneOS.sdk/usr/lib]
  implicit fwks: [/Applications/Xcode.app/Contents/Developer/Platforms/iPhoneOS.platform/Developer/SDKs/iPhoneOS.sdk/System/Library/Frameworks]




Detecting C [-std=c11] compiler features compiled with the following output:
Change Dir: /Users/chenjie/Documents/git/ios-libjpeg/ARMv7s/CMakeFiles/CMakeTmp

Run Build Command(s):/usr/bin/make cmTC_41035/fast 
/Library/Developer/CommandLineTools/usr/bin/make -f CMakeFiles/cmTC_41035.dir/build.make CMakeFiles/cmTC_41035.dir/build
Building C object CMakeFiles/cmTC_41035.dir/feature_tests.c.o
/Applications/Xcode.app/Contents/Developer/Toolchains/XcodeDefault.xctoolchain/usr/bin/clang   -Wall -mfloat-abi=softfp -arch armv7s -miphoneos-version-min=6.0  -isysroot /Applications/Xcode.app/Contents/Developer/Platforms/iPhoneOS.platform/Developer/SDKs/iPhoneOS.sdk   -std=c11 -o CMakeFiles/cmTC_41035.dir/feature_tests.c.o   -c /Users/chenjie/Documents/git/ios-libjpeg/ARMv7s/CMakeFiles/feature_tests.c
Linking C executable cmTC_41035
/usr/local/Cellar/cmake/3.14.1/bin/cmake -E cmake_link_script CMakeFiles/cmTC_41035.dir/link.txt --verbose=1
/Applications/Xcode.app/Contents/Developer/Toolchains/XcodeDefault.xctoolchain/usr/bin/clang -Wall -mfloat-abi=softfp -arch armv7s -miphoneos-version-min=6.0  -isysroot /Applications/Xcode.app/Contents/Developer/Platforms/iPhoneOS.platform/Developer/SDKs/iPhoneOS.sdk -Wl,-headerpad_max_install_names   CMakeFiles/cmTC_41035.dir/feature_tests.c.o  -o cmTC_41035 


    Feature record: C_FEATURE:1c_function_prototypes
    Feature record: C_FEATURE:1c_restrict
    Feature record: C_FEATURE:1c_static_assert
    Feature record: C_FEATURE:1c_variadic_macros


Detecting C [-std=c99] compiler features compiled with the following output:
Change Dir: /Users/chenjie/Documents/git/ios-libjpeg/ARMv7s/CMakeFiles/CMakeTmp

Run Build Command(s):/usr/bin/make cmTC_fe09c/fast 
/Library/Developer/CommandLineTools/usr/bin/make -f CMakeFiles/cmTC_fe09c.dir/build.make CMakeFiles/cmTC_fe09c.dir/build
Building C object CMakeFiles/cmTC_fe09c.dir/feature_tests.c.o
/Applications/Xcode.app/Contents/Developer/Toolchains/XcodeDefault.xctoolchain/usr/bin/clang   -Wall -mfloat-abi=softfp -arch armv7s -miphoneos-version-min=6.0  -isysroot /Applications/Xcode.app/Contents/Developer/Platforms/iPhoneOS.platform/Developer/SDKs/iPhoneOS.sdk   -std=c99 -o CMakeFiles/cmTC_fe09c.dir/feature_tests.c.o   -c /Users/chenjie/Documents/git/ios-libjpeg/ARMv7s/CMakeFiles/feature_tests.c
Linking C executable cmTC_fe09c
/usr/local/Cellar/cmake/3.14.1/bin/cmake -E cmake_link_script CMakeFiles/cmTC_fe09c.dir/link.txt --verbose=1
/Applications/Xcode.app/Contents/Developer/Toolchains/XcodeDefault.xctoolchain/usr/bin/clang -Wall -mfloat-abi=softfp -arch armv7s -miphoneos-version-min=6.0  -isysroot /Applications/Xcode.app/Contents/Developer/Platforms/iPhoneOS.platform/Developer/SDKs/iPhoneOS.sdk -Wl,-headerpad_max_install_names   CMakeFiles/cmTC_fe09c.dir/feature_tests.c.o  -o cmTC_fe09c 


    Feature record: C_FEATURE:1c_function_prototypes
    Feature record: C_FEATURE:1c_restrict
    Feature record: C_FEATURE:0c_static_assert
    Feature record: C_FEATURE:1c_variadic_macros


Detecting C [-std=c90] compiler features compiled with the following output:
Change Dir: /Users/chenjie/Documents/git/ios-libjpeg/ARMv7s/CMakeFiles/CMakeTmp

Run Build Command(s):/usr/bin/make cmTC_8ccbc/fast 
/Library/Developer/CommandLineTools/usr/bin/make -f CMakeFiles/cmTC_8ccbc.dir/build.make CMakeFiles/cmTC_8ccbc.dir/build
Building C object CMakeFiles/cmTC_8ccbc.dir/feature_tests.c.o
/Applications/Xcode.app/Contents/Developer/Toolchains/XcodeDefault.xctoolchain/usr/bin/clang   -Wall -mfloat-abi=softfp -arch armv7s -miphoneos-version-min=6.0  -isysroot /Applications/Xcode.app/Contents/Developer/Platforms/iPhoneOS.platform/Developer/SDKs/iPhoneOS.sdk   -std=c90 -o CMakeFiles/cmTC_8ccbc.dir/feature_tests.c.o   -c /Users/chenjie/Documents/git/ios-libjpeg/ARMv7s/CMakeFiles/feature_tests.c
Linking C executable cmTC_8ccbc
/usr/local/Cellar/cmake/3.14.1/bin/cmake -E cmake_link_script CMakeFiles/cmTC_8ccbc.dir/link.txt --verbose=1
/Applications/Xcode.app/Contents/Developer/Toolchains/XcodeDefault.xctoolchain/usr/bin/clang -Wall -mfloat-abi=softfp -arch armv7s -miphoneos-version-min=6.0  -isysroot /Applications/Xcode.app/Contents/Developer/Platforms/iPhoneOS.platform/Developer/SDKs/iPhoneOS.sdk -Wl,-headerpad_max_install_names   CMakeFiles/cmTC_8ccbc.dir/feature_tests.c.o  -o cmTC_8ccbc 


    Feature record: C_FEATURE:1c_function_prototypes
    Feature record: C_FEATURE:0c_restrict
    Feature record: C_FEATURE:0c_static_assert
    Feature record: C_FEATURE:0c_variadic_macros
Determining if the include file sys/types.h exists passed with the following output:
Change Dir: /Users/chenjie/Documents/git/ios-libjpeg/ARMv7s/CMakeFiles/CMakeTmp

Run Build Command(s):/usr/bin/make cmTC_71573/fast 
/Library/Developer/CommandLineTools/usr/bin/make -f CMakeFiles/cmTC_71573.dir/build.make CMakeFiles/cmTC_71573.dir/build
Building C object CMakeFiles/cmTC_71573.dir/CheckIncludeFile.c.o
/Applications/Xcode.app/Contents/Developer/Toolchains/XcodeDefault.xctoolchain/usr/bin/clang   -Wall -mfloat-abi=softfp -arch armv7s -miphoneos-version-min=6.0  -isysroot /Applications/Xcode.app/Contents/Developer/Platforms/iPhoneOS.platform/Developer/SDKs/iPhoneOS.sdk   -o CMakeFiles/cmTC_71573.dir/CheckIncludeFile.c.o   -c /Users/chenjie/Documents/git/ios-libjpeg/ARMv7s/CMakeFiles/CMakeTmp/CheckIncludeFile.c
Linking C executable cmTC_71573
/usr/local/Cellar/cmake/3.14.1/bin/cmake -E cmake_link_script CMakeFiles/cmTC_71573.dir/link.txt --verbose=1
/Applications/Xcode.app/Contents/Developer/Toolchains/XcodeDefault.xctoolchain/usr/bin/clang -Wall -mfloat-abi=softfp -arch armv7s -miphoneos-version-min=6.0  -isysroot /Applications/Xcode.app/Contents/Developer/Platforms/iPhoneOS.platform/Developer/SDKs/iPhoneOS.sdk -Wl,-headerpad_max_install_names   CMakeFiles/cmTC_71573.dir/CheckIncludeFile.c.o  -o cmTC_71573 


Determining if the include file stdint.h exists passed with the following output:
Change Dir: /Users/chenjie/Documents/git/ios-libjpeg/ARMv7s/CMakeFiles/CMakeTmp

Run Build Command(s):/usr/bin/make cmTC_a4f05/fast 
/Library/Developer/CommandLineTools/usr/bin/make -f CMakeFiles/cmTC_a4f05.dir/build.make CMakeFiles/cmTC_a4f05.dir/build
Building C object CMakeFiles/cmTC_a4f05.dir/CheckIncludeFile.c.o
/Applications/Xcode.app/Contents/Developer/Toolchains/XcodeDefault.xctoolchain/usr/bin/clang   -Wall -mfloat-abi=softfp -arch armv7s -miphoneos-version-min=6.0  -isysroot /Applications/Xcode.app/Contents/Developer/Platforms/iPhoneOS.platform/Developer/SDKs/iPhoneOS.sdk   -o CMakeFiles/cmTC_a4f05.dir/CheckIncludeFile.c.o   -c /Users/chenjie/Documents/git/ios-libjpeg/ARMv7s/CMakeFiles/CMakeTmp/CheckIncludeFile.c
Linking C executable cmTC_a4f05
/usr/local/Cellar/cmake/3.14.1/bin/cmake -E cmake_link_script CMakeFiles/cmTC_a4f05.dir/link.txt --verbose=1
/Applications/Xcode.app/Contents/Developer/Toolchains/XcodeDefault.xctoolchain/usr/bin/clang -Wall -mfloat-abi=softfp -arch armv7s -miphoneos-version-min=6.0  -isysroot /Applications/Xcode.app/Contents/Developer/Platforms/iPhoneOS.platform/Developer/SDKs/iPhoneOS.sdk -Wl,-headerpad_max_install_names   CMakeFiles/cmTC_a4f05.dir/CheckIncludeFile.c.o  -o cmTC_a4f05 


Determining if the include file stddef.h exists passed with the following output:
Change Dir: /Users/chenjie/Documents/git/ios-libjpeg/ARMv7s/CMakeFiles/CMakeTmp

Run Build Command(s):/usr/bin/make cmTC_fca19/fast 
/Library/Developer/CommandLineTools/usr/bin/make -f CMakeFiles/cmTC_fca19.dir/build.make CMakeFiles/cmTC_fca19.dir/build
Building C object CMakeFiles/cmTC_fca19.dir/CheckIncludeFile.c.o
/Applications/Xcode.app/Contents/Developer/Toolchains/XcodeDefault.xctoolchain/usr/bin/clang   -Wall -mfloat-abi=softfp -arch armv7s -miphoneos-version-min=6.0  -isysroot /Applications/Xcode.app/Contents/Developer/Platforms/iPhoneOS.platform/Developer/SDKs/iPhoneOS.sdk   -o CMakeFiles/cmTC_fca19.dir/CheckIncludeFile.c.o   -c /Users/chenjie/Documents/git/ios-libjpeg/ARMv7s/CMakeFiles/CMakeTmp/CheckIncludeFile.c
Linking C executable cmTC_fca19
/usr/local/Cellar/cmake/3.14.1/bin/cmake -E cmake_link_script CMakeFiles/cmTC_fca19.dir/link.txt --verbose=1
/Applications/Xcode.app/Contents/Developer/Toolchains/XcodeDefault.xctoolchain/usr/bin/clang -Wall -mfloat-abi=softfp -arch armv7s -miphoneos-version-min=6.0  -isysroot /Applications/Xcode.app/Contents/Developer/Platforms/iPhoneOS.platform/Developer/SDKs/iPhoneOS.sdk -Wl,-headerpad_max_install_names   CMakeFiles/cmTC_fca19.dir/CheckIncludeFile.c.o  -o cmTC_fca19 


Determining size of size_t passed with the following output:
Change Dir: /Users/chenjie/Documents/git/ios-libjpeg/ARMv7s/CMakeFiles/CMakeTmp

Run Build Command(s):/usr/bin/make cmTC_d84a1/fast 
/Library/Developer/CommandLineTools/usr/bin/make -f CMakeFiles/cmTC_d84a1.dir/build.make CMakeFiles/cmTC_d84a1.dir/build
Building C object CMakeFiles/cmTC_d84a1.dir/SIZE_T.c.o
/Applications/Xcode.app/Contents/Developer/Toolchains/XcodeDefault.xctoolchain/usr/bin/clang   -Wall -mfloat-abi=softfp -arch armv7s -miphoneos-version-min=6.0  -isysroot /Applications/Xcode.app/Contents/Developer/Platforms/iPhoneOS.platform/Developer/SDKs/iPhoneOS.sdk   -o CMakeFiles/cmTC_d84a1.dir/SIZE_T.c.o   -c /Users/chenjie/Documents/git/ios-libjpeg/ARMv7s/CMakeFiles/CheckTypeSize/SIZE_T.c
Linking C executable cmTC_d84a1
/usr/local/Cellar/cmake/3.14.1/bin/cmake -E cmake_link_script CMakeFiles/cmTC_d84a1.dir/link.txt --verbose=1
/Applications/Xcode.app/Contents/Developer/Toolchains/XcodeDefault.xctoolchain/usr/bin/clang -Wall -mfloat-abi=softfp -arch armv7s -miphoneos-version-min=6.0  -isysroot /Applications/Xcode.app/Contents/Developer/Platforms/iPhoneOS.platform/Developer/SDKs/iPhoneOS.sdk -Wl,-headerpad_max_install_names   CMakeFiles/cmTC_d84a1.dir/SIZE_T.c.o  -o cmTC_d84a1 


Determining size of unsigned long passed with the following output:
Change Dir: /Users/chenjie/Documents/git/ios-libjpeg/ARMv7s/CMakeFiles/CMakeTmp

Run Build Command(s):/usr/bin/make cmTC_7c165/fast 
/Library/Developer/CommandLineTools/usr/bin/make -f CMakeFiles/cmTC_7c165.dir/build.make CMakeFiles/cmTC_7c165.dir/build
Building C object CMakeFiles/cmTC_7c165.dir/UNSIGNED_LONG.c.o
/Applications/Xcode.app/Contents/Developer/Toolchains/XcodeDefault.xctoolchain/usr/bin/clang   -Wall -mfloat-abi=softfp -arch armv7s -miphoneos-version-min=6.0  -isysroot /Applications/Xcode.app/Contents/Developer/Platforms/iPhoneOS.platform/Developer/SDKs/iPhoneOS.sdk   -o CMakeFiles/cmTC_7c165.dir/UNSIGNED_LONG.c.o   -c /Users/chenjie/Documents/git/ios-libjpeg/ARMv7s/CMakeFiles/CheckTypeSize/UNSIGNED_LONG.c
Linking C executable cmTC_7c165
/usr/local/Cellar/cmake/3.14.1/bin/cmake -E cmake_link_script CMakeFiles/cmTC_7c165.dir/link.txt --verbose=1
/Applications/Xcode.app/Contents/Developer/Toolchains/XcodeDefault.xctoolchain/usr/bin/clang -Wall -mfloat-abi=softfp -arch armv7s -miphoneos-version-min=6.0  -isysroot /Applications/Xcode.app/Contents/Developer/Platforms/iPhoneOS.platform/Developer/SDKs/iPhoneOS.sdk -Wl,-headerpad_max_install_names   CMakeFiles/cmTC_7c165.dir/UNSIGNED_LONG.c.o  -o cmTC_7c165 


Performing C SOURCE FILE Test HAVE_BUILTIN_CTZL succeeded with the following output:
Change Dir: /Users/chenjie/Documents/git/ios-libjpeg/ARMv7s/CMakeFiles/CMakeTmp

Run Build Command(s):/usr/bin/make cmTC_81c0c/fast 
/Library/Developer/CommandLineTools/usr/bin/make -f CMakeFiles/cmTC_81c0c.dir/build.make CMakeFiles/cmTC_81c0c.dir/build
Building C object CMakeFiles/cmTC_81c0c.dir/src.c.o
/Applications/Xcode.app/Contents/Developer/Toolchains/XcodeDefault.xctoolchain/usr/bin/clang   -Wall -mfloat-abi=softfp -arch armv7s -miphoneos-version-min=6.0 -DHAVE_BUILTIN_CTZL -isysroot /Applications/Xcode.app/Contents/Developer/Platforms/iPhoneOS.platform/Developer/SDKs/iPhoneOS.sdk   -o CMakeFiles/cmTC_81c0c.dir/src.c.o   -c /Users/chenjie/Documents/git/ios-libjpeg/ARMv7s/CMakeFiles/CMakeTmp/src.c
Linking C executable cmTC_81c0c
/usr/local/Cellar/cmake/3.14.1/bin/cmake -E cmake_link_script CMakeFiles/cmTC_81c0c.dir/link.txt --verbose=1
/Applications/Xcode.app/Contents/Developer/Toolchains/XcodeDefault.xctoolchain/usr/bin/clang -Wall -mfloat-abi=softfp -arch armv7s -miphoneos-version-min=6.0 -DHAVE_BUILTIN_CTZL -isysroot /Applications/Xcode.app/Contents/Developer/Platforms/iPhoneOS.platform/Developer/SDKs/iPhoneOS.sdk -Wl,-headerpad_max_install_names   CMakeFiles/cmTC_81c0c.dir/src.c.o  -o cmTC_81c0c 

Source file was:
int main(int argc, char **argv) { unsigned long a = argc;  return __builtin_ctzl(a); }
Determining if files locale.h exist passed with the following output:
Change Dir: /Users/chenjie/Documents/git/ios-libjpeg/ARMv7s/CMakeFiles/CMakeTmp

Run Build Command(s):/usr/bin/make cmTC_e0749/fast 
/Library/Developer/CommandLineTools/usr/bin/make -f CMakeFiles/cmTC_e0749.dir/build.make CMakeFiles/cmTC_e0749.dir/build
Building C object CMakeFiles/cmTC_e0749.dir/HAVE_LOCALE_H.c.o
/Applications/Xcode.app/Contents/Developer/Toolchains/XcodeDefault.xctoolchain/usr/bin/clang   -Wall -mfloat-abi=softfp -arch armv7s -miphoneos-version-min=6.0  -isysroot /Applications/Xcode.app/Contents/Developer/Platforms/iPhoneOS.platform/Developer/SDKs/iPhoneOS.sdk   -o CMakeFiles/cmTC_e0749.dir/HAVE_LOCALE_H.c.o   -c /Users/chenjie/Documents/git/ios-libjpeg/ARMv7s/CMakeFiles/CheckIncludeFiles/HAVE_LOCALE_H.c
Linking C executable cmTC_e0749
/usr/local/Cellar/cmake/3.14.1/bin/cmake -E cmake_link_script CMakeFiles/cmTC_e0749.dir/link.txt --verbose=1
/Applications/Xcode.app/Contents/Developer/Toolchains/XcodeDefault.xctoolchain/usr/bin/clang -Wall -mfloat-abi=softfp -arch armv7s -miphoneos-version-min=6.0  -isysroot /Applications/Xcode.app/Contents/Developer/Platforms/iPhoneOS.platform/Developer/SDKs/iPhoneOS.sdk -Wl,-headerpad_max_install_names   CMakeFiles/cmTC_e0749.dir/HAVE_LOCALE_H.c.o  -o cmTC_e0749 


Determining if files stdlib.h exist passed with the following output:
Change Dir: /Users/chenjie/Documents/git/ios-libjpeg/ARMv7s/CMakeFiles/CMakeTmp

Run Build Command(s):/usr/bin/make cmTC_be6e2/fast 
/Library/Developer/CommandLineTools/usr/bin/make -f CMakeFiles/cmTC_be6e2.dir/build.make CMakeFiles/cmTC_be6e2.dir/build
Building C object CMakeFiles/cmTC_be6e2.dir/HAVE_STDLIB_H.c.o
/Applications/Xcode.app/Contents/Developer/Toolchains/XcodeDefault.xctoolchain/usr/bin/clang   -Wall -mfloat-abi=softfp -arch armv7s -miphoneos-version-min=6.0  -isysroot /Applications/Xcode.app/Contents/Developer/Platforms/iPhoneOS.platform/Developer/SDKs/iPhoneOS.sdk   -o CMakeFiles/cmTC_be6e2.dir/HAVE_STDLIB_H.c.o   -c /Users/chenjie/Documents/git/ios-libjpeg/ARMv7s/CMakeFiles/CheckIncludeFiles/HAVE_STDLIB_H.c
Linking C executable cmTC_be6e2
/usr/local/Cellar/cmake/3.14.1/bin/cmake -E cmake_link_script CMakeFiles/cmTC_be6e2.dir/link.txt --verbose=1
/Applications/Xcode.app/Contents/Developer/Toolchains/XcodeDefault.xctoolchain/usr/bin/clang -Wall -mfloat-abi=softfp -arch armv7s -miphoneos-version-min=6.0  -isysroot /Applications/Xcode.app/Contents/Developer/Platforms/iPhoneOS.platform/Developer/SDKs/iPhoneOS.sdk -Wl,-headerpad_max_install_names   CMakeFiles/cmTC_be6e2.dir/HAVE_STDLIB_H.c.o  -o cmTC_be6e2 


Determining if files sys/types.h exist passed with the following output:
Change Dir: /Users/chenjie/Documents/git/ios-libjpeg/ARMv7s/CMakeFiles/CMakeTmp

Run Build Command(s):/usr/bin/make cmTC_13316/fast 
/Library/Developer/CommandLineTools/usr/bin/make -f CMakeFiles/cmTC_13316.dir/build.make CMakeFiles/cmTC_13316.dir/build
Building C object CMakeFiles/cmTC_13316.dir/NEED_SYS_TYPES_H.c.o
/Applications/Xcode.app/Contents/Developer/Toolchains/XcodeDefault.xctoolchain/usr/bin/clang   -Wall -mfloat-abi=softfp -arch armv7s -miphoneos-version-min=6.0  -isysroot /Applications/Xcode.app/Contents/Developer/Platforms/iPhoneOS.platform/Developer/SDKs/iPhoneOS.sdk   -o CMakeFiles/cmTC_13316.dir/NEED_SYS_TYPES_H.c.o   -c /Users/chenjie/Documents/git/ios-libjpeg/ARMv7s/CMakeFiles/CheckIncludeFiles/NEED_SYS_TYPES_H.c
Linking C executable cmTC_13316
/usr/local/Cellar/cmake/3.14.1/bin/cmake -E cmake_link_script CMakeFiles/cmTC_13316.dir/link.txt --verbose=1
/Applications/Xcode.app/Contents/Developer/Toolchains/XcodeDefault.xctoolchain/usr/bin/clang -Wall -mfloat-abi=softfp -arch armv7s -miphoneos-version-min=6.0  -isysroot /Applications/Xcode.app/Contents/Developer/Platforms/iPhoneOS.platform/Developer/SDKs/iPhoneOS.sdk -Wl,-headerpad_max_install_names   CMakeFiles/cmTC_13316.dir/NEED_SYS_TYPES_H.c.o  -o cmTC_13316 


Determining if the memset exist passed with the following output:
Change Dir: /Users/chenjie/Documents/git/ios-libjpeg/ARMv7s/CMakeFiles/CMakeTmp

Run Build Command(s):/usr/bin/make cmTC_c56d6/fast 
/Library/Developer/CommandLineTools/usr/bin/make -f CMakeFiles/cmTC_c56d6.dir/build.make CMakeFiles/cmTC_c56d6.dir/build
Building C object CMakeFiles/cmTC_c56d6.dir/CheckSymbolExists.c.o
/Applications/Xcode.app/Contents/Developer/Toolchains/XcodeDefault.xctoolchain/usr/bin/clang   -Wall -mfloat-abi=softfp -arch armv7s -miphoneos-version-min=6.0  -isysroot /Applications/Xcode.app/Contents/Developer/Platforms/iPhoneOS.platform/Developer/SDKs/iPhoneOS.sdk   -o CMakeFiles/cmTC_c56d6.dir/CheckSymbolExists.c.o   -c /Users/chenjie/Documents/git/ios-libjpeg/ARMv7s/CMakeFiles/CMakeTmp/CheckSymbolExists.c
Linking C executable cmTC_c56d6
/usr/local/Cellar/cmake/3.14.1/bin/cmake -E cmake_link_script CMakeFiles/cmTC_c56d6.dir/link.txt --verbose=1
/Applications/Xcode.app/Contents/Developer/Toolchains/XcodeDefault.xctoolchain/usr/bin/clang -Wall -mfloat-abi=softfp -arch armv7s -miphoneos-version-min=6.0  -isysroot /Applications/Xcode.app/Contents/Developer/Platforms/iPhoneOS.platform/Developer/SDKs/iPhoneOS.sdk -Wl,-headerpad_max_install_names   CMakeFiles/cmTC_c56d6.dir/CheckSymbolExists.c.o  -o cmTC_c56d6 

File /Users/chenjie/Documents/git/ios-libjpeg/ARMv7s/CMakeFiles/CMakeTmp/CheckSymbolExists.c:
/* */
#include <string.h>

int main(int argc, char** argv)
{
  (void)argv;
#ifndef memset
  return ((int*)(&memset))[argc];
#else
  (void)argc;
  return 0;
#endif
}

Determining if the memcpy exist passed with the following output:
Change Dir: /Users/chenjie/Documents/git/ios-libjpeg/ARMv7s/CMakeFiles/CMakeTmp

Run Build Command(s):/usr/bin/make cmTC_76c49/fast 
/Library/Developer/CommandLineTools/usr/bin/make -f CMakeFiles/cmTC_76c49.dir/build.make CMakeFiles/cmTC_76c49.dir/build
Building C object CMakeFiles/cmTC_76c49.dir/CheckSymbolExists.c.o
/Applications/Xcode.app/Contents/Developer/Toolchains/XcodeDefault.xctoolchain/usr/bin/clang   -Wall -mfloat-abi=softfp -arch armv7s -miphoneos-version-min=6.0  -isysroot /Applications/Xcode.app/Contents/Developer/Platforms/iPhoneOS.platform/Developer/SDKs/iPhoneOS.sdk   -o CMakeFiles/cmTC_76c49.dir/CheckSymbolExists.c.o   -c /Users/chenjie/Documents/git/ios-libjpeg/ARMv7s/CMakeFiles/CMakeTmp/CheckSymbolExists.c
Linking C executable cmTC_76c49
/usr/local/Cellar/cmake/3.14.1/bin/cmake -E cmake_link_script CMakeFiles/cmTC_76c49.dir/link.txt --verbose=1
/Applications/Xcode.app/Contents/Developer/Toolchains/XcodeDefault.xctoolchain/usr/bin/clang -Wall -mfloat-abi=softfp -arch armv7s -miphoneos-version-min=6.0  -isysroot /Applications/Xcode.app/Contents/Developer/Platforms/iPhoneOS.platform/Developer/SDKs/iPhoneOS.sdk -Wl,-headerpad_max_install_names   CMakeFiles/cmTC_76c49.dir/CheckSymbolExists.c.o  -o cmTC_76c49 

File /Users/chenjie/Documents/git/ios-libjpeg/ARMv7s/CMakeFiles/CMakeTmp/CheckSymbolExists.c:
/* */
#include <string.h>

int main(int argc, char** argv)
{
  (void)argv;
#ifndef memcpy
  return ((int*)(&memcpy))[argc];
#else
  (void)argc;
  return 0;
#endif
}

Determining size of unsigned char passed with the following output:
Change Dir: /Users/chenjie/Documents/git/ios-libjpeg/ARMv7s/CMakeFiles/CMakeTmp

Run Build Command(s):/usr/bin/make cmTC_77817/fast 
/Library/Developer/CommandLineTools/usr/bin/make -f CMakeFiles/cmTC_77817.dir/build.make CMakeFiles/cmTC_77817.dir/build
Building C object CMakeFiles/cmTC_77817.dir/UNSIGNED_CHAR.c.o
/Applications/Xcode.app/Contents/Developer/Toolchains/XcodeDefault.xctoolchain/usr/bin/clang   -Wall -mfloat-abi=softfp -arch armv7s -miphoneos-version-min=6.0  -isysroot /Applications/Xcode.app/Contents/Developer/Platforms/iPhoneOS.platform/Developer/SDKs/iPhoneOS.sdk   -o CMakeFiles/cmTC_77817.dir/UNSIGNED_CHAR.c.o   -c /Users/chenjie/Documents/git/ios-libjpeg/ARMv7s/CMakeFiles/CheckTypeSize/UNSIGNED_CHAR.c
Linking C executable cmTC_77817
/usr/local/Cellar/cmake/3.14.1/bin/cmake -E cmake_link_script CMakeFiles/cmTC_77817.dir/link.txt --verbose=1
/Applications/Xcode.app/Contents/Developer/Toolchains/XcodeDefault.xctoolchain/usr/bin/clang -Wall -mfloat-abi=softfp -arch armv7s -miphoneos-version-min=6.0  -isysroot /Applications/Xcode.app/Contents/Developer/Platforms/iPhoneOS.platform/Developer/SDKs/iPhoneOS.sdk -Wl,-headerpad_max_install_names   CMakeFiles/cmTC_77817.dir/UNSIGNED_CHAR.c.o  -o cmTC_77817 


Determining size of unsigned short passed with the following output:
Change Dir: /Users/chenjie/Documents/git/ios-libjpeg/ARMv7s/CMakeFiles/CMakeTmp

Run Build Command(s):/usr/bin/make cmTC_f66e7/fast 
/Library/Developer/CommandLineTools/usr/bin/make -f CMakeFiles/cmTC_f66e7.dir/build.make CMakeFiles/cmTC_f66e7.dir/build
Building C object CMakeFiles/cmTC_f66e7.dir/UNSIGNED_SHORT.c.o
/Applications/Xcode.app/Contents/Developer/Toolchains/XcodeDefault.xctoolchain/usr/bin/clang   -Wall -mfloat-abi=softfp -arch armv7s -miphoneos-version-min=6.0  -isysroot /Applications/Xcode.app/Contents/Developer/Platforms/iPhoneOS.platform/Developer/SDKs/iPhoneOS.sdk   -o CMakeFiles/cmTC_f66e7.dir/UNSIGNED_SHORT.c.o   -c /Users/chenjie/Documents/git/ios-libjpeg/ARMv7s/CMakeFiles/CheckTypeSize/UNSIGNED_SHORT.c
Linking C executable cmTC_f66e7
/usr/local/Cellar/cmake/3.14.1/bin/cmake -E cmake_link_script CMakeFiles/cmTC_f66e7.dir/link.txt --verbose=1
/Applications/Xcode.app/Contents/Developer/Toolchains/XcodeDefault.xctoolchain/usr/bin/clang -Wall -mfloat-abi=softfp -arch armv7s -miphoneos-version-min=6.0  -isysroot /Applications/Xcode.app/Contents/Developer/Platforms/iPhoneOS.platform/Developer/SDKs/iPhoneOS.sdk -Wl,-headerpad_max_install_names   CMakeFiles/cmTC_f66e7.dir/UNSIGNED_SHORT.c.o  -o cmTC_f66e7 


Performing C SOURCE FILE Test INCOMPLETE_TYPES succeeded with the following output:
Change Dir: /Users/chenjie/Documents/git/ios-libjpeg/ARMv7s/CMakeFiles/CMakeTmp

Run Build Command(s):/usr/bin/make cmTC_697dd/fast 
/Library/Developer/CommandLineTools/usr/bin/make -f CMakeFiles/cmTC_697dd.dir/build.make CMakeFiles/cmTC_697dd.dir/build
Building C object CMakeFiles/cmTC_697dd.dir/src.c.o
/Applications/Xcode.app/Contents/Developer/Toolchains/XcodeDefault.xctoolchain/usr/bin/clang   -Wall -mfloat-abi=softfp -arch armv7s -miphoneos-version-min=6.0 -DINCOMPLETE_TYPES -isysroot /Applications/Xcode.app/Contents/Developer/Platforms/iPhoneOS.platform/Developer/SDKs/iPhoneOS.sdk   -o CMakeFiles/cmTC_697dd.dir/src.c.o   -c /Users/chenjie/Documents/git/ios-libjpeg/ARMv7s/CMakeFiles/CMakeTmp/src.c
Linking C executable cmTC_697dd
/usr/local/Cellar/cmake/3.14.1/bin/cmake -E cmake_link_script CMakeFiles/cmTC_697dd.dir/link.txt --verbose=1
/Applications/Xcode.app/Contents/Developer/Toolchains/XcodeDefault.xctoolchain/usr/bin/clang -Wall -mfloat-abi=softfp -arch armv7s -miphoneos-version-min=6.0 -DINCOMPLETE_TYPES -isysroot /Applications/Xcode.app/Contents/Developer/Platforms/iPhoneOS.platform/Developer/SDKs/iPhoneOS.sdk -Wl,-headerpad_max_install_names   CMakeFiles/cmTC_697dd.dir/src.c.o  -o cmTC_697dd 

Source file was:
int main(void) { typedef struct undefined_structure *undef_struct_ptr;  undef_struct_ptr ptr = 0;  return ptr != 0; }
Performing C SOURCE FILE Test INLINE_WORKS succeeded with the following output:
Change Dir: /Users/chenjie/Documents/git/ios-libjpeg/ARMv7s/CMakeFiles/CMakeTmp

Run Build Command(s):/usr/bin/make cmTC_dcb59/fast 
/Library/Developer/CommandLineTools/usr/bin/make -f CMakeFiles/cmTC_dcb59.dir/build.make CMakeFiles/cmTC_dcb59.dir/build
Building C object CMakeFiles/cmTC_dcb59.dir/src.c.o
/Applications/Xcode.app/Contents/Developer/Toolchains/XcodeDefault.xctoolchain/usr/bin/clang   -Wall -mfloat-abi=softfp -arch armv7s -miphoneos-version-min=6.0 -DINLINE_WORKS -isysroot /Applications/Xcode.app/Contents/Developer/Platforms/iPhoneOS.platform/Developer/SDKs/iPhoneOS.sdk   -o CMakeFiles/cmTC_dcb59.dir/src.c.o   -c /Users/chenjie/Documents/git/ios-libjpeg/ARMv7s/CMakeFiles/CMakeTmp/src.c
Linking C executable cmTC_dcb59
/usr/local/Cellar/cmake/3.14.1/bin/cmake -E cmake_link_script CMakeFiles/cmTC_dcb59.dir/link.txt --verbose=1
/Applications/Xcode.app/Contents/Developer/Toolchains/XcodeDefault.xctoolchain/usr/bin/clang -Wall -mfloat-abi=softfp -arch armv7s -miphoneos-version-min=6.0 -DINLINE_WORKS -isysroot /Applications/Xcode.app/Contents/Developer/Platforms/iPhoneOS.platform/Developer/SDKs/iPhoneOS.sdk -Wl,-headerpad_max_install_names   CMakeFiles/cmTC_dcb59.dir/src.c.o  -o cmTC_dcb59 

Source file was:
__inline__ __attribute__((always_inline)) static int foo(void) { return 0; } int main(void) { return foo(); }
Checking whether the ASM compiler is AppleClang using "--version" matched "(Apple LLVM version)":
Apple LLVM version 10.0.1 (clang-1001.0.46.3)
Target: x86_64-apple-darwin18.5.0
Thread model: posix
InstalledDir: /Applications/Xcode.app/Contents/Developer/Toolchains/XcodeDefault.xctoolchain/usr/bin
